### Created with wevtutil qe security /f:text > 504_File_Access.txt###

Event[0]:
  Log Name: Security
  Source: Microsoft-Windows-Eventlog
  Date: 2013-07-11T07:39:50.141
  Event ID: 1102
  Task: Log clear
  Level: Information
  Opcode: Info
  Keyword: Audit Success
  User: N/A
  User Name: N/A
  Computer: META2008R2.target.tgt
  Description: 
The audit log was cleared.
Subject:
	Security ID:	S-1-5-21-656491628-4158127674-1157389670-500
	Account Name:	Administrator
	Domain Name:	TARGET
	Logon ID:	0x2c161

Event[1]:
  Log Name: Security
  Source: Microsoft-Windows-Security-Auditing
  Date: 2013-07-11T07:39:51.239
  Event ID: 4634
  Task: Logoff
  Level: Information
  Opcode: Info
  Keyword: Audit Success
  User: N/A
  User Name: N/A
  Computer: META2008R2.target.tgt
  Description: 
An account was logged off.

Subject:
	Security ID:		S-1-5-18
	Account Name:		META2008R2$
	Account Domain:		TARGET
	Logon ID:		0x477cb21

Logon Type:			3

This event is generated when a logon session is destroyed. It may be positively correlated with a logon event using the Logon ID value. Logon IDs are only unique between reboots on the same computer.

Event[2]:
  Log Name: Security
  Source: Microsoft-Windows-Security-Auditing
  Date: 2013-07-11T07:39:53.249
  Event ID: 5145
  Task: Detailed File Share
  Level: Information
  Opcode: Info
  Keyword: Audit Success
  User: N/A
  User Name: N/A
  Computer: META2008R2.target.tgt
  Description: 
A network share object was checked to see whether client can be granted desired access.
	
Subject:
	Security ID:		S-1-5-21-656491628-4158127674-1157389670-1355
	Account Name:		jwinters
	Account Domain:		TARGET
	Logon ID:		0x469259d

Network Information:	
	Object Type:		File
	Source Address:		10.12.1.135
	Source Port:		2677
	
Share Information:
	Share Name:		\\*\SharedFiles
	Share Path:		\??\C:\SharedFiles
	Relative Target Name:	Christmas

Access Request Information:
	Access Mask:		0x80
	Accesses:		ReadAttributes
				
Access Check Results:
	ReadAttributes:	Granted by	D:(A;OICI;FA;;;WD)
				


Event[3]:
  Log Name: Security
  Source: Microsoft-Windows-Security-Auditing
  Date: 2013-07-11T07:39:53.249
  Event ID: 4656
  Task: File System
  Level: Information
  Opcode: Info
  Keyword: Audit Success
  User: N/A
  User Name: N/A
  Computer: META2008R2.target.tgt
  Description: 
A handle to an object was requested.

Subject:
	Security ID:		S-1-5-21-656491628-4158127674-1157389670-1355
	Account Name:		jwinters
	Account Domain:		TARGET
	Logon ID:		0x469259d

Object:
	Object Server:		Security
	Object Type:		File
	Object Name:		C:\SharedFiles\Christmas
	Handle ID:		0xbd0

Process Information:
	Process ID:		0x4
	Process Name:		

Access Request Information:
	Transaction ID:		{00000000-0000-0000-0000-000000000000}
	Accesses:		ReadAttributes
				
	Access Reasons:		ReadAttributes:	Granted by	D:(A;OICIID;FA;;;WD)
				
	Access Mask:		0x80
	Privileges Used for Access Check:	-
	Restricted SID Count:	0

Event[4]:
  Log Name: Security
  Source: Microsoft-Windows-Security-Auditing
  Date: 2013-07-11T07:39:53.249
  Event ID: 4663
  Task: File System
  Level: Information
  Opcode: Info
  Keyword: Audit Success
  User: N/A
  User Name: N/A
  Computer: META2008R2.target.tgt
  Description: 
An attempt was made to access an object.

Subject:
	Security ID:		S-1-5-21-656491628-4158127674-1157389670-1355
	Account Name:		jwinters
	Account Domain:		TARGET
	Logon ID:		0x469259d

Object:
	Object Server:	Security
	Object Type:	File
	Object Name:	C:\SharedFiles\Christmas
	Handle ID:	0xbd0

Process Information:
	Process ID:	0x4
	Process Name:	

Access Request Information:
	Accesses:	ReadAttributes
				
	Access Mask:	0x80

Event[5]:
  Log Name: Security
  Source: Microsoft-Windows-Security-Auditing
  Date: 2013-07-11T07:39:53.249
  Event ID: 4658
  Task: File System
  Level: Information
  Opcode: Info
  Keyword: Audit Success
  User: N/A
  User Name: N/A
  Computer: META2008R2.target.tgt
  Description: 
The handle to an object was closed.

Subject :
	Security ID:		S-1-5-21-656491628-4158127674-1157389670-1355
	Account Name:		jwinters
	Account Domain:		TARGET
	Logon ID:		0x469259d

Object:
	Object Server:		Security
	Handle ID:		0xbd0

Process Information:
	Process ID:		0x4
	Process Name:		

Event[6]:
  Log Name: Security
  Source: Microsoft-Windows-Security-Auditing
  Date: 2013-07-11T07:39:53.250
  Event ID: 5145
  Task: Detailed File Share
  Level: Information
  Opcode: Info
  Keyword: Audit Success
  User: N/A
  User Name: N/A
  Computer: META2008R2.target.tgt
  Description: 
A network share object was checked to see whether client can be granted desired access.
	
Subject:
	Security ID:		S-1-5-21-656491628-4158127674-1157389670-1355
	Account Name:		jwinters
	Account Domain:		TARGET
	Logon ID:		0x469259d

Network Information:	
	Object Type:		File
	Source Address:		10.12.1.135
	Source Port:		2677
	
Share Information:
	Share Name:		\\*\SharedFiles
	Share Path:		\??\C:\SharedFiles
	Relative Target Name:	Christmas

Access Request Information:
	Access Mask:		0x80
	Accesses:		ReadAttributes
				
Access Check Results:
	ReadAttributes:	Granted by	D:(A;OICI;FA;;;WD)
				


Event[7]:
  Log Name: Security
  Source: Microsoft-Windows-Security-Auditing
  Date: 2013-07-11T07:39:53.250
  Event ID: 4656
  Task: File System
  Level: Information
  Opcode: Info
  Keyword: Audit Success
  User: N/A
  User Name: N/A
  Computer: META2008R2.target.tgt
  Description: 
A handle to an object was requested.

Subject:
	Security ID:		S-1-5-21-656491628-4158127674-1157389670-1355
	Account Name:		jwinters
	Account Domain:		TARGET
	Logon ID:		0x469259d

Object:
	Object Server:		Security
	Object Type:		File
	Object Name:		C:\SharedFiles\Christmas
	Handle ID:		0xbd0

Process Information:
	Process ID:		0x4
	Process Name:		

Access Request Information:
	Transaction ID:		{00000000-0000-0000-0000-000000000000}
	Accesses:		ReadAttributes
				
	Access Reasons:		ReadAttributes:	Granted by	D:(A;OICIID;FA;;;WD)
				
	Access Mask:		0x80
	Privileges Used for Access Check:	-
	Restricted SID Count:	0

Event[8]:
  Log Name: Security
  Source: Microsoft-Windows-Security-Auditing
  Date: 2013-07-11T07:39:53.250
  Event ID: 4663
  Task: File System
  Level: Information
  Opcode: Info
  Keyword: Audit Success
  User: N/A
  User Name: N/A
  Computer: META2008R2.target.tgt
  Description: 
An attempt was made to access an object.

Subject:
	Security ID:		S-1-5-21-656491628-4158127674-1157389670-1355
	Account Name:		jwinters
	Account Domain:		TARGET
	Logon ID:		0x469259d

Object:
	Object Server:	Security
	Object Type:	File
	Object Name:	C:\SharedFiles\Christmas
	Handle ID:	0xbd0

Process Information:
	Process ID:	0x4
	Process Name:	

Access Request Information:
	Accesses:	ReadAttributes
				
	Access Mask:	0x80

Event[9]:
  Log Name: Security
  Source: Microsoft-Windows-Security-Auditing
  Date: 2013-07-11T07:39:53.250
  Event ID: 4658
  Task: File System
  Level: Information
  Opcode: Info
  Keyword: Audit Success
  User: N/A
  User Name: N/A
  Computer: META2008R2.target.tgt
  Description: 
The handle to an object was closed.

Subject :
	Security ID:		S-1-5-21-656491628-4158127674-1157389670-1355
	Account Name:		jwinters
	Account Domain:		TARGET
	Logon ID:		0x469259d

Object:
	Object Server:		Security
	Handle ID:		0xbd0

Process Information:
	Process ID:		0x4
	Process Name:		

Event[10]:
  Log Name: Security
  Source: Microsoft-Windows-Security-Auditing
  Date: 2013-07-11T07:39:53.250
  Event ID: 5145
  Task: Detailed File Share
  Level: Information
  Opcode: Info
  Keyword: Audit Success
  User: N/A
  User Name: N/A
  Computer: META2008R2.target.tgt
  Description: 
A network share object was checked to see whether client can be granted desired access.
	
Subject:
	Security ID:		S-1-5-21-656491628-4158127674-1157389670-1355
	Account Name:		jwinters
	Account Domain:		TARGET
	Logon ID:		0x469259d

Network Information:	
	Object Type:		File
	Source Address:		10.12.1.135
	Source Port:		2677
	
Share Information:
	Share Name:		\\*\SharedFiles
	Share Path:		\??\C:\SharedFiles
	Relative Target Name:	DBOut

Access Request Information:
	Access Mask:		0x80
	Accesses:		ReadAttributes
				
Access Check Results:
	ReadAttributes:	Granted by	D:(A;OICI;FA;;;WD)
				


Event[11]:
  Log Name: Security
  Source: Microsoft-Windows-Security-Auditing
  Date: 2013-07-11T07:39:53.250
  Event ID: 4656
  Task: File System
  Level: Information
  Opcode: Info
  Keyword: Audit Success
  User: N/A
  User Name: N/A
  Computer: META2008R2.target.tgt
  Description: 
A handle to an object was requested.

Subject:
	Security ID:		S-1-5-21-656491628-4158127674-1157389670-1355
	Account Name:		jwinters
	Account Domain:		TARGET
	Logon ID:		0x469259d

Object:
	Object Server:		Security
	Object Type:		File
	Object Name:		C:\SharedFiles\DBOut
	Handle ID:		0xbd0

Process Information:
	Process ID:		0x4
	Process Name:		

Access Request Information:
	Transaction ID:		{00000000-0000-0000-0000-000000000000}
	Accesses:		ReadAttributes
				
	Access Reasons:		ReadAttributes:	Granted by	D:(A;OICIID;FA;;;WD)
				
	Access Mask:		0x80
	Privileges Used for Access Check:	-
	Restricted SID Count:	0

Event[12]:
  Log Name: Security
  Source: Microsoft-Windows-Security-Auditing
  Date: 2013-07-11T07:39:53.250
  Event ID: 4663
  Task: File System
  Level: Information
  Opcode: Info
  Keyword: Audit Success
  User: N/A
  User Name: N/A
  Computer: META2008R2.target.tgt
  Description: 
An attempt was made to access an object.

Subject:
	Security ID:		S-1-5-21-656491628-4158127674-1157389670-1355
	Account Name:		jwinters
	Account Domain:		TARGET
	Logon ID:		0x469259d

Object:
	Object Server:	Security
	Object Type:	File
	Object Name:	C:\SharedFiles\DBOut
	Handle ID:	0xbd0

Process Information:
	Process ID:	0x4
	Process Name:	

Access Request Information:
	Accesses:	ReadAttributes
				
	Access Mask:	0x80

Event[13]:
  Log Name: Security
  Source: Microsoft-Windows-Security-Auditing
  Date: 2013-07-11T07:39:53.250
  Event ID: 4658
  Task: File System
  Level: Information
  Opcode: Info
  Keyword: Audit Success
  User: N/A
  User Name: N/A
  Computer: META2008R2.target.tgt
  Description: 
The handle to an object was closed.

Subject :
	Security ID:		S-1-5-21-656491628-4158127674-1157389670-1355
	Account Name:		jwinters
	Account Domain:		TARGET
	Logon ID:		0x469259d

Object:
	Object Server:		Security
	Handle ID:		0xbd0

Process Information:
	Process ID:		0x4
	Process Name:		

Event[14]:
  Log Name: Security
  Source: Microsoft-Windows-Security-Auditing
  Date: 2013-07-11T07:39:53.251
  Event ID: 5145
  Task: Detailed File Share
  Level: Information
  Opcode: Info
  Keyword: Audit Success
  User: N/A
  User Name: N/A
  Computer: META2008R2.target.tgt
  Description: 
A network share object was checked to see whether client can be granted desired access.
	
Subject:
	Security ID:		S-1-5-21-656491628-4158127674-1157389670-1355
	Account Name:		jwinters
	Account Domain:		TARGET
	Logon ID:		0x469259d

Network Information:	
	Object Type:		File
	Source Address:		10.12.1.135
	Source Port:		2677
	
Share Information:
	Share Name:		\\*\SharedFiles
	Share Path:		\??\C:\SharedFiles
	Relative Target Name:	Christmas

Access Request Information:
	Access Mask:		0x80
	Accesses:		ReadAttributes
				
Access Check Results:
	ReadAttributes:	Granted by	D:(A;OICI;FA;;;WD)
				


Event[15]:
  Log Name: Security
  Source: Microsoft-Windows-Security-Auditing
  Date: 2013-07-11T07:39:53.251
  Event ID: 4656
  Task: File System
  Level: Information
  Opcode: Info
  Keyword: Audit Success
  User: N/A
  User Name: N/A
  Computer: META2008R2.target.tgt
  Description: 
A handle to an object was requested.

Subject:
	Security ID:		S-1-5-21-656491628-4158127674-1157389670-1355
	Account Name:		jwinters
	Account Domain:		TARGET
	Logon ID:		0x469259d

Object:
	Object Server:		Security
	Object Type:		File
	Object Name:		C:\SharedFiles\Christmas
	Handle ID:		0xbd0

Process Information:
	Process ID:		0x4
	Process Name:		

Access Request Information:
	Transaction ID:		{00000000-0000-0000-0000-000000000000}
	Accesses:		ReadAttributes
				
	Access Reasons:		ReadAttributes:	Granted by	D:(A;OICIID;FA;;;WD)
				
	Access Mask:		0x80
	Privileges Used for Access Check:	-
	Restricted SID Count:	0

Event[16]:
  Log Name: Security
  Source: Microsoft-Windows-Security-Auditing
  Date: 2013-07-11T07:39:53.251
  Event ID: 4663
  Task: File System
  Level: Information
  Opcode: Info
  Keyword: Audit Success
  User: N/A
  User Name: N/A
  Computer: META2008R2.target.tgt
  Description: 
An attempt was made to access an object.

Subject:
	Security ID:		S-1-5-21-656491628-4158127674-1157389670-1355
	Account Name:		jwinters
	Account Domain:		TARGET
	Logon ID:		0x469259d

Object:
	Object Server:	Security
	Object Type:	File
	Object Name:	C:\SharedFiles\Christmas
	Handle ID:	0xbd0

Process Information:
	Process ID:	0x4
	Process Name:	

Access Request Information:
	Accesses:	ReadAttributes
				
	Access Mask:	0x80

Event[17]:
  Log Name: Security
  Source: Microsoft-Windows-Security-Auditing
  Date: 2013-07-11T07:39:53.251
  Event ID: 4658
  Task: File System
  Level: Information
  Opcode: Info
  Keyword: Audit Success
  User: N/A
  User Name: N/A
  Computer: META2008R2.target.tgt
  Description: 
The handle to an object was closed.

Subject :
	Security ID:		S-1-5-21-656491628-4158127674-1157389670-1355
	Account Name:		jwinters
	Account Domain:		TARGET
	Logon ID:		0x469259d

Object:
	Object Server:		Security
	Handle ID:		0xbd0

Process Information:
	Process ID:		0x4
	Process Name:		

Event[18]:
  Log Name: Security
  Source: Microsoft-Windows-Security-Auditing
  Date: 2013-07-11T07:39:53.252
  Event ID: 5145
  Task: Detailed File Share
  Level: Information
  Opcode: Info
  Keyword: Audit Success
  User: N/A
  User Name: N/A
  Computer: META2008R2.target.tgt
  Description: 
A network share object was checked to see whether client can be granted desired access.
	
Subject:
	Security ID:		S-1-5-21-656491628-4158127674-1157389670-1355
	Account Name:		jwinters
	Account Domain:		TARGET
	Logon ID:		0x469259d

Network Information:	
	Object Type:		File
	Source Address:		10.12.1.135
	Source Port:		2677
	
Share Information:
	Share Name:		\\*\SharedFiles
	Share Path:		\??\C:\SharedFiles
	Relative Target Name:	Christmas

Access Request Information:
	Access Mask:		0x80
	Accesses:		ReadAttributes
				
Access Check Results:
	ReadAttributes:	Granted by	D:(A;OICI;FA;;;WD)
				


Event[19]:
  Log Name: Security
  Source: Microsoft-Windows-Security-Auditing
  Date: 2013-07-11T07:39:53.252
  Event ID: 4656
  Task: File System
  Level: Information
  Opcode: Info
  Keyword: Audit Success
  User: N/A
  User Name: N/A
  Computer: META2008R2.target.tgt
  Description: 
A handle to an object was requested.

Subject:
	Security ID:		S-1-5-21-656491628-4158127674-1157389670-1355
	Account Name:		jwinters
	Account Domain:		TARGET
	Logon ID:		0x469259d

Object:
	Object Server:		Security
	Object Type:		File
	Object Name:		C:\SharedFiles\Christmas
	Handle ID:		0xbd0

Process Information:
	Process ID:		0x4
	Process Name:		

Access Request Information:
	Transaction ID:		{00000000-0000-0000-0000-000000000000}
	Accesses:		ReadAttributes
				
	Access Reasons:		ReadAttributes:	Granted by	D:(A;OICIID;FA;;;WD)
				
	Access Mask:		0x80
	Privileges Used for Access Check:	-
	Restricted SID Count:	0

Event[20]:
  Log Name: Security
  Source: Microsoft-Windows-Security-Auditing
  Date: 2013-07-11T07:39:53.252
  Event ID: 4663
  Task: File System
  Level: Information
  Opcode: Info
  Keyword: Audit Success
  User: N/A
  User Name: N/A
  Computer: META2008R2.target.tgt
  Description: 
An attempt was made to access an object.

Subject:
	Security ID:		S-1-5-21-656491628-4158127674-1157389670-1355
	Account Name:		jwinters
	Account Domain:		TARGET
	Logon ID:		0x469259d

Object:
	Object Server:	Security
	Object Type:	File
	Object Name:	C:\SharedFiles\Christmas
	Handle ID:	0xbd0

Process Information:
	Process ID:	0x4
	Process Name:	

Access Request Information:
	Accesses:	ReadAttributes
				
	Access Mask:	0x80

Event[21]:
  Log Name: Security
  Source: Microsoft-Windows-Security-Auditing
  Date: 2013-07-11T07:39:53.252
  Event ID: 4658
  Task: File System
  Level: Information
  Opcode: Info
  Keyword: Audit Success
  User: N/A
  User Name: N/A
  Computer: META2008R2.target.tgt
  Description: 
The handle to an object was closed.

Subject :
	Security ID:		S-1-5-21-656491628-4158127674-1157389670-1355
	Account Name:		jwinters
	Account Domain:		TARGET
	Logon ID:		0x469259d

Object:
	Object Server:		Security
	Handle ID:		0xbd0

Process Information:
	Process ID:		0x4
	Process Name:		

Event[22]:
  Log Name: Security
  Source: Microsoft-Windows-Security-Auditing
  Date: 2013-07-11T07:39:53.252
  Event ID: 5145
  Task: Detailed File Share
  Level: Information
  Opcode: Info
  Keyword: Audit Success
  User: N/A
  User Name: N/A
  Computer: META2008R2.target.tgt
  Description: 
A network share object was checked to see whether client can be granted desired access.
	
Subject:
	Security ID:		S-1-5-21-656491628-4158127674-1157389670-1355
	Account Name:		jwinters
	Account Domain:		TARGET
	Logon ID:		0x469259d

Network Information:	
	Object Type:		File
	Source Address:		10.12.1.135
	Source Port:		2677
	
Share Information:
	Share Name:		\\*\SharedFiles
	Share Path:		\??\C:\SharedFiles
	Relative Target Name:	DBOut

Access Request Information:
	Access Mask:		0x80
	Accesses:		ReadAttributes
				
Access Check Results:
	ReadAttributes:	Granted by	D:(A;OICI;FA;;;WD)
				


Event[23]:
  Log Name: Security
  Source: Microsoft-Windows-Security-Auditing
  Date: 2013-07-11T07:39:53.252
  Event ID: 4656
  Task: File System
  Level: Information
  Opcode: Info
  Keyword: Audit Success
  User: N/A
  User Name: N/A
  Computer: META2008R2.target.tgt
  Description: 
A handle to an object was requested.

Subject:
	Security ID:		S-1-5-21-656491628-4158127674-1157389670-1355
	Account Name:		jwinters
	Account Domain:		TARGET
	Logon ID:		0x469259d

Object:
	Object Server:		Security
	Object Type:		File
	Object Name:		C:\SharedFiles\DBOut
	Handle ID:		0xbd0

Process Information:
	Process ID:		0x4
	Process Name:		

Access Request Information:
	Transaction ID:		{00000000-0000-0000-0000-000000000000}
	Accesses:		ReadAttributes
				
	Access Reasons:		ReadAttributes:	Granted by	D:(A;OICIID;FA;;;WD)
				
	Access Mask:		0x80
	Privileges Used for Access Check:	-
	Restricted SID Count:	0

Event[24]:
  Log Name: Security
  Source: Microsoft-Windows-Security-Auditing
  Date: 2013-07-11T07:39:53.252
  Event ID: 4663
  Task: File System
  Level: Information
  Opcode: Info
  Keyword: Audit Success
  User: N/A
  User Name: N/A
  Computer: META2008R2.target.tgt
  Description: 
An attempt was made to access an object.

Subject:
	Security ID:		S-1-5-21-656491628-4158127674-1157389670-1355
	Account Name:		jwinters
	Account Domain:		TARGET
	Logon ID:		0x469259d

Object:
	Object Server:	Security
	Object Type:	File
	Object Name:	C:\SharedFiles\DBOut
	Handle ID:	0xbd0

Process Information:
	Process ID:	0x4
	Process Name:	

Access Request Information:
	Accesses:	ReadAttributes
				
	Access Mask:	0x80

Event[25]:
  Log Name: Security
  Source: Microsoft-Windows-Security-Auditing
  Date: 2013-07-11T07:39:53.252
  Event ID: 4658
  Task: File System
  Level: Information
  Opcode: Info
  Keyword: Audit Success
  User: N/A
  User Name: N/A
  Computer: META2008R2.target.tgt
  Description: 
The handle to an object was closed.

Subject :
	Security ID:		S-1-5-21-656491628-4158127674-1157389670-1355
	Account Name:		jwinters
	Account Domain:		TARGET
	Logon ID:		0x469259d

Object:
	Object Server:		Security
	Handle ID:		0xbd0

Process Information:
	Process ID:		0x4
	Process Name:		

Event[26]:
  Log Name: Security
  Source: Microsoft-Windows-Security-Auditing
  Date: 2013-07-11T07:39:53.253
  Event ID: 5145
  Task: Detailed File Share
  Level: Information
  Opcode: Info
  Keyword: Audit Success
  User: N/A
  User Name: N/A
  Computer: META2008R2.target.tgt
  Description: 
A network share object was checked to see whether client can be granted desired access.
	
Subject:
	Security ID:		S-1-5-21-656491628-4158127674-1157389670-1355
	Account Name:		jwinters
	Account Domain:		TARGET
	Logon ID:		0x469259d

Network Information:	
	Object Type:		File
	Source Address:		10.12.1.135
	Source Port:		2677
	
Share Information:
	Share Name:		\\*\SharedFiles
	Share Path:		\??\C:\SharedFiles
	Relative Target Name:	Christmas

Access Request Information:
	Access Mask:		0x80
	Accesses:		ReadAttributes
				
Access Check Results:
	ReadAttributes:	Granted by	D:(A;OICI;FA;;;WD)
				


Event[27]:
  Log Name: Security
  Source: Microsoft-Windows-Security-Auditing
  Date: 2013-07-11T07:39:53.253
  Event ID: 4656
  Task: File System
  Level: Information
  Opcode: Info
  Keyword: Audit Success
  User: N/A
  User Name: N/A
  Computer: META2008R2.target.tgt
  Description: 
A handle to an object was requested.

Subject:
	Security ID:		S-1-5-21-656491628-4158127674-1157389670-1355
	Account Name:		jwinters
	Account Domain:		TARGET
	Logon ID:		0x469259d

Object:
	Object Server:		Security
	Object Type:		File
	Object Name:		C:\SharedFiles\Christmas
	Handle ID:		0xbd0

Process Information:
	Process ID:		0x4
	Process Name:		

Access Request Information:
	Transaction ID:		{00000000-0000-0000-0000-000000000000}
	Accesses:		ReadAttributes
				
	Access Reasons:		ReadAttributes:	Granted by	D:(A;OICIID;FA;;;WD)
				
	Access Mask:		0x80
	Privileges Used for Access Check:	-
	Restricted SID Count:	0

Event[28]:
  Log Name: Security
  Source: Microsoft-Windows-Security-Auditing
  Date: 2013-07-11T07:39:53.253
  Event ID: 4663
  Task: File System
  Level: Information
  Opcode: Info
  Keyword: Audit Success
  User: N/A
  User Name: N/A
  Computer: META2008R2.target.tgt
  Description: 
An attempt was made to access an object.

Subject:
	Security ID:		S-1-5-21-656491628-4158127674-1157389670-1355
	Account Name:		jwinters
	Account Domain:		TARGET
	Logon ID:		0x469259d

Object:
	Object Server:	Security
	Object Type:	File
	Object Name:	C:\SharedFiles\Christmas
	Handle ID:	0xbd0

Process Information:
	Process ID:	0x4
	Process Name:	

Access Request Information:
	Accesses:	ReadAttributes
				
	Access Mask:	0x80

Event[29]:
  Log Name: Security
  Source: Microsoft-Windows-Security-Auditing
  Date: 2013-07-11T07:39:53.253
  Event ID: 4658
  Task: File System
  Level: Information
  Opcode: Info
  Keyword: Audit Success
  User: N/A
  User Name: N/A
  Computer: META2008R2.target.tgt
  Description: 
The handle to an object was closed.

Subject :
	Security ID:		S-1-5-21-656491628-4158127674-1157389670-1355
	Account Name:		jwinters
	Account Domain:		TARGET
	Logon ID:		0x469259d

Object:
	Object Server:		Security
	Handle ID:		0xbd0

Process Information:
	Process ID:		0x4
	Process Name:		

Event[30]:
  Log Name: Security
  Source: Microsoft-Windows-Security-Auditing
  Date: 2013-07-11T07:39:53.253
  Event ID: 5145
  Task: Detailed File Share
  Level: Information
  Opcode: Info
  Keyword: Audit Success
  User: N/A
  User Name: N/A
  Computer: META2008R2.target.tgt
  Description: 
A network share object was checked to see whether client can be granted desired access.
	
Subject:
	Security ID:		S-1-5-21-656491628-4158127674-1157389670-1355
	Account Name:		jwinters
	Account Domain:		TARGET
	Logon ID:		0x469259d

Network Information:	
	Object Type:		File
	Source Address:		10.12.1.135
	Source Port:		2677
	
Share Information:
	Share Name:		\\*\SharedFiles
	Share Path:		\??\C:\SharedFiles
	Relative Target Name:	Christmas

Access Request Information:
	Access Mask:		0x80
	Accesses:		ReadAttributes
				
Access Check Results:
	ReadAttributes:	Granted by	D:(A;OICI;FA;;;WD)
				


Event[31]:
  Log Name: Security
  Source: Microsoft-Windows-Security-Auditing
  Date: 2013-07-11T07:39:53.253
  Event ID: 4656
  Task: File System
  Level: Information
  Opcode: Info
  Keyword: Audit Success
  User: N/A
  User Name: N/A
  Computer: META2008R2.target.tgt
  Description: 
A handle to an object was requested.

Subject:
	Security ID:		S-1-5-21-656491628-4158127674-1157389670-1355
	Account Name:		jwinters
	Account Domain:		TARGET
	Logon ID:		0x469259d

Object:
	Object Server:		Security
	Object Type:		File
	Object Name:		C:\SharedFiles\Christmas
	Handle ID:		0xbd0

Process Information:
	Process ID:		0x4
	Process Name:		

Access Request Information:
	Transaction ID:		{00000000-0000-0000-0000-000000000000}
	Accesses:		ReadAttributes
				
	Access Reasons:		ReadAttributes:	Granted by	D:(A;OICIID;FA;;;WD)
				
	Access Mask:		0x80
	Privileges Used for Access Check:	-
	Restricted SID Count:	0

Event[32]:
  Log Name: Security
  Source: Microsoft-Windows-Security-Auditing
  Date: 2013-07-11T07:39:53.253
  Event ID: 4663
  Task: File System
  Level: Information
  Opcode: Info
  Keyword: Audit Success
  User: N/A
  User Name: N/A
  Computer: META2008R2.target.tgt
  Description: 
An attempt was made to access an object.

Subject:
	Security ID:		S-1-5-21-656491628-4158127674-1157389670-1355
	Account Name:		jwinters
	Account Domain:		TARGET
	Logon ID:		0x469259d

Object:
	Object Server:	Security
	Object Type:	File
	Object Name:	C:\SharedFiles\Christmas
	Handle ID:	0xbd0

Process Information:
	Process ID:	0x4
	Process Name:	

Access Request Information:
	Accesses:	ReadAttributes
				
	Access Mask:	0x80

Event[33]:
  Log Name: Security
  Source: Microsoft-Windows-Security-Auditing
  Date: 2013-07-11T07:39:53.253
  Event ID: 4658
  Task: File System
  Level: Information
  Opcode: Info
  Keyword: Audit Success
  User: N/A
  User Name: N/A
  Computer: META2008R2.target.tgt
  Description: 
The handle to an object was closed.

Subject :
	Security ID:		S-1-5-21-656491628-4158127674-1157389670-1355
	Account Name:		jwinters
	Account Domain:		TARGET
	Logon ID:		0x469259d

Object:
	Object Server:		Security
	Handle ID:		0xbd0

Process Information:
	Process ID:		0x4
	Process Name:		

Event[34]:
  Log Name: Security
  Source: Microsoft-Windows-Security-Auditing
  Date: 2013-07-11T07:39:53.254
  Event ID: 5145
  Task: Detailed File Share
  Level: Information
  Opcode: Info
  Keyword: Audit Success
  User: N/A
  User Name: N/A
  Computer: META2008R2.target.tgt
  Description: 
A network share object was checked to see whether client can be granted desired access.
	
Subject:
	Security ID:		S-1-5-21-656491628-4158127674-1157389670-1355
	Account Name:		jwinters
	Account Domain:		TARGET
	Logon ID:		0x469259d

Network Information:	
	Object Type:		File
	Source Address:		10.12.1.135
	Source Port:		2677
	
Share Information:
	Share Name:		\\*\SharedFiles
	Share Path:		\??\C:\SharedFiles
	Relative Target Name:	DBOut

Access Request Information:
	Access Mask:		0x80
	Accesses:		ReadAttributes
				
Access Check Results:
	ReadAttributes:	Granted by	D:(A;OICI;FA;;;WD)
				


Event[35]:
  Log Name: Security
  Source: Microsoft-Windows-Security-Auditing
  Date: 2013-07-11T07:39:53.254
  Event ID: 4656
  Task: File System
  Level: Information
  Opcode: Info
  Keyword: Audit Success
  User: N/A
  User Name: N/A
  Computer: META2008R2.target.tgt
  Description: 
A handle to an object was requested.

Subject:
	Security ID:		S-1-5-21-656491628-4158127674-1157389670-1355
	Account Name:		jwinters
	Account Domain:		TARGET
	Logon ID:		0x469259d

Object:
	Object Server:		Security
	Object Type:		File
	Object Name:		C:\SharedFiles\DBOut
	Handle ID:		0xbd0

Process Information:
	Process ID:		0x4
	Process Name:		

Access Request Information:
	Transaction ID:		{00000000-0000-0000-0000-000000000000}
	Accesses:		ReadAttributes
				
	Access Reasons:		ReadAttributes:	Granted by	D:(A;OICIID;FA;;;WD)
				
	Access Mask:		0x80
	Privileges Used for Access Check:	-
	Restricted SID Count:	0

Event[36]:
  Log Name: Security
  Source: Microsoft-Windows-Security-Auditing
  Date: 2013-07-11T07:39:53.254
  Event ID: 4663
  Task: File System
  Level: Information
  Opcode: Info
  Keyword: Audit Success
  User: N/A
  User Name: N/A
  Computer: META2008R2.target.tgt
  Description: 
An attempt was made to access an object.

Subject:
	Security ID:		S-1-5-21-656491628-4158127674-1157389670-1355
	Account Name:		jwinters
	Account Domain:		TARGET
	Logon ID:		0x469259d

Object:
	Object Server:	Security
	Object Type:	File
	Object Name:	C:\SharedFiles\DBOut
	Handle ID:	0xbd0

Process Information:
	Process ID:	0x4
	Process Name:	

Access Request Information:
	Accesses:	ReadAttributes
				
	Access Mask:	0x80

Event[37]:
  Log Name: Security
  Source: Microsoft-Windows-Security-Auditing
  Date: 2013-07-11T07:39:53.254
  Event ID: 4658
  Task: File System
  Level: Information
  Opcode: Info
  Keyword: Audit Success
  User: N/A
  User Name: N/A
  Computer: META2008R2.target.tgt
  Description: 
The handle to an object was closed.

Subject :
	Security ID:		S-1-5-21-656491628-4158127674-1157389670-1355
	Account Name:		jwinters
	Account Domain:		TARGET
	Logon ID:		0x469259d

Object:
	Object Server:		Security
	Handle ID:		0xbd0

Process Information:
	Process ID:		0x4
	Process Name:		

Event[38]:
  Log Name: Security
  Source: Microsoft-Windows-Security-Auditing
  Date: 2013-07-11T07:39:53.256
  Event ID: 5145
  Task: Detailed File Share
  Level: Information
  Opcode: Info
  Keyword: Audit Success
  User: N/A
  User Name: N/A
  Computer: META2008R2.target.tgt
  Description: 
A network share object was checked to see whether client can be granted desired access.
	
Subject:
	Security ID:		S-1-5-21-656491628-4158127674-1157389670-1355
	Account Name:		jwinters
	Account Domain:		TARGET
	Logon ID:		0x469259d

Network Information:	
	Object Type:		File
	Source Address:		10.12.1.135
	Source Port:		2677
	
Share Information:
	Share Name:		\\*\SharedFiles
	Share Path:		\??\C:\SharedFiles
	Relative Target Name:	\

Access Request Information:
	Access Mask:		0x80
	Accesses:		ReadAttributes
				
Access Check Results:
	ReadAttributes:	Granted by	D:(A;OICI;FA;;;WD)
				


Event[39]:
  Log Name: Security
  Source: Microsoft-Windows-Security-Auditing
  Date: 2013-07-11T07:39:53.256
  Event ID: 4656
  Task: File System
  Level: Information
  Opcode: Info
  Keyword: Audit Success
  User: N/A
  User Name: N/A
  Computer: META2008R2.target.tgt
  Description: 
A handle to an object was requested.

Subject:
	Security ID:		S-1-5-21-656491628-4158127674-1157389670-1355
	Account Name:		jwinters
	Account Domain:		TARGET
	Logon ID:		0x469259d

Object:
	Object Server:		Security
	Object Type:		File
	Object Name:		C:\SharedFiles
	Handle ID:		0xbd0

Process Information:
	Process ID:		0x4
	Process Name:		

Access Request Information:
	Transaction ID:		{00000000-0000-0000-0000-000000000000}
	Accesses:		ReadAttributes
				
	Access Reasons:		ReadAttributes:	Granted by	D:(A;OICI;FA;;;WD)
				
	Access Mask:		0x80
	Privileges Used for Access Check:	-
	Restricted SID Count:	0

Event[40]:
  Log Name: Security
  Source: Microsoft-Windows-Security-Auditing
  Date: 2013-07-11T07:39:53.256
  Event ID: 4663
  Task: File System
  Level: Information
  Opcode: Info
  Keyword: Audit Success
  User: N/A
  User Name: N/A
  Computer: META2008R2.target.tgt
  Description: 
An attempt was made to access an object.

Subject:
	Security ID:		S-1-5-21-656491628-4158127674-1157389670-1355
	Account Name:		jwinters
	Account Domain:		TARGET
	Logon ID:		0x469259d

Object:
	Object Server:	Security
	Object Type:	File
	Object Name:	C:\SharedFiles
	Handle ID:	0xbd0

Process Information:
	Process ID:	0x4
	Process Name:	

Access Request Information:
	Accesses:	ReadAttributes
				
	Access Mask:	0x80

Event[41]:
  Log Name: Security
  Source: Microsoft-Windows-Security-Auditing
  Date: 2013-07-11T07:39:53.256
  Event ID: 4658
  Task: File System
  Level: Information
  Opcode: Info
  Keyword: Audit Success
  User: N/A
  User Name: N/A
  Computer: META2008R2.target.tgt
  Description: 
The handle to an object was closed.

Subject :
	Security ID:		S-1-5-21-656491628-4158127674-1157389670-1355
	Account Name:		jwinters
	Account Domain:		TARGET
	Logon ID:		0x469259d

Object:
	Object Server:		Security
	Handle ID:		0xbd0

Process Information:
	Process ID:		0x4
	Process Name:		

Event[42]:
  Log Name: Security
  Source: Microsoft-Windows-Security-Auditing
  Date: 2013-07-11T07:39:53.256
  Event ID: 5145
  Task: Detailed File Share
  Level: Information
  Opcode: Info
  Keyword: Audit Success
  User: N/A
  User Name: N/A
  Computer: META2008R2.target.tgt
  Description: 
A network share object was checked to see whether client can be granted desired access.
	
Subject:
	Security ID:		S-1-5-21-656491628-4158127674-1157389670-1355
	Account Name:		jwinters
	Account Domain:		TARGET
	Logon ID:		0x469259d

Network Information:	
	Object Type:		File
	Source Address:		10.12.1.135
	Source Port:		2677
	
Share Information:
	Share Name:		\\*\SharedFiles
	Share Path:		\??\C:\SharedFiles
	Relative Target Name:	\

Access Request Information:
	Access Mask:		0x1
	Accesses:		ReadData (or ListDirectory)
				
Access Check Results:
	ReadData (or ListDirectory):	Granted by	D:(A;OICI;FA;;;WD)
				


Event[43]:
  Log Name: Security
  Source: Microsoft-Windows-Security-Auditing
  Date: 2013-07-11T07:39:53.257
  Event ID: 5145
  Task: Detailed File Share
  Level: Information
  Opcode: Info
  Keyword: Audit Success
  User: N/A
  User Name: N/A
  Computer: META2008R2.target.tgt
  Description: 
A network share object was checked to see whether client can be granted desired access.
	
Subject:
	Security ID:		S-1-5-21-656491628-4158127674-1157389670-1355
	Account Name:		jwinters
	Account Domain:		TARGET
	Logon ID:		0x469259d

Network Information:	
	Object Type:		File
	Source Address:		10.12.1.135
	Source Port:		2677
	
Share Information:
	Share Name:		\\*\SharedFiles
	Share Path:		\??\C:\SharedFiles
	Relative Target Name:	Christmas

Access Request Information:
	Access Mask:		0x80
	Accesses:		ReadAttributes
				
Access Check Results:
	ReadAttributes:	Granted by	D:(A;OICI;FA;;;WD)
				


Event[44]:
  Log Name: Security
  Source: Microsoft-Windows-Security-Auditing
  Date: 2013-07-11T07:39:53.257
  Event ID: 4656
  Task: File System
  Level: Information
  Opcode: Info
  Keyword: Audit Success
  User: N/A
  User Name: N/A
  Computer: META2008R2.target.tgt
  Description: 
A handle to an object was requested.

Subject:
	Security ID:		S-1-5-21-656491628-4158127674-1157389670-1355
	Account Name:		jwinters
	Account Domain:		TARGET
	Logon ID:		0x469259d

Object:
	Object Server:		Security
	Object Type:		File
	Object Name:		C:\SharedFiles\Christmas
	Handle ID:		0xbd0

Process Information:
	Process ID:		0x4
	Process Name:		

Access Request Information:
	Transaction ID:		{00000000-0000-0000-0000-000000000000}
	Accesses:		ReadAttributes
				
	Access Reasons:		ReadAttributes:	Granted by	D:(A;OICIID;FA;;;WD)
				
	Access Mask:		0x80
	Privileges Used for Access Check:	-
	Restricted SID Count:	0

Event[45]:
  Log Name: Security
  Source: Microsoft-Windows-Security-Auditing
  Date: 2013-07-11T07:39:53.257
  Event ID: 4663
  Task: File System
  Level: Information
  Opcode: Info
  Keyword: Audit Success
  User: N/A
  User Name: N/A
  Computer: META2008R2.target.tgt
  Description: 
An attempt was made to access an object.

Subject:
	Security ID:		S-1-5-21-656491628-4158127674-1157389670-1355
	Account Name:		jwinters
	Account Domain:		TARGET
	Logon ID:		0x469259d

Object:
	Object Server:	Security
	Object Type:	File
	Object Name:	C:\SharedFiles\Christmas
	Handle ID:	0xbd0

Process Information:
	Process ID:	0x4
	Process Name:	

Access Request Information:
	Accesses:	ReadAttributes
				
	Access Mask:	0x80

Event[46]:
  Log Name: Security
  Source: Microsoft-Windows-Security-Auditing
  Date: 2013-07-11T07:39:53.257
  Event ID: 4658
  Task: File System
  Level: Information
  Opcode: Info
  Keyword: Audit Success
  User: N/A
  User Name: N/A
  Computer: META2008R2.target.tgt
  Description: 
The handle to an object was closed.

Subject :
	Security ID:		S-1-5-21-656491628-4158127674-1157389670-1355
	Account Name:		jwinters
	Account Domain:		TARGET
	Logon ID:		0x469259d

Object:
	Object Server:		Security
	Handle ID:		0xbd0

Process Information:
	Process ID:		0x4
	Process Name:		

Event[47]:
  Log Name: Security
  Source: Microsoft-Windows-Security-Auditing
  Date: 2013-07-11T07:39:53.257
  Event ID: 5145
  Task: Detailed File Share
  Level: Information
  Opcode: Info
  Keyword: Audit Success
  User: N/A
  User Name: N/A
  Computer: META2008R2.target.tgt
  Description: 
A network share object was checked to see whether client can be granted desired access.
	
Subject:
	Security ID:		S-1-5-21-656491628-4158127674-1157389670-1355
	Account Name:		jwinters
	Account Domain:		TARGET
	Logon ID:		0x469259d

Network Information:	
	Object Type:		File
	Source Address:		10.12.1.135
	Source Port:		2677
	
Share Information:
	Share Name:		\\*\SharedFiles
	Share Path:		\??\C:\SharedFiles
	Relative Target Name:	Christmas

Access Request Information:
	Access Mask:		0x1
	Accesses:		ReadData (or ListDirectory)
				
Access Check Results:
	ReadData (or ListDirectory):	Granted by	D:(A;OICI;FA;;;WD)
				


Event[48]:
  Log Name: Security
  Source: Microsoft-Windows-Security-Auditing
  Date: 2013-07-11T07:39:53.258
  Event ID: 5145
  Task: Detailed File Share
  Level: Information
  Opcode: Info
  Keyword: Audit Success
  User: N/A
  User Name: N/A
  Computer: META2008R2.target.tgt
  Description: 
A network share object was checked to see whether client can be granted desired access.
	
Subject:
	Security ID:		S-1-5-21-656491628-4158127674-1157389670-1355
	Account Name:		jwinters
	Account Domain:		TARGET
	Logon ID:		0x469259d

Network Information:	
	Object Type:		File
	Source Address:		10.12.1.135
	Source Port:		2677
	
Share Information:
	Share Name:		\\*\SharedFiles
	Share Path:		\??\C:\SharedFiles
	Relative Target Name:	\

Access Request Information:
	Access Mask:		0x80
	Accesses:		ReadAttributes
				
Access Check Results:
	ReadAttributes:	Granted by	D:(A;OICI;FA;;;WD)
				


Event[49]:
  Log Name: Security
  Source: Microsoft-Windows-Security-Auditing
  Date: 2013-07-11T07:39:53.258
  Event ID: 4656
  Task: File System
  Level: Information
  Opcode: Info
  Keyword: Audit Success
  User: N/A
  User Name: N/A
  Computer: META2008R2.target.tgt
  Description: 
A handle to an object was requested.

Subject:
	Security ID:		S-1-5-21-656491628-4158127674-1157389670-1355
	Account Name:		jwinters
	Account Domain:		TARGET
	Logon ID:		0x469259d

Object:
	Object Server:		Security
	Object Type:		File
	Object Name:		C:\SharedFiles
	Handle ID:		0xbd0

Process Information:
	Process ID:		0x4
	Process Name:		

Access Request Information:
	Transaction ID:		{00000000-0000-0000-0000-000000000000}
	Accesses:		ReadAttributes
				
	Access Reasons:		ReadAttributes:	Granted by	D:(A;OICI;FA;;;WD)
				
	Access Mask:		0x80
	Privileges Used for Access Check:	-
	Restricted SID Count:	0

Event[50]:
  Log Name: Security
  Source: Microsoft-Windows-Security-Auditing
  Date: 2013-07-11T07:39:53.258
  Event ID: 4663
  Task: File System
  Level: Information
  Opcode: Info
  Keyword: Audit Success
  User: N/A
  User Name: N/A
  Computer: META2008R2.target.tgt
  Description: 
An attempt was made to access an object.

Subject:
	Security ID:		S-1-5-21-656491628-4158127674-1157389670-1355
	Account Name:		jwinters
	Account Domain:		TARGET
	Logon ID:		0x469259d

Object:
	Object Server:	Security
	Object Type:	File
	Object Name:	C:\SharedFiles
	Handle ID:	0xbd0

Process Information:
	Process ID:	0x4
	Process Name:	

Access Request Information:
	Accesses:	ReadAttributes
				
	Access Mask:	0x80

Event[51]:
  Log Name: Security
  Source: Microsoft-Windows-Security-Auditing
  Date: 2013-07-11T07:39:53.258
  Event ID: 4658
  Task: File System
  Level: Information
  Opcode: Info
  Keyword: Audit Success
  User: N/A
  User Name: N/A
  Computer: META2008R2.target.tgt
  Description: 
The handle to an object was closed.

Subject :
	Security ID:		S-1-5-21-656491628-4158127674-1157389670-1355
	Account Name:		jwinters
	Account Domain:		TARGET
	Logon ID:		0x469259d

Object:
	Object Server:		Security
	Handle ID:		0xbd0

Process Information:
	Process ID:		0x4
	Process Name:		

Event[52]:
  Log Name: Security
  Source: Microsoft-Windows-Security-Auditing
  Date: 2013-07-11T07:39:53.258
  Event ID: 5145
  Task: Detailed File Share
  Level: Information
  Opcode: Info
  Keyword: Audit Success
  User: N/A
  User Name: N/A
  Computer: META2008R2.target.tgt
  Description: 
A network share object was checked to see whether client can be granted desired access.
	
Subject:
	Security ID:		S-1-5-21-656491628-4158127674-1157389670-1355
	Account Name:		jwinters
	Account Domain:		TARGET
	Logon ID:		0x469259d

Network Information:	
	Object Type:		File
	Source Address:		10.12.1.135
	Source Port:		2677
	
Share Information:
	Share Name:		\\*\SharedFiles
	Share Path:		\??\C:\SharedFiles
	Relative Target Name:	\

Access Request Information:
	Access Mask:		0x1
	Accesses:		ReadData (or ListDirectory)
				
Access Check Results:
	ReadData (or ListDirectory):	Granted by	D:(A;OICI;FA;;;WD)
				


Event[53]:
  Log Name: Security
  Source: Microsoft-Windows-Security-Auditing
  Date: 2013-07-11T07:39:53.259
  Event ID: 5145
  Task: Detailed File Share
  Level: Information
  Opcode: Info
  Keyword: Audit Success
  User: N/A
  User Name: N/A
  Computer: META2008R2.target.tgt
  Description: 
A network share object was checked to see whether client can be granted desired access.
	
Subject:
	Security ID:		S-1-5-21-656491628-4158127674-1157389670-1355
	Account Name:		jwinters
	Account Domain:		TARGET
	Logon ID:		0x469259d

Network Information:	
	Object Type:		File
	Source Address:		10.12.1.135
	Source Port:		2677
	
Share Information:
	Share Name:		\\*\SharedFiles
	Share Path:		\??\C:\SharedFiles
	Relative Target Name:	DBOut

Access Request Information:
	Access Mask:		0x80
	Accesses:		ReadAttributes
				
Access Check Results:
	ReadAttributes:	Granted by	D:(A;OICI;FA;;;WD)
				


Event[54]:
  Log Name: Security
  Source: Microsoft-Windows-Security-Auditing
  Date: 2013-07-11T07:39:53.259
  Event ID: 4656
  Task: File System
  Level: Information
  Opcode: Info
  Keyword: Audit Success
  User: N/A
  User Name: N/A
  Computer: META2008R2.target.tgt
  Description: 
A handle to an object was requested.

Subject:
	Security ID:		S-1-5-21-656491628-4158127674-1157389670-1355
	Account Name:		jwinters
	Account Domain:		TARGET
	Logon ID:		0x469259d

Object:
	Object Server:		Security
	Object Type:		File
	Object Name:		C:\SharedFiles\DBOut
	Handle ID:		0xbd0

Process Information:
	Process ID:		0x4
	Process Name:		

Access Request Information:
	Transaction ID:		{00000000-0000-0000-0000-000000000000}
	Accesses:		ReadAttributes
				
	Access Reasons:		ReadAttributes:	Granted by	D:(A;OICIID;FA;;;WD)
				
	Access Mask:		0x80
	Privileges Used for Access Check:	-
	Restricted SID Count:	0

Event[55]:
  Log Name: Security
  Source: Microsoft-Windows-Security-Auditing
  Date: 2013-07-11T07:39:53.259
  Event ID: 4663
  Task: File System
  Level: Information
  Opcode: Info
  Keyword: Audit Success
  User: N/A
  User Name: N/A
  Computer: META2008R2.target.tgt
  Description: 
An attempt was made to access an object.

Subject:
	Security ID:		S-1-5-21-656491628-4158127674-1157389670-1355
	Account Name:		jwinters
	Account Domain:		TARGET
	Logon ID:		0x469259d

Object:
	Object Server:	Security
	Object Type:	File
	Object Name:	C:\SharedFiles\DBOut
	Handle ID:	0xbd0

Process Information:
	Process ID:	0x4
	Process Name:	

Access Request Information:
	Accesses:	ReadAttributes
				
	Access Mask:	0x80

Event[56]:
  Log Name: Security
  Source: Microsoft-Windows-Security-Auditing
  Date: 2013-07-11T07:39:53.259
  Event ID: 4658
  Task: File System
  Level: Information
  Opcode: Info
  Keyword: Audit Success
  User: N/A
  User Name: N/A
  Computer: META2008R2.target.tgt
  Description: 
The handle to an object was closed.

Subject :
	Security ID:		S-1-5-21-656491628-4158127674-1157389670-1355
	Account Name:		jwinters
	Account Domain:		TARGET
	Logon ID:		0x469259d

Object:
	Object Server:		Security
	Handle ID:		0xbd0

Process Information:
	Process ID:		0x4
	Process Name:		

Event[57]:
  Log Name: Security
  Source: Microsoft-Windows-Security-Auditing
  Date: 2013-07-11T07:39:53.259
  Event ID: 5145
  Task: Detailed File Share
  Level: Information
  Opcode: Info
  Keyword: Audit Success
  User: N/A
  User Name: N/A
  Computer: META2008R2.target.tgt
  Description: 
A network share object was checked to see whether client can be granted desired access.
	
Subject:
	Security ID:		S-1-5-21-656491628-4158127674-1157389670-1355
	Account Name:		jwinters
	Account Domain:		TARGET
	Logon ID:		0x469259d

Network Information:	
	Object Type:		File
	Source Address:		10.12.1.135
	Source Port:		2677
	
Share Information:
	Share Name:		\\*\SharedFiles
	Share Path:		\??\C:\SharedFiles
	Relative Target Name:	DBOut

Access Request Information:
	Access Mask:		0x1
	Accesses:		ReadData (or ListDirectory)
				
Access Check Results:
	ReadData (or ListDirectory):	Granted by	D:(A;OICI;FA;;;WD)
				


Event[58]:
  Log Name: Security
  Source: Microsoft-Windows-Security-Auditing
  Date: 2013-07-11T07:39:53.259
  Event ID: 5145
  Task: Detailed File Share
  Level: Information
  Opcode: Info
  Keyword: Audit Success
  User: N/A
  User Name: N/A
  Computer: META2008R2.target.tgt
  Description: 
A network share object was checked to see whether client can be granted desired access.
	
Subject:
	Security ID:		S-1-5-21-656491628-4158127674-1157389670-1355
	Account Name:		jwinters
	Account Domain:		TARGET
	Logon ID:		0x469259d

Network Information:	
	Object Type:		File
	Source Address:		10.12.1.135
	Source Port:		2677
	
Share Information:
	Share Name:		\\*\SharedFiles
	Share Path:		\??\C:\SharedFiles
	Relative Target Name:	\

Access Request Information:
	Access Mask:		0x80
	Accesses:		ReadAttributes
				
Access Check Results:
	ReadAttributes:	Granted by	D:(A;OICI;FA;;;WD)
				


Event[59]:
  Log Name: Security
  Source: Microsoft-Windows-Security-Auditing
  Date: 2013-07-11T07:39:53.259
  Event ID: 4656
  Task: File System
  Level: Information
  Opcode: Info
  Keyword: Audit Success
  User: N/A
  User Name: N/A
  Computer: META2008R2.target.tgt
  Description: 
A handle to an object was requested.

Subject:
	Security ID:		S-1-5-21-656491628-4158127674-1157389670-1355
	Account Name:		jwinters
	Account Domain:		TARGET
	Logon ID:		0x469259d

Object:
	Object Server:		Security
	Object Type:		File
	Object Name:		C:\SharedFiles
	Handle ID:		0xbd0

Process Information:
	Process ID:		0x4
	Process Name:		

Access Request Information:
	Transaction ID:		{00000000-0000-0000-0000-000000000000}
	Accesses:		ReadAttributes
				
	Access Reasons:		ReadAttributes:	Granted by	D:(A;OICI;FA;;;WD)
				
	Access Mask:		0x80
	Privileges Used for Access Check:	-
	Restricted SID Count:	0

Event[60]:
  Log Name: Security
  Source: Microsoft-Windows-Security-Auditing
  Date: 2013-07-11T07:39:53.259
  Event ID: 4663
  Task: File System
  Level: Information
  Opcode: Info
  Keyword: Audit Success
  User: N/A
  User Name: N/A
  Computer: META2008R2.target.tgt
  Description: 
An attempt was made to access an object.

Subject:
	Security ID:		S-1-5-21-656491628-4158127674-1157389670-1355
	Account Name:		jwinters
	Account Domain:		TARGET
	Logon ID:		0x469259d

Object:
	Object Server:	Security
	Object Type:	File
	Object Name:	C:\SharedFiles
	Handle ID:	0xbd0

Process Information:
	Process ID:	0x4
	Process Name:	

Access Request Information:
	Accesses:	ReadAttributes
				
	Access Mask:	0x80

Event[61]:
  Log Name: Security
  Source: Microsoft-Windows-Security-Auditing
  Date: 2013-07-11T07:39:53.259
  Event ID: 4658
  Task: File System
  Level: Information
  Opcode: Info
  Keyword: Audit Success
  User: N/A
  User Name: N/A
  Computer: META2008R2.target.tgt
  Description: 
The handle to an object was closed.

Subject :
	Security ID:		S-1-5-21-656491628-4158127674-1157389670-1355
	Account Name:		jwinters
	Account Domain:		TARGET
	Logon ID:		0x469259d

Object:
	Object Server:		Security
	Handle ID:		0xbd0

Process Information:
	Process ID:		0x4
	Process Name:		

Event[62]:
  Log Name: Security
  Source: Microsoft-Windows-Security-Auditing
  Date: 2013-07-11T07:39:53.260
  Event ID: 5145
  Task: Detailed File Share
  Level: Information
  Opcode: Info
  Keyword: Audit Success
  User: N/A
  User Name: N/A
  Computer: META2008R2.target.tgt
  Description: 
A network share object was checked to see whether client can be granted desired access.
	
Subject:
	Security ID:		S-1-5-21-656491628-4158127674-1157389670-1355
	Account Name:		jwinters
	Account Domain:		TARGET
	Logon ID:		0x469259d

Network Information:	
	Object Type:		File
	Source Address:		10.12.1.135
	Source Port:		2677
	
Share Information:
	Share Name:		\\*\SharedFiles
	Share Path:		\??\C:\SharedFiles
	Relative Target Name:	\

Access Request Information:
	Access Mask:		0x1
	Accesses:		ReadData (or ListDirectory)
				
Access Check Results:
	ReadData (or ListDirectory):	Granted by	D:(A;OICI;FA;;;WD)
				


Event[63]:
  Log Name: Security
  Source: Microsoft-Windows-Security-Auditing
  Date: 2013-07-11T07:39:53.260
  Event ID: 5145
  Task: Detailed File Share
  Level: Information
  Opcode: Info
  Keyword: Audit Success
  User: N/A
  User Name: N/A
  Computer: META2008R2.target.tgt
  Description: 
A network share object was checked to see whether client can be granted desired access.
	
Subject:
	Security ID:		S-1-5-21-656491628-4158127674-1157389670-1355
	Account Name:		jwinters
	Account Domain:		TARGET
	Logon ID:		0x469259d

Network Information:	
	Object Type:		File
	Source Address:		10.12.1.135
	Source Port:		2677
	
Share Information:
	Share Name:		\\*\SharedFiles
	Share Path:		\??\C:\SharedFiles
	Relative Target Name:	Ea

Access Request Information:
	Access Mask:		0x80
	Accesses:		ReadAttributes
				
Access Check Results:
	ReadAttributes:	Granted by	D:(A;OICI;FA;;;WD)
				


Event[64]:
