  Log Name: Security
  Source: Microsoft-Windows-Security-Auditing
  Date: 2013-07-11T07:39:53.320
  Event ID: 4656
  Task: File System
  Level: Information
  Opcode: Info
  Keyword: Audit Success
  User: N/A
  User Name: N/A
  Computer: META2008R2.target.tgt
  Description: 
A handle to an object was requested.

Subject:
	Security ID:		S-1-5-21-656491628-4158127674-1157389670-1355
	Account Name:		jwinters
	Account Domain:		TARGET
	Logon ID:		0x469259d

Object:
	Object Server:		Security
	Object Type:		File
	Object Name:		C:\SharedFiles\Plans
	Handle ID:		0xbd0

Process Information:
	Process ID:		0x4
	Process Name:		

Access Request Information:
	Transaction ID:		{00000000-0000-0000-0000-000000000000}
	Accesses:		ReadAttributes
				
	Access Reasons:		ReadAttributes:	Granted by	D:(A;OICIID;FA;;;WD)
				
	Access Mask:		0x80
	Privileges Used for Access Check:	-
	Restricted SID Count:	0

Event[308]:
  Log Name: Security
  Source: Microsoft-Windows-Security-Auditing
  Date: 2013-07-11T07:39:53.320
  Event ID: 4658
  Task: File System
  Level: Information
  Opcode: Info
  Keyword: Audit Success
  User: N/A
  User Name: N/A
  Computer: META2008R2.target.tgt
  Description: 
The handle to an object was closed.

Subject :
	Security ID:		S-1-5-21-656491628-4158127674-1157389670-1355
	Account Name:		jwinters
	Account Domain:		TARGET
	Logon ID:		0x469259d

Object:
	Object Server:		Security
	Handle ID:		0xbd0

Process Information:
	Process ID:		0x4
	Process Name:		

Event[309]:
  Log Name: Security
  Source: Microsoft-Windows-Security-Auditing
  Date: 2013-07-11T07:39:53.321
  Event ID: 5145
  Task: Detailed File Share
  Level: Information
  Opcode: Info
  Keyword: Audit Success
  User: N/A
  User Name: N/A
  Computer: META2008R2.target.tgt
  Description: 
A network share object was checked to see whether client can be granted desired access.
	
Subject:
	Security ID:		S-1-5-21-656491628-4158127674-1157389670-1355
	Account Name:		jwinters
	Account Domain:		TARGET
	Logon ID:		0x469259d

Network Information:	
	Object Type:		File
	Source Address:		10.12.1.135
	Source Port:		2677
	
Share Information:
	Share Name:		\\*\SharedFiles
	Share Path:		\??\C:\SharedFiles
	Relative Target Name:	Plans

Access Request Information:
	Access Mask:		0x80
	Accesses:		ReadAttributes
				
Access Check Results:
	ReadAttributes:	Granted by	D:(A;OICI;FA;;;WD)
				


Event[310]:
  Log Name: Security
  Source: Microsoft-Windows-Security-Auditing
  Date: 2013-07-11T07:39:53.321
  Event ID: 4656
  Task: File System
  Level: Information
  Opcode: Info
  Keyword: Audit Success
  User: N/A
  User Name: N/A
  Computer: META2008R2.target.tgt
  Description: 
A handle to an object was requested.

Subject:
	Security ID:		S-1-5-21-656491628-4158127674-1157389670-1355
	Account Name:		jwinters
	Account Domain:		TARGET
	Logon ID:		0x469259d

Object:
	Object Server:		Security
	Object Type:		File
	Object Name:		C:\SharedFiles\Plans
	Handle ID:		0xbd0

Process Information:
	Process ID:		0x4
	Process Name:		

Access Request Information:
	Transaction ID:		{00000000-0000-0000-0000-000000000000}
	Accesses:		ReadAttributes
				
	Access Reasons:		ReadAttributes:	Granted by	D:(A;OICIID;FA;;;WD)
				
	Access Mask:		0x80
	Privileges Used for Access Check:	-
	Restricted SID Count:	0

Event[311]:
  Log Name: Security
  Source: Microsoft-Windows-Security-Auditing
  Date: 2013-07-11T07:39:53.321
  Event ID: 4658
  Task: File System
  Level: Information
  Opcode: Info
  Keyword: Audit Success
  User: N/A
  User Name: N/A
  Computer: META2008R2.target.tgt
  Description: 
The handle to an object was closed.

Subject :
	Security ID:		S-1-5-21-656491628-4158127674-1157389670-1355
	Account Name:		jwinters
	Account Domain:		TARGET
	Logon ID:		0x469259d

Object:
	Object Server:		Security
	Handle ID:		0xbd0

Process Information:
	Process ID:		0x4
	Process Name:		

Event[312]:
  Log Name: Security
  Source: Microsoft-Windows-Security-Auditing
  Date: 2013-07-11T07:39:53.322
  Event ID: 5145
  Task: Detailed File Share
  Level: Information
  Opcode: Info
  Keyword: Audit Success
  User: N/A
  User Name: N/A
  Computer: META2008R2.target.tgt
  Description: 
A network share object was checked to see whether client can be granted desired access.
	
Subject:
	Security ID:		S-1-5-21-656491628-4158127674-1157389670-1355
	Account Name:		jwinters
	Account Domain:		TARGET
	Logon ID:		0x469259d

Network Information:	
	Object Type:		File
	Source Address:		10.12.1.135
	Source Port:		2677
	
Share Information:
	Share Name:		\\*\SharedFiles
	Share Path:		\??\C:\SharedFiles
	Relative Target Name:	Plans\FiniancialRoadmap2013.xls

Access Request Information:
	Access Mask:		0x20089
	Accesses:		READ_CONTROL
				ReadData (or ListDirectory)
				ReadEA
				ReadAttributes
				
Access Check Results:
	READ_CONTROL:	Granted by	D:(A;OICI;FA;;;WD)
				ReadData (or ListDirectory):	Granted by	D:(A;OICI;FA;;;WD)
				ReadEA:	Granted by	D:(A;OICI;FA;;;WD)
				ReadAttributes:	Granted by	D:(A;OICI;FA;;;WD)
				


Event[313]:
  Log Name: Security
  Source: Microsoft-Windows-Security-Auditing
  Date: 2013-07-11T07:39:53.322
  Event ID: 4656
  Task: File System
  Level: Information
  Opcode: Info
  Keyword: Audit Success
  User: N/A
  User Name: N/A
  Computer: META2008R2.target.tgt
  Description: 
A handle to an object was requested.

Subject:
	Security ID:		S-1-5-21-656491628-4158127674-1157389670-1355
	Account Name:		jwinters
	Account Domain:		TARGET
	Logon ID:		0x469259d

Object:
	Object Server:		Security
	Object Type:		File
	Object Name:		C:\SharedFiles\Plans\FiniancialRoadmap2013.xls
	Handle ID:		0xbd0

Process Information:
	Process ID:		0x4
	Process Name:		

Access Request Information:
	Transaction ID:		{00000000-0000-0000-0000-000000000000}
	Accesses:		READ_CONTROL
				ReadData (or ListDirectory)
				ReadEA
				ReadAttributes
				
	Access Reasons:		READ_CONTROL:	Granted by	D:(A;ID;FA;;;WD)
				ReadData (or ListDirectory):	Granted by	D:(A;ID;FA;;;WD)
				ReadEA:	Granted by	D:(A;ID;FA;;;WD)
				ReadAttributes:	Granted by	D:(A;ID;FA;;;WD)
				
	Access Mask:		0x20089
	Privileges Used for Access Check:	-
	Restricted SID Count:	0

Event[314]:
  Log Name: Security
  Source: Microsoft-Windows-Security-Auditing
  Date: 2013-07-11T07:39:53.322
  Event ID: 4663
  Task: File System
  Level: Information
  Opcode: Info
  Keyword: Audit Success
  User: N/A
  User Name: N/A
  Computer: META2008R2.target.tgt
  Description: 
An attempt was made to access an object.

Subject:
	Security ID:		S-1-5-21-656491628-4158127674-1157389670-1355
	Account Name:		jwinters
	Account Domain:		TARGET
	Logon ID:		0x469259d

Object:
	Object Server:	Security
	Object Type:	File
	Object Name:	C:\SharedFiles\Plans\FiniancialRoadmap2013.xls
	Handle ID:	0xbd0

Process Information:
	Process ID:	0x4
	Process Name:	

Access Request Information:
	Accesses:	ReadAttributes
				
	Access Mask:	0x80

Event[315]:
  Log Name: Security
  Source: Microsoft-Windows-Security-Auditing
  Date: 2013-07-11T07:39:53.323
  Event ID: 5145
  Task: Detailed File Share
  Level: Information
  Opcode: Info
  Keyword: Audit Success
  User: N/A
  User Name: N/A
  Computer: META2008R2.target.tgt
  Description: 
A network share object was checked to see whether client can be granted desired access.
	
Subject:
	Security ID:		S-1-5-21-656491628-4158127674-1157389670-1355
	Account Name:		jwinters
	Account Domain:		TARGET
	Logon ID:		0x469259d

Network Information:	
	Object Type:		File
	Source Address:		10.12.1.135
	Source Port:		2677
	
Share Information:
	Share Name:		\\*\SharedFiles
	Share Path:		\??\C:\SharedFiles
	Relative Target Name:	Plans\FiniancialRoadmap2013.xls

Access Request Information:
	Access Mask:		0x20089
	Accesses:		READ_CONTROL
				ReadData (or ListDirectory)
				ReadEA
				ReadAttributes
				
Access Check Results:
	READ_CONTROL:	Granted by	D:(A;OICI;FA;;;WD)
				ReadData (or ListDirectory):	Granted by	D:(A;OICI;FA;;;WD)
				ReadEA:	Granted by	D:(A;OICI;FA;;;WD)
				ReadAttributes:	Granted by	D:(A;OICI;FA;;;WD)
				


Event[316]:
  Log Name: Security
  Source: Microsoft-Windows-Security-Auditing
  Date: 2013-07-11T07:39:53.323
  Event ID: 4656
  Task: File System
  Level: Information
  Opcode: Info
  Keyword: Audit Success
  User: N/A
  User Name: N/A
  Computer: META2008R2.target.tgt
  Description: 
A handle to an object was requested.

Subject:
	Security ID:		S-1-5-21-656491628-4158127674-1157389670-1355
	Account Name:		jwinters
	Account Domain:		TARGET
	Logon ID:		0x469259d

Object:
	Object Server:		Security
	Object Type:		File
	Object Name:		C:\SharedFiles\Plans\FiniancialRoadmap2013.xls
	Handle ID:		0x620

Process Information:
	Process ID:		0x4
	Process Name:		

Access Request Information:
	Transaction ID:		{00000000-0000-0000-0000-000000000000}
	Accesses:		READ_CONTROL
				ReadData (or ListDirectory)
				ReadEA
				ReadAttributes
				
	Access Reasons:		READ_CONTROL:	Granted by	D:(A;ID;FA;;;WD)
				ReadData (or ListDirectory):	Granted by	D:(A;ID;FA;;;WD)
				ReadEA:	Granted by	D:(A;ID;FA;;;WD)
				ReadAttributes:	Granted by	D:(A;ID;FA;;;WD)
				
	Access Mask:		0x20089
	Privileges Used for Access Check:	-
	Restricted SID Count:	0

Event[317]:
  Log Name: Security
  Source: Microsoft-Windows-Security-Auditing
  Date: 2013-07-11T07:39:53.323
  Event ID: 4658
  Task: File System
  Level: Information
  Opcode: Info
  Keyword: Audit Success
  User: N/A
  User Name: N/A
  Computer: META2008R2.target.tgt
  Description: 
The handle to an object was closed.

Subject :
	Security ID:		S-1-5-21-656491628-4158127674-1157389670-1355
	Account Name:		jwinters
	Account Domain:		TARGET
	Logon ID:		0x469259d

Object:
	Object Server:		Security
	Handle ID:		0xbd0

Process Information:
	Process ID:		0x4
	Process Name:		

Event[318]:
  Log Name: Security
  Source: Microsoft-Windows-Security-Auditing
  Date: 2013-07-11T07:39:53.323
  Event ID: 4663
  Task: File System
  Level: Information
  Opcode: Info
  Keyword: Audit Success
  User: N/A
  User Name: N/A
  Computer: META2008R2.target.tgt
  Description: 
An attempt was made to access an object.

Subject:
	Security ID:		S-1-5-21-656491628-4158127674-1157389670-1355
	Account Name:		jwinters
	Account Domain:		TARGET
	Logon ID:		0x469259d

Object:
	Object Server:	Security
	Object Type:	File
	Object Name:	C:\SharedFiles\Plans\FiniancialRoadmap2013.xls
	Handle ID:	0x620

Process Information:
	Process ID:	0x4
	Process Name:	

Access Request Information:
	Accesses:	ReadAttributes
				
	Access Mask:	0x80

Event[319]:
  Log Name: Security
  Source: Microsoft-Windows-Security-Auditing
  Date: 2013-07-11T07:39:53.325
  Event ID: 5145
  Task: Detailed File Share
  Level: Information
  Opcode: Info
  Keyword: Audit Success
  User: N/A
  User Name: N/A
  Computer: META2008R2.target.tgt
  Description: 
A network share object was checked to see whether client can be granted desired access.
	
Subject:
	Security ID:		S-1-5-21-656491628-4158127674-1157389670-1355
	Account Name:		jwinters
	Account Domain:		TARGET
	Logon ID:		0x469259d

Network Information:	
	Object Type:		File
	Source Address:		10.12.1.135
	Source Port:		2677
	
Share Information:
	Share Name:		\\*\SharedFiles
	Share Path:		\??\C:\SharedFiles
	Relative Target Name:	Potluck

Access Request Information:
	Access Mask:		0x80
	Accesses:		ReadAttributes
				
Access Check Results:
	ReadAttributes:	Granted by	D:(A;OICI;FA;;;WD)
				


Event[320]:
  Log Name: Security
  Source: Microsoft-Windows-Security-Auditing
  Date: 2013-07-11T07:39:53.325
  Event ID: 4656
  Task: File System
  Level: Information
  Opcode: Info
  Keyword: Audit Success
  User: N/A
  User Name: N/A
  Computer: META2008R2.target.tgt
  Description: 
A handle to an object was requested.

Subject:
	Security ID:		S-1-5-21-656491628-4158127674-1157389670-1355
	Account Name:		jwinters
	Account Domain:		TARGET
	Logon ID:		0x469259d

Object:
	Object Server:		Security
	Object Type:		File
	Object Name:		C:\SharedFiles\Potluck
	Handle ID:		0xbd0

Process Information:
	Process ID:		0x4
	Process Name:		

Access Request Information:
	Transaction ID:		{00000000-0000-0000-0000-000000000000}
	Accesses:		ReadAttributes
				
	Access Reasons:		ReadAttributes:	Granted by	D:(A;OICIID;FA;;;WD)
				
	Access Mask:		0x80
	Privileges Used for Access Check:	-
	Restricted SID Count:	0

Event[321]:
  Log Name: Security
  Source: Microsoft-Windows-Security-Auditing
  Date: 2013-07-11T07:39:53.325
  Event ID: 4663
  Task: File System
  Level: Information
  Opcode: Info
  Keyword: Audit Success
  User: N/A
  User Name: N/A
  Computer: META2008R2.target.tgt
  Description: 
An attempt was made to access an object.

Subject:
	Security ID:		S-1-5-21-656491628-4158127674-1157389670-1355
	Account Name:		jwinters
	Account Domain:		TARGET
	Logon ID:		0x469259d

Object:
	Object Server:	Security
	Object Type:	File
	Object Name:	C:\SharedFiles\Potluck
	Handle ID:	0xbd0

Process Information:
	Process ID:	0x4
	Process Name:	

Access Request Information:
	Accesses:	ReadAttributes
				
	Access Mask:	0x80

Event[322]:
  Log Name: Security
  Source: Microsoft-Windows-Security-Auditing
  Date: 2013-07-11T07:39:53.325
  Event ID: 4658
  Task: File System
  Level: Information
  Opcode: Info
  Keyword: Audit Success
  User: N/A
  User Name: N/A
  Computer: META2008R2.target.tgt
  Description: 
The handle to an object was closed.

Subject :
	Security ID:		S-1-5-21-656491628-4158127674-1157389670-1355
	Account Name:		jwinters
	Account Domain:		TARGET
	Logon ID:		0x469259d

Object:
	Object Server:		Security
	Handle ID:		0xbd0

Process Information:
	Process ID:		0x4
	Process Name:		

Event[323]:
  Log Name: Security
  Source: Microsoft-Windows-Security-Auditing
  Date: 2013-07-11T07:39:53.326
  Event ID: 5145
  Task: Detailed File Share
  Level: Information
  Opcode: Info
  Keyword: Audit Success
  User: N/A
  User Name: N/A
  Computer: META2008R2.target.tgt
  Description: 
A network share object was checked to see whether client can be granted desired access.
	
Subject:
	Security ID:		S-1-5-21-656491628-4158127674-1157389670-1355
	Account Name:		jwinters
	Account Domain:		TARGET
	Logon ID:		0x469259d

Network Information:	
	Object Type:		File
	Source Address:		10.12.1.135
	Source Port:		2677
	
Share Information:
	Share Name:		\\*\SharedFiles
	Share Path:		\??\C:\SharedFiles
	Relative Target Name:	Potluck

Access Request Information:
	Access Mask:		0x80
	Accesses:		ReadAttributes
				
Access Check Results:
	ReadAttributes:	Granted by	D:(A;OICI;FA;;;WD)
				


Event[324]:
  Log Name: Security
  Source: Microsoft-Windows-Security-Auditing
  Date: 2013-07-11T07:39:53.326
  Event ID: 4656
  Task: File System
  Level: Information
  Opcode: Info
  Keyword: Audit Success
  User: N/A
  User Name: N/A
  Computer: META2008R2.target.tgt
  Description: 
A handle to an object was requested.

Subject:
	Security ID:		S-1-5-21-656491628-4158127674-1157389670-1355
	Account Name:		jwinters
	Account Domain:		TARGET
	Logon ID:		0x469259d

Object:
	Object Server:		Security
	Object Type:		File
	Object Name:		C:\SharedFiles\Potluck
	Handle ID:		0xbd0

Process Information:
	Process ID:		0x4
	Process Name:		

Access Request Information:
	Transaction ID:		{00000000-0000-0000-0000-000000000000}
	Accesses:		ReadAttributes
				
	Access Reasons:		ReadAttributes:	Granted by	D:(A;OICIID;FA;;;WD)
				
	Access Mask:		0x80
	Privileges Used for Access Check:	-
	Restricted SID Count:	0

Event[325]:
  Log Name: Security
  Source: Microsoft-Windows-Security-Auditing
  Date: 2013-07-11T07:39:53.326
  Event ID: 4663
  Task: File System
  Level: Information
  Opcode: Info
  Keyword: Audit Success
  User: N/A
  User Name: N/A
  Computer: META2008R2.target.tgt
  Description: 
An attempt was made to access an object.

Subject:
	Security ID:		S-1-5-21-656491628-4158127674-1157389670-1355
	Account Name:		jwinters
	Account Domain:		TARGET
	Logon ID:		0x469259d

Object:
	Object Server:	Security
	Object Type:	File
	Object Name:	C:\SharedFiles\Potluck
	Handle ID:	0xbd0

Process Information:
	Process ID:	0x4
	Process Name:	

Access Request Information:
	Accesses:	ReadAttributes
				
	Access Mask:	0x80

Event[326]:
  Log Name: Security
  Source: Microsoft-Windows-Security-Auditing
  Date: 2013-07-11T07:39:53.326
  Event ID: 4658
  Task: File System
  Level: Information
  Opcode: Info
  Keyword: Audit Success
  User: N/A
  User Name: N/A
  Computer: META2008R2.target.tgt
  Description: 
The handle to an object was closed.

Subject :
	Security ID:		S-1-5-21-656491628-4158127674-1157389670-1355
	Account Name:		jwinters
	Account Domain:		TARGET
	Logon ID:		0x469259d

Object:
	Object Server:		Security
	Handle ID:		0xbd0

Process Information:
	Process ID:		0x4
	Process Name:		

Event[327]:
  Log Name: Security
  Source: Microsoft-Windows-Security-Auditing
  Date: 2013-07-11T07:39:53.326
  Event ID: 5145
  Task: Detailed File Share
  Level: Information
  Opcode: Info
  Keyword: Audit Success
  User: N/A
  User Name: N/A
  Computer: META2008R2.target.tgt
  Description: 
A network share object was checked to see whether client can be granted desired access.
	
Subject:
	Security ID:		S-1-5-21-656491628-4158127674-1157389670-1355
	Account Name:		jwinters
	Account Domain:		TARGET
	Logon ID:		0x469259d

Network Information:	
	Object Type:		File
	Source Address:		10.12.1.135
	Source Port:		2677
	
Share Information:
	Share Name:		\\*\SharedFiles
	Share Path:		\??\C:\SharedFiles
	Relative Target Name:	Potluck

Access Request Information:
	Access Mask:		0x80
	Accesses:		ReadAttributes
				
Access Check Results:
	ReadAttributes:	Granted by	D:(A;OICI;FA;;;WD)
				


Event[328]:
  Log Name: Security
  Source: Microsoft-Windows-Security-Auditing
  Date: 2013-07-11T07:39:53.326
  Event ID: 4656
  Task: File System
  Level: Information
  Opcode: Info
  Keyword: Audit Success
  User: N/A
  User Name: N/A
  Computer: META2008R2.target.tgt
  Description: 
A handle to an object was requested.

Subject:
	Security ID:		S-1-5-21-656491628-4158127674-1157389670-1355
	Account Name:		jwinters
	Account Domain:		TARGET
	Logon ID:		0x469259d

Object:
	Object Server:		Security
	Object Type:		File
	Object Name:		C:\SharedFiles\Potluck
	Handle ID:		0xbd0

Process Information:
	Process ID:		0x4
	Process Name:		

Access Request Information:
	Transaction ID:		{00000000-0000-0000-0000-000000000000}
	Accesses:		ReadAttributes
				
	Access Reasons:		ReadAttributes:	Granted by	D:(A;OICIID;FA;;;WD)
				
	Access Mask:		0x80
	Privileges Used for Access Check:	-
	Restricted SID Count:	0

Event[329]:
  Log Name: Security
  Source: Microsoft-Windows-Security-Auditing
  Date: 2013-07-11T07:39:53.326
  Event ID: 4658
  Task: File System
  Level: Information
  Opcode: Info
  Keyword: Audit Success
  User: N/A
  User Name: N/A
  Computer: META2008R2.target.tgt
  Description: 
The handle to an object was closed.

Subject :
	Security ID:		S-1-5-21-656491628-4158127674-1157389670-1355
	Account Name:		jwinters
	Account Domain:		TARGET
	Logon ID:		0x469259d

Object:
	Object Server:		Security
	Handle ID:		0xbd0

Process Information:
	Process ID:		0x4
	Process Name:		

Event[330]:
  Log Name: Security
  Source: Microsoft-Windows-Security-Auditing
  Date: 2013-07-11T07:39:53.327
  Event ID: 5145
  Task: Detailed File Share
  Level: Information
  Opcode: Info
  Keyword: Audit Success
  User: N/A
  User Name: N/A
  Computer: META2008R2.target.tgt
  Description: 
A network share object was checked to see whether client can be granted desired access.
	
Subject:
	Security ID:		S-1-5-21-656491628-4158127674-1157389670-1355
	Account Name:		jwinters
	Account Domain:		TARGET
	Logon ID:		0x469259d

Network Information:	
	Object Type:		File
	Source Address:		10.12.1.135
	Source Port:		2677
	
Share Information:
	Share Name:		\\*\SharedFiles
	Share Path:		\??\C:\SharedFiles
	Relative Target Name:	Potluck

Access Request Information:
	Access Mask:		0x80
	Accesses:		ReadAttributes
				
Access Check Results:
	ReadAttributes:	Granted by	D:(A;OICI;FA;;;WD)
				


Event[331]:
  Log Name: Security
  Source: Microsoft-Windows-Security-Auditing
  Date: 2013-07-11T07:39:53.327
  Event ID: 4656
  Task: File System
  Level: Information
  Opcode: Info
  Keyword: Audit Success
  User: N/A
  User Name: N/A
  Computer: META2008R2.target.tgt
  Description: 
A handle to an object was requested.

Subject:
	Security ID:		S-1-5-21-656491628-4158127674-1157389670-1355
	Account Name:		jwinters
	Account Domain:		TARGET
	Logon ID:		0x469259d

Object:
	Object Server:		Security
	Object Type:		File
	Object Name:		C:\SharedFiles\Potluck
	Handle ID:		0xbd0

Process Information:
	Process ID:		0x4
	Process Name:		

Access Request Information:
	Transaction ID:		{00000000-0000-0000-0000-000000000000}
	Accesses:		ReadAttributes
				
	Access Reasons:		ReadAttributes:	Granted by	D:(A;OICIID;FA;;;WD)
				
	Access Mask:		0x80
	Privileges Used for Access Check:	-
	Restricted SID Count:	0

Event[332]:
  Log Name: Security
  Source: Microsoft-Windows-Security-Auditing
  Date: 2013-07-11T07:39:53.327
  Event ID: 4658
  Task: File System
  Level: Information
  Opcode: Info
  Keyword: Audit Success
  User: N/A
  User Name: N/A
  Computer: META2008R2.target.tgt
  Description: 
The handle to an object was closed.

Subject :
	Security ID:		S-1-5-21-656491628-4158127674-1157389670-1355
	Account Name:		jwinters
	Account Domain:		TARGET
	Logon ID:		0x469259d

Object:
	Object Server:		Security
	Handle ID:		0xbd0

Process Information:
	Process ID:		0x4
	Process Name:		

Event[333]:
  Log Name: Security
  Source: Microsoft-Windows-Security-Auditing
  Date: 2013-07-11T07:39:53.328
  Event ID: 5145
  Task: Detailed File Share
  Level: Information
  Opcode: Info
  Keyword: Audit Success
  User: N/A
  User Name: N/A
  Computer: META2008R2.target.tgt
  Description: 
A network share object was checked to see whether client can be granted desired access.
	
Subject:
	Security ID:		S-1-5-21-656491628-4158127674-1157389670-1355
	Account Name:		jwinters
	Account Domain:		TARGET
	Logon ID:		0x469259d

Network Information:	
	Object Type:		File
	Source Address:		10.12.1.135
	Source Port:		2677
	
Share Information:
	Share Name:		\\*\SharedFiles
	Share Path:		\??\C:\SharedFiles
	Relative Target Name:	Potluck\Cards.txt

Access Request Information:
	Access Mask:		0x20089
	Accesses:		READ_CONTROL
				ReadData (or ListDirectory)
				ReadEA
				ReadAttributes
				
Access Check Results:
	READ_CONTROL:	Granted by	D:(A;OICI;FA;;;WD)
				ReadData (or ListDirectory):	Granted by	D:(A;OICI;FA;;;WD)
				ReadEA:	Granted by	D:(A;OICI;FA;;;WD)
				ReadAttributes:	Granted by	D:(A;OICI;FA;;;WD)
				


Event[334]:
  Log Name: Security
  Source: Microsoft-Windows-Security-Auditing
  Date: 2013-07-11T07:39:53.328
  Event ID: 4656
  Task: File System
  Level: Information
  Opcode: Info
  Keyword: Audit Success
  User: N/A
  User Name: N/A
  Computer: META2008R2.target.tgt
  Description: 
A handle to an object was requested.

Subject:
	Security ID:		S-1-5-21-656491628-4158127674-1157389670-1355
	Account Name:		jwinters
	Account Domain:		TARGET
	Logon ID:		0x469259d

Object:
	Object Server:		Security
	Object Type:		File
	Object Name:		C:\SharedFiles\Potluck\Cards.txt
	Handle ID:		0xbd0

Process Information:
	Process ID:		0x4
	Process Name:		

Access Request Information:
	Transaction ID:		{00000000-0000-0000-0000-000000000000}
	Accesses:		READ_CONTROL
				ReadData (or ListDirectory)
				ReadEA
				ReadAttributes
				
	Access Reasons:		READ_CONTROL:	Granted by	D:(A;ID;FA;;;WD)
				ReadData (or ListDirectory):	Granted by	D:(A;ID;FA;;;WD)
				ReadEA:	Granted by	D:(A;ID;FA;;;WD)
				ReadAttributes:	Granted by	D:(A;ID;FA;;;WD)
				
	Access Mask:		0x20089
	Privileges Used for Access Check:	-
	Restricted SID Count:	0

Event[335]:
  Log Name: Security
  Source: Microsoft-Windows-Security-Auditing
  Date: 2013-07-11T07:39:53.328
  Event ID: 4663
  Task: File System
  Level: Information
  Opcode: Info
  Keyword: Audit Success
  User: N/A
  User Name: N/A
  Computer: META2008R2.target.tgt
  Description: 
An attempt was made to access an object.

Subject:
	Security ID:		S-1-5-21-656491628-4158127674-1157389670-1355
	Account Name:		jwinters
	Account Domain:		TARGET
	Logon ID:		0x469259d

Object:
	Object Server:	Security
	Object Type:	File
	Object Name:	C:\SharedFiles\Potluck\Cards.txt
	Handle ID:	0xbd0

Process Information:
	Process ID:	0x4
	Process Name:	

Access Request Information:
	Accesses:	ReadAttributes
				
	Access Mask:	0x80

Event[336]:
  Log Name: Security
  Source: Microsoft-Windows-Security-Auditing
  Date: 2013-07-11T07:39:53.329
  Event ID: 5145
  Task: Detailed File Share
  Level: Information
  Opcode: Info
  Keyword: Audit Success
  User: N/A
  User Name: N/A
  Computer: META2008R2.target.tgt
  Description: 
A network share object was checked to see whether client can be granted desired access.
	
Subject:
	Security ID:		S-1-5-21-656491628-4158127674-1157389670-1355
	Account Name:		jwinters
	Account Domain:		TARGET
	Logon ID:		0x469259d

Network Information:	
	Object Type:		File
	Source Address:		10.12.1.135
	Source Port:		2677
	
Share Information:
	Share Name:		\\*\SharedFiles
	Share Path:		\??\C:\SharedFiles
	Relative Target Name:	Potluck\Cards.txt

Access Request Information:
	Access Mask:		0x20089
	Accesses:		READ_CONTROL
				ReadData (or ListDirectory)
				ReadEA
				ReadAttributes
				
Access Check Results:
	READ_CONTROL:	Granted by	D:(A;OICI;FA;;;WD)
				ReadData (or ListDirectory):	Granted by	D:(A;OICI;FA;;;WD)
				ReadEA:	Granted by	D:(A;OICI;FA;;;WD)
				ReadAttributes:	Granted by	D:(A;OICI;FA;;;WD)
				


Event[337]:
  Log Name: Security
  Source: Microsoft-Windows-Security-Auditing
  Date: 2013-07-11T07:39:53.329
  Event ID: 4656
  Task: File System
  Level: Information
  Opcode: Info
  Keyword: Audit Success
  User: N/A
  User Name: N/A
  Computer: META2008R2.target.tgt
  Description: 
A handle to an object was requested.

Subject:
	Security ID:		S-1-5-21-656491628-4158127674-1157389670-1355
	Account Name:		jwinters
	Account Domain:		TARGET
	Logon ID:		0x469259d

Object:
	Object Server:		Security
	Object Type:		File
	Object Name:		C:\SharedFiles\Potluck\Cards.txt
	Handle ID:		0x2ebc

Process Information:
	Process ID:		0x4
	Process Name:		

Access Request Information:
	Transaction ID:		{00000000-0000-0000-0000-000000000000}
	Accesses:		READ_CONTROL
				ReadData (or ListDirectory)
				ReadEA
				ReadAttributes
				
	Access Reasons:		READ_CONTROL:	Granted by	D:(A;ID;FA;;;WD)
				ReadData (or ListDirectory):	Granted by	D:(A;ID;FA;;;WD)
				ReadEA:	Granted by	D:(A;ID;FA;;;WD)
				ReadAttributes:	Granted by	D:(A;ID;FA;;;WD)
				
	Access Mask:		0x20089
	Privileges Used for Access Check:	-
	Restricted SID Count:	0

Event[338]:
  Log Name: Security
  Source: Microsoft-Windows-Security-Auditing
  Date: 2013-07-11T07:39:53.329
  Event ID: 4658
  Task: File System
  Level: Information
  Opcode: Info
  Keyword: Audit Success
  User: N/A
  User Name: N/A
  Computer: META2008R2.target.tgt
  Description: 
The handle to an object was closed.

Subject :
	Security ID:		S-1-5-21-656491628-4158127674-1157389670-1355
	Account Name:		jwinters
	Account Domain:		TARGET
	Logon ID:		0x469259d

Object:
	Object Server:		Security
	Handle ID:		0xbd0

Process Information:
	Process ID:		0x4
	Process Name:		

Event[339]:
  Log Name: Security
  Source: Microsoft-Windows-Security-Auditing
  Date: 2013-07-11T07:39:53.329
  Event ID: 4663
  Task: File System
  Level: Information
  Opcode: Info
  Keyword: Audit Success
  User: N/A
  User Name: N/A
  Computer: META2008R2.target.tgt
  Description: 
An attempt was made to access an object.

Subject:
	Security ID:		S-1-5-21-656491628-4158127674-1157389670-1355
	Account Name:		jwinters
	Account Domain:		TARGET
	Logon ID:		0x469259d

Object:
	Object Server:	Security
	Object Type:	File
	Object Name:	C:\SharedFiles\Potluck\Cards.txt
	Handle ID:	0x2ebc

Process Information:
	Process ID:	0x4
	Process Name:	

Access Request Information:
	Accesses:	ReadAttributes
				
	Access Mask:	0x80

Event[340]:
  Log Name: Security
  Source: Microsoft-Windows-Security-Auditing
  Date: 2013-07-11T07:39:53.331
  Event ID: 5145
  Task: Detailed File Share
  Level: Information
  Opcode: Info
  Keyword: Audit Success
  User: N/A
  User Name: N/A
  Computer: META2008R2.target.tgt
  Description: 
A network share object was checked to see whether client can be granted desired access.
	
Subject:
	Security ID:		S-1-5-21-656491628-4158127674-1157389670-1355
	Account Name:		jwinters
	Account Domain:		TARGET
	Logon ID:		0x469259d

Network Information:	
	Object Type:		File
	Source Address:		10.12.1.135
	Source Port:		2677
	
Share Information:
	Share Name:		\\*\SharedFiles
	Share Path:		\??\C:\SharedFiles
	Relative Target Name:	Potluck\InviteList.doc

Access Request Information:
	Access Mask:		0x20089
	Accesses:		READ_CONTROL
				ReadData (or ListDirectory)
				ReadEA
				ReadAttributes
				
Access Check Results:
	READ_CONTROL:	Granted by	D:(A;OICI;FA;;;WD)
				ReadData (or ListDirectory):	Granted by	D:(A;OICI;FA;;;WD)
				ReadEA:	Granted by	D:(A;OICI;FA;;;WD)
				ReadAttributes:	Granted by	D:(A;OICI;FA;;;WD)
				


Event[341]:
  Log Name: Security
  Source: Microsoft-Windows-Security-Auditing
  Date: 2013-07-11T07:39:53.331
  Event ID: 4656
  Task: File System
  Level: Information
  Opcode: Info
  Keyword: Audit Success
  User: N/A
  User Name: N/A
  Computer: META2008R2.target.tgt
  Description: 
A handle to an object was requested.

Subject:
	Security ID:		S-1-5-21-656491628-4158127674-1157389670-1355
	Account Name:		jwinters
	Account Domain:		TARGET
	Logon ID:		0x469259d

Object:
	Object Server:		Security
	Object Type:		File
	Object Name:		C:\SharedFiles\Potluck\InviteList.doc
	Handle ID:		0xbd0

Process Information:
	Process ID:		0x4
	Process Name:		

Access Request Information:
	Transaction ID:		{00000000-0000-0000-0000-000000000000}
	Accesses:		READ_CONTROL
				ReadData (or ListDirectory)
				ReadEA
				ReadAttributes
				
	Access Reasons:		READ_CONTROL:	Granted by	D:(A;ID;FA;;;WD)
				ReadData (or ListDirectory):	Granted by	D:(A;ID;FA;;;WD)
				ReadEA:	Granted by	D:(A;ID;FA;;;WD)
				ReadAttributes:	Granted by	D:(A;ID;FA;;;WD)
				
	Access Mask:		0x20089
	Privileges Used for Access Check:	-
	Restricted SID Count:	0

Event[342]:
  Log Name: Security
  Source: Microsoft-Windows-Security-Auditing
  Date: 2013-07-11T07:39:53.331
  Event ID: 4663
  Task: File System
  Level: Information
  Opcode: Info
  Keyword: Audit Success
  User: N/A
  User Name: N/A
  Computer: META2008R2.target.tgt
  Description: 
An attempt was made to access an object.

Subject:
	Security ID:		S-1-5-21-656491628-4158127674-1157389670-1355
	Account Name:		jwinters
	Account Domain:		TARGET
	Logon ID:		0x469259d

Object:
	Object Server:	Security
	Object Type:	File
	Object Name:	C:\SharedFiles\Potluck\InviteList.doc
	Handle ID:	0xbd0

Process Information:
	Process ID:	0x4
	Process Name:	

Access Request Information:
	Accesses:	ReadAttributes
				
	Access Mask:	0x80

Event[343]:
  Log Name: Security
  Source: Microsoft-Windows-Security-Auditing
  Date: 2013-07-11T07:39:53.332
  Event ID: 5145
  Task: Detailed File Share
  Level: Information
  Opcode: Info
  Keyword: Audit Success
  User: N/A
  User Name: N/A
  Computer: META2008R2.target.tgt
  Description: 
A network share object was checked to see whether client can be granted desired access.
	
Subject:
	Security ID:		S-1-5-21-656491628-4158127674-1157389670-1355
	Account Name:		jwinters
	Account Domain:		TARGET
	Logon ID:		0x469259d

Network Information:	
	Object Type:		File
	Source Address:		10.12.1.135
	Source Port:		2677
	
Share Information:
	Share Name:		\\*\SharedFiles
	Share Path:		\??\C:\SharedFiles
	Relative Target Name:	Potluck\InviteList.doc

Access Request Information:
	Access Mask:		0x20089
	Accesses:		READ_CONTROL
				ReadData (or ListDirectory)
				ReadEA
				ReadAttributes
				
Access Check Results:
	READ_CONTROL:	Granted by	D:(A;OICI;FA;;;WD)
				ReadData (or ListDirectory):	Granted by	D:(A;OICI;FA;;;WD)
				ReadEA:	Granted by	D:(A;OICI;FA;;;WD)
				ReadAttributes:	Granted by	D:(A;OICI;FA;;;WD)
				


Event[344]:
  Log Name: Security
  Source: Microsoft-Windows-Security-Auditing
  Date: 2013-07-11T07:39:53.332
  Event ID: 4656
  Task: File System
  Level: Information
  Opcode: Info
  Keyword: Audit Success
  User: N/A
  User Name: N/A
  Computer: META2008R2.target.tgt
  Description: 
A handle to an object was requested.

Subject:
	Security ID:		S-1-5-21-656491628-4158127674-1157389670-1355
	Account Name:		jwinters
	Account Domain:		TARGET
	Logon ID:		0x469259d

Object:
	Object Server:		Security
	Object Type:		File
	Object Name:		C:\SharedFiles\Potluck\InviteList.doc
	Handle ID:		0x19c0

Process Information:
	Process ID:		0x4
	Process Name:		

Access Request Information:
	Transaction ID:		{00000000-0000-0000-0000-000000000000}
	Accesses:		READ_CONTROL
				ReadData (or ListDirectory)
				ReadEA
				ReadAttributes
				
	Access Reasons:		READ_CONTROL:	Granted by	D:(A;ID;FA;;;WD)
				ReadData (or ListDirectory):	Granted by	D:(A;ID;FA;;;WD)
				ReadEA:	Granted by	D:(A;ID;FA;;;WD)
				ReadAttributes:	Granted by	D:(A;ID;FA;;;WD)
				
	Access Mask:		0x20089
	Privileges Used for Access Check:	-
	Restricted SID Count:	0

Event[345]:
  Log Name: Security
  Source: Microsoft-Windows-Security-Auditing
  Date: 2013-07-11T07:39:53.332
  Event ID: 4658
  Task: File System
  Level: Information
  Opcode: Info
  Keyword: Audit Success
  User: N/A
  User Name: N/A
  Computer: META2008R2.target.tgt
  Description: 
The handle to an object was closed.

Subject :
	Security ID:		S-1-5-21-656491628-4158127674-1157389670-1355
	Account Name:		jwinters
	Account Domain:		TARGET
	Logon ID:		0x469259d

Object:
	Object Server:		Security
	Handle ID:		0xbd0

Process Information:
	Process ID:		0x4
	Process Name:		

Event[346]:
  Log Name: Security
  Source: Microsoft-Windows-Security-Auditing
  Date: 2013-07-11T07:39:53.332
  Event ID: 4663
  Task: File System
  Level: Information
  Opcode: Info
  Keyword: Audit Success
  User: N/A
  User Name: N/A
  Computer: META2008R2.target.tgt
  Description: 
An attempt was made to access an object.

Subject:
	Security ID:		S-1-5-21-656491628-4158127674-1157389670-1355
	Account Name:		jwinters
	Account Domain:		TARGET
	Logon ID:		0x469259d

Object:
	Object Server:	Security
	Object Type:	File
	Object Name:	C:\SharedFiles\Potluck\InviteList.doc
	Handle ID:	0x19c0

Process Information:
	Process ID:	0x4
	Process Name:	

Access Request Information:
	Accesses:	ReadAttributes
				
	Access Mask:	0x80

Event[347]:
  Log Name: Security
  Source: Microsoft-Windows-Security-Auditing
  Date: 2013-07-11T07:39:53.334
  Event ID: 5145
  Task: Detailed File Share
  Level: Information
  Opcode: Info
  Keyword: Audit Success
  User: N/A
  User Name: N/A
  Computer: META2008R2.target.tgt
  Description: 
A network share object was checked to see whether client can be granted desired access.
	
Subject:
	Security ID:		S-1-5-21-656491628-4158127674-1157389670-1355
	Account Name:		jwinters
	Account Domain:		TARGET
	Logon ID:		0x469259d

Network Information:	
	Object Type:		File
	Source Address:		10.12.1.135
	Source Port:		2677
	
Share Information:
	Share Name:		\\*\SharedFiles
	Share Path:		\??\C:\SharedFiles
	Relative Target Name:	Potluck\Setup.xls

Access Request Information:
	Access Mask:		0x20089
	Accesses:		READ_CONTROL
				ReadData (or ListDirectory)
				ReadEA
				ReadAttributes
				
Access Check Results:
	READ_CONTROL:	Granted by	D:(A;OICI;FA;;;WD)
				ReadData (or ListDirectory):	Granted by	D:(A;OICI;FA;;;WD)
				ReadEA:	Granted by	D:(A;OICI;FA;;;WD)
				ReadAttributes:	Granted by	D:(A;OICI;FA;;;WD)
				


Event[348]:
  Log Name: Security
  Source: Microsoft-Windows-Security-Auditing
  Date: 2013-07-11T07:39:53.334
  Event ID: 4656
  Task: File System
  Level: Information
  Opcode: Info
  Keyword: Audit Success
  User: N/A
  User Name: N/A
  Computer: META2008R2.target.tgt
  Description: 
A handle to an object was requested.

Subject:
	Security ID:		S-1-5-21-656491628-4158127674-1157389670-1355
	Account Name:		jwinters
	Account Domain:		TARGET
	Logon ID:		0x469259d

Object:
	Object Server:		Security
	Object Type:		File
	Object Name:		C:\SharedFiles\Potluck\Setup.xls
	Handle ID:		0xbd0

Process Information:
	Process ID:		0x4
	Process Name:		

Access Request Information:
	Transaction ID:		{00000000-0000-0000-0000-000000000000}
	Accesses:		READ_CONTROL
				ReadData (or ListDirectory)
				ReadEA
				ReadAttributes
				
	Access Reasons:		READ_CONTROL:	Granted by	D:(A;ID;FA;;;WD)
				ReadData (or ListDirectory):	Granted by	D:(A;ID;FA;;;WD)
				ReadEA:	Granted by	D:(A;ID;FA;;;WD)
				ReadAttributes:	Granted by	D:(A;ID;FA;;;WD)
				
	Access Mask:		0x20089
	Privileges Used for Access Check:	-
	Restricted SID Count:	0

Event[349]:
  Log Name: Security
  Source: Microsoft-Windows-Security-Auditing
  Date: 2013-07-11T07:39:53.334
  Event ID: 4663
  Task: File System
  Level: Information
  Opcode: Info
  Keyword: Audit Success
  User: N/A
  User Name: N/A
  Computer: META2008R2.target.tgt
  Description: 
An attempt was made to access an object.

Subject:
	Security ID:		S-1-5-21-656491628-4158127674-1157389670-1355
	Account Name:		jwinters
	Account Domain:		TARGET
	Logon ID:		0x469259d

Object:
	Object Server:	Security
	Object Type:	File
	Object Name:	C:\SharedFiles\Potluck\Setup.xls
	Handle ID:	0xbd0

Process Information:
	Process ID:	0x4
	Process Name:	

Access Request Information:
	Accesses:	ReadAttributes
				
	Access Mask:	0x80

Event[350]:
  Log Name: Security
  Source: Microsoft-Windows-Security-Auditing
  Date: 2013-07-11T07:39:53.335
  Event ID: 5145
  Task: Detailed File Share
  Level: Information
  Opcode: Info
  Keyword: Audit Success
  User: N/A
  User Name: N/A
  Computer: META2008R2.target.tgt
  Description: 
A network share object was checked to see whether client can be granted desired access.
	
Subject:
	Security ID:		S-1-5-21-656491628-4158127674-1157389670-1355
	Account Name:		jwinters
	Account Domain:		TARGET
	Logon ID:		0x469259d

Network Information:	
	Object Type:		File
	Source Address:		10.12.1.135
	Source Port:		2677
	
Share Information:
	Share Name:		\\*\SharedFiles
	Share Path:		\??\C:\SharedFiles
	Relative Target Name:	Potluck\Setup.xls

Access Request Information:
	Access Mask:		0x20089
	Accesses:		READ_CONTROL
				ReadData (or ListDirectory)
				ReadEA
				ReadAttributes
				
Access Check Results:
	READ_CONTROL:	Granted by	D:(A;OICI;FA;;;WD)
				ReadData (or ListDirectory):	Granted by	D:(A;OICI;FA;;;WD)
				ReadEA:	Granted by	D:(A;OICI;FA;;;WD)
				ReadAttributes:	Granted by	D:(A;OICI;FA;;;WD)
				


Event[351]:
  Log Name: Security
  Source: Microsoft-Windows-Security-Auditing
  Date: 2013-07-11T07:39:53.335
  Event ID: 4656
  Task: File System
  Level: Information
  Opcode: Info
  Keyword: Audit Success
  User: N/A
  User Name: N/A
  Computer: META2008R2.target.tgt
  Description: 
A handle to an object was requested.

Subject:
	Security ID:		S-1-5-21-656491628-4158127674-1157389670-1355
	Account Name:		jwinters
	Account Domain:		TARGET
	Logon ID:		0x469259d

Object:
	Object Server:		Security
	Object Type:		File
	Object Name:		C:\SharedFiles\Potluck\Setup.xls
	Handle ID:		0x2ff4

Process Information:
	Process ID:		0x4
	Process Name:		

Access Request Information:
	Transaction ID:		{00000000-0000-0000-0000-000000000000}
	Accesses:		READ_CONTROL
				ReadData (or ListDirectory)
				ReadEA
				ReadAttributes
				
	Access Reasons:		READ_CONTROL:	Granted by	D:(A;ID;FA;;;WD)
				ReadData (or ListDirectory):	Granted by	D:(A;ID;FA;;;WD)
				ReadEA:	Granted by	D:(A;ID;FA;;;WD)
				ReadAttributes:	Granted by	D:(A;ID;FA;;;WD)
				
	Access Mask:		0x20089
	Privileges Used for Access Check:	-
	Restricted SID Count:	0

Event[352]:
  Log Name: Security
  Source: Microsoft-Windows-Security-Auditing
  Date: 2013-07-11T07:39:53.335
  Event ID: 4658
  Task: File System
  Level: Information
  Opcode: Info
  Keyword: Audit Success
  User: N/A
  User Name: N/A
  Computer: META2008R2.target.tgt
  Description: 
The handle to an object was closed.

Subject :
	Security ID:		S-1-5-21-656491628-4158127674-1157389670-1355
	Account Name:		jwinters
	Account Domain:		TARGET
	Logon ID:		0x469259d

Object:
	Object Server:		Security
	Handle ID:		0xbd0

Process Information:
	Process ID:		0x4
	Process Name:		

Event[353]:
  Log Name: Security
  Source: Microsoft-Windows-Security-Auditing
  Date: 2013-07-11T07:39:53.335
  Event ID: 4663
  Task: File System
  Level: Information
  Opcode: Info
  Keyword: Audit Success
  User: N/A
  User Name: N/A
  Computer: META2008R2.target.tgt
  Description: 
An attempt was made to access an object.

Subject:
	Security ID:		S-1-5-21-656491628-4158127674-1157389670-1355
	Account Name:		jwinters
	Account Domain:		TARGET
	Logon ID:		0x469259d

Object:
	Object Server:	Security
	Object Type:	File
	Object Name:	C:\SharedFiles\Potluck\Setup.xls
	Handle ID:	0x2ff4

Process Information:
	Process ID:	0x4
	Process Name:	

Access Request Information:
	Accesses:	ReadAttributes
				
	Access Mask:	0x80

Event[354]:
  Log Name: Security
  Source: Microsoft-Windows-Security-Auditing
  Date: 2013-07-11T07:39:53.337
  Event ID: 5145
  Task: Detailed File Share
  Level: Information
  Opcode: Info
  Keyword: Audit Success
  User: N/A
  User Name: N/A
  Computer: META2008R2.target.tgt
  Description: 
A network share object was checked to see whether client can be granted desired access.
	
Subject:
	Security ID:		S-1-5-21-656491628-4158127674-1157389670-1355
	Account Name:		jwinters
	Account Domain:		TARGET
	Logon ID:		0x469259d

Network Information:	
	Object Type:		File
	Source Address:		10.12.1.135
	Source Port:		2677
	
Share Information:
	Share Name:		\\*\SharedFiles
	Share Path:		\??\C:\SharedFiles
	Relative Target Name:	Potluck\WhiteElephant.doc

Access Request Information:
	Access Mask:		0x20089
	Accesses:		READ_CONTROL
				ReadData (or ListDirectory)
				ReadEA
				ReadAttributes
				
Access Check Results:
	READ_CONTROL:	Granted by	D:(A;OICI;FA;;;WD)
				ReadData (or ListDirectory):	Granted by	D:(A;OICI;FA;;;WD)
				ReadEA:	Granted by	D:(A;OICI;FA;;;WD)
				ReadAttributes:	Granted by	D:(A;OICI;FA;;;WD)
				


Event[355]:
  Log Name: Security
  Source: Microsoft-Windows-Security-Auditing
  Date: 2013-07-11T07:39:53.337
  Event ID: 4656
  Task: File System
  Level: Information
  Opcode: Info
  Keyword: Audit Success
  User: N/A
  User Name: N/A
  Computer: META2008R2.target.tgt
  Description: 
A handle to an object was requested.

Subject:
	Security ID:		S-1-5-21-656491628-4158127674-1157389670-1355
	Account Name:		jwinters
	Account Domain:		TARGET
	Logon ID:		0x469259d

Object:
	Object Server:		Security
	Object Type:		File
	Object Name:		C:\SharedFiles\Potluck\WhiteElephant.doc
	Handle ID:		0xbd0

Process Information:
	Process ID:		0x4
	Process Name:		

Access Request Information:
	Transaction ID:		{00000000-0000-0000-0000-000000000000}
	Accesses:		READ_CONTROL
				ReadData (or ListDirectory)
				ReadEA
				ReadAttributes
				
	Access Reasons:		READ_CONTROL:	Granted by	D:(A;ID;FA;;;WD)
				ReadData (or ListDirectory):	Granted by	D:(A;ID;FA;;;WD)
				ReadEA:	Granted by	D:(A;ID;FA;;;WD)
				ReadAttributes:	Granted by	D:(A;ID;FA;;;WD)
				
	Access Mask:		0x20089
	Privileges Used for Access Check:	-
	Restricted SID Count:	0

Event[356]:
  Log Name: Security
  Source: Microsoft-Windows-Security-Auditing
  Date: 2013-07-11T07:39:53.337
  Event ID: 4663
  Task: File System
  Level: Information
  Opcode: Info
  Keyword: Audit Success
  User: N/A
  User Name: N/A
  Computer: META2008R2.target.tgt
  Description: 
An attempt was made to access an object.

Subject:
	Security ID:		S-1-5-21-656491628-4158127674-1157389670-1355
	Account Name:		jwinters
	Account Domain:		TARGET
	Logon ID:		0x469259d

Object:
	Object Server:	Security
	Object Type:	File
	Object Name:	C:\SharedFiles\Potluck\WhiteElephant.doc
	Handle ID:	0xbd0

Process Information:
	Process ID:	0x4
	Process Name:	

Access Request Information:
	Accesses:	ReadAttributes
				
	Access Mask:	0x80

Event[357]:
  Log Name: Security
  Source: Microsoft-Windows-Security-Auditing
  Date: 2013-07-11T07:39:53.338
  Event ID: 5145
  Task: Detailed File Share
  Level: Information
  Opcode: Info
  Keyword: Audit Success
  User: N/A
  User Name: N/A
  Computer: META2008R2.target.tgt
  Description: 
A network share object was checked to see whether client can be granted desired access.
	
Subject:
	Security ID:		S-1-5-21-656491628-4158127674-1157389670-1355
	Account Name:		jwinters
	Account Domain:		TARGET
	Logon ID:		0x469259d

Network Information:	
	Object Type:		File
	Source Address:		10.12.1.135
	Source Port:		2677
	
Share Information:
	Share Name:		\\*\SharedFiles
	Share Path:		\??\C:\SharedFiles
	Relative Target Name:	Potluck\WhiteElephant.doc

Access Request Information:
	Access Mask:		0x20089
	Accesses:		READ_CONTROL
				ReadData (or ListDirectory)
				ReadEA
				ReadAttributes
				
Access Check Results:
	READ_CONTROL:	Granted by	D:(A;OICI;FA;;;WD)
				ReadData (or ListDirectory):	Granted by	D:(A;OICI;FA;;;WD)
				ReadEA:	Granted by	D:(A;OICI;FA;;;WD)
				ReadAttributes:	Granted by	D:(A;OICI;FA;;;WD)
				


Event[358]:
  Log Name: Security
  Source: Microsoft-Windows-Security-Auditing
  Date: 2013-07-11T07:39:53.338
  Event ID: 4656
  Task: File System
  Level: Information
  Opcode: Info
  Keyword: Audit Success
  User: N/A
  User Name: N/A
  Computer: META2008R2.target.tgt
  Description: 
A handle to an object was requested.

Subject:
	Security ID:		S-1-5-21-656491628-4158127674-1157389670-1355
	Account Name:		jwinters
	Account Domain:		TARGET
	Logon ID:		0x469259d

Object:
	Object Server:		Security
	Object Type:		File
	Object Name:		C:\SharedFiles\Potluck\WhiteElephant.doc
	Handle ID:		0xd60

Process Information:
	Process ID:		0x4
	Process Name:		

Access Request Information:
	Transaction ID:		{00000000-0000-0000-0000-000000000000}
	Accesses:		READ_CONTROL
				ReadData (or ListDirectory)
				ReadEA
				ReadAttributes
				
	Access Reasons:		READ_CONTROL:	Granted by	D:(A;ID;FA;;;WD)
				ReadData (or ListDirectory):	Granted by	D:(A;ID;FA;;;WD)
				ReadEA:	Granted by	D:(A;ID;FA;;;WD)
				ReadAttributes:	Granted by	D:(A;ID;FA;;;WD)
				
	Access Mask:		0x20089
	Privileges Used for Access Check:	-
	Restricted SID Count:	0

Event[359]:
  Log Name: Security
  Source: Microsoft-Windows-Security-Auditing
  Date: 2013-07-11T07:39:53.338
  Event ID: 4658
  Task: File System
  Level: Information
  Opcode: Info
  Keyword: Audit Success
  User: N/A
  User Name: N/A
  Computer: META2008R2.target.tgt
  Description: 
The handle to an object was closed.

Subject :
	Security ID:		S-1-5-21-656491628-4158127674-1157389670-1355
	Account Name:		jwinters
	Account Domain:		TARGET
	Logon ID:		0x469259d

Object:
	Object Server:		Security
	Handle ID:		0xbd0

Process Information:
	Process ID:		0x4
	Process Name:		

Event[360]:
  Log Name: Security
  Source: Microsoft-Windows-Security-Auditing
  Date: 2013-07-11T07:39:53.338
  Event ID: 4663
  Task: File System
  Level: Information
  Opcode: Info
  Keyword: Audit Success
  User: N/A
  User Name: N/A
  Computer: META2008R2.target.tgt
  Description: 
An attempt was made to access an object.

Subject:
	Security ID:		S-1-5-21-656491628-4158127674-1157389670-1355
	Account Name:		jwinters
	Account Domain:		TARGET
	Logon ID:		0x469259d

Object:
	Object Server:	Security
	Object Type:	File
	Object Name:	C:\SharedFiles\Potluck\WhiteElephant.doc
	Handle ID:	0xd60

Process Information:
	Process ID:	0x4
	Process Name:	

Access Request Information:
	Accesses:	ReadAttributes
				
	Access Mask:	0x80

Event[361]:
  Log Name: Security
  Source: Microsoft-Windows-Security-Auditing
  Date: 2013-07-11T07:39:53.340
  Event ID: 5145
  Task: Detailed File Share
  Level: Information
  Opcode: Info
  Keyword: Audit Success
  User: N/A
  User Name: N/A
  Computer: META2008R2.target.tgt
  Description: 
A network share object was checked to see whether client can be granted desired access.
	
Subject:
	Security ID:		S-1-5-21-656491628-4158127674-1157389670-1355
	Account Name:		jwinters
	Account Domain:		TARGET
	Logon ID:		0x469259d

Network Information:	
	Object Type:		File
	Source Address:		10.12.1.135
	Source Port:		2677
	
Share Information:
	Share Name:		\\*\SharedFiles
	Share Path:		\??\C:\SharedFiles
	Relative Target Name:	Potluck\WhiteRussians.txt

Access Request Information:
	Access Mask:		0x20089
	Accesses:		READ_CONTROL
				ReadData (or ListDirectory)
				ReadEA
				ReadAttributes
				
Access Check Results:
	READ_CONTROL:	Granted by	D:(A;OICI;FA;;;WD)
				ReadData (or ListDirectory):	Granted by	D:(A;OICI;FA;;;WD)
				ReadEA:	Granted by	D:(A;OICI;FA;;;WD)
				ReadAttributes:	Granted by	D:(A;OICI;FA;;;WD)
				


Event[362]:
  Log Name: Security
  Source: Microsoft-Windows-Security-Auditing
  Date: 2013-07-11T07:39:53.340
  Event ID: 4656
  Task: File System
  Level: Information
  Opcode: Info
  Keyword: Audit Success
  User: N/A
  User Name: N/A
  Computer: META2008R2.target.tgt
  Description: 
A handle to an object was requested.

Subject:
	Security ID:		S-1-5-21-656491628-4158127674-1157389670-1355
	Account Name:		jwinters
	Account Domain:		TARGET
	Logon ID:		0x469259d

Object:
	Object Server:		Security
	Object Type:		File
	Object Name:		C:\SharedFiles\Potluck\WhiteRussians.txt
	Handle ID:		0xbd0

Process Information:
	Process ID:		0x4
	Process Name:		

Access Request Information:
	Transaction ID:		{00000000-0000-0000-0000-000000000000}
	Accesses:		READ_CONTROL
				ReadData (or ListDirectory)
				ReadEA
				ReadAttributes
				
	Access Reasons:		READ_CONTROL:	Granted by	D:(A;ID;FA;;;WD)
				ReadData (or ListDirectory):	Granted by	D:(A;ID;FA;;;WD)
				ReadEA:	Granted by	D:(A;ID;FA;;;WD)
				ReadAttributes:	Granted by	D:(A;ID;FA;;;WD)
				
	Access Mask:		0x20089
	Privileges Used for Access Check:	-
	Restricted SID Count:	0

Event[363]:
