  Log Name: Security
  Source: Microsoft-Windows-Security-Auditing
  Date: 2013-07-11T07:39:53.260
  Event ID: 4656
  Task: File System
  Level: Information
  Opcode: Info
  Keyword: Audit Success
  User: N/A
  User Name: N/A
  Computer: META2008R2.target.tgt
  Description: 
A handle to an object was requested.

Subject:
	Security ID:		S-1-5-21-656491628-4158127674-1157389670-1355
	Account Name:		jwinters
	Account Domain:		TARGET
	Logon ID:		0x469259d

Object:
	Object Server:		Security
	Object Type:		File
	Object Name:		C:\SharedFiles\Ea
	Handle ID:		0xbd0

Process Information:
	Process ID:		0x4
	Process Name:		

Access Request Information:
	Transaction ID:		{00000000-0000-0000-0000-000000000000}
	Accesses:		ReadAttributes
				
	Access Reasons:		ReadAttributes:	Granted by	D:(A;OICIID;FA;;;WD)
				
	Access Mask:		0x80
	Privileges Used for Access Check:	-
	Restricted SID Count:	0

Event[65]:
  Log Name: Security
  Source: Microsoft-Windows-Security-Auditing
  Date: 2013-07-11T07:39:53.260
  Event ID: 4663
  Task: File System
  Level: Information
  Opcode: Info
  Keyword: Audit Success
  User: N/A
  User Name: N/A
  Computer: META2008R2.target.tgt
  Description: 
An attempt was made to access an object.

Subject:
	Security ID:		S-1-5-21-656491628-4158127674-1157389670-1355
	Account Name:		jwinters
	Account Domain:		TARGET
	Logon ID:		0x469259d

Object:
	Object Server:	Security
	Object Type:	File
	Object Name:	C:\SharedFiles\Ea
	Handle ID:	0xbd0

Process Information:
	Process ID:	0x4
	Process Name:	

Access Request Information:
	Accesses:	ReadAttributes
				
	Access Mask:	0x80

Event[66]:
  Log Name: Security
  Source: Microsoft-Windows-Security-Auditing
  Date: 2013-07-11T07:39:53.260
  Event ID: 4658
  Task: File System
  Level: Information
  Opcode: Info
  Keyword: Audit Success
  User: N/A
  User Name: N/A
  Computer: META2008R2.target.tgt
  Description: 
The handle to an object was closed.

Subject :
	Security ID:		S-1-5-21-656491628-4158127674-1157389670-1355
	Account Name:		jwinters
	Account Domain:		TARGET
	Logon ID:		0x469259d

Object:
	Object Server:		Security
	Handle ID:		0xbd0

Process Information:
	Process ID:		0x4
	Process Name:		

Event[67]:
  Log Name: Security
  Source: Microsoft-Windows-Security-Auditing
  Date: 2013-07-11T07:39:53.260
  Event ID: 5145
  Task: Detailed File Share
  Level: Information
  Opcode: Info
  Keyword: Audit Success
  User: N/A
  User Name: N/A
  Computer: META2008R2.target.tgt
  Description: 
A network share object was checked to see whether client can be granted desired access.
	
Subject:
	Security ID:		S-1-5-21-656491628-4158127674-1157389670-1355
	Account Name:		jwinters
	Account Domain:		TARGET
	Logon ID:		0x469259d

Network Information:	
	Object Type:		File
	Source Address:		10.12.1.135
	Source Port:		2677
	
Share Information:
	Share Name:		\\*\SharedFiles
	Share Path:		\??\C:\SharedFiles
	Relative Target Name:	Ea

Access Request Information:
	Access Mask:		0x1
	Accesses:		ReadData (or ListDirectory)
				
Access Check Results:
	ReadData (or ListDirectory):	Granted by	D:(A;OICI;FA;;;WD)
				


Event[68]:
  Log Name: Security
  Source: Microsoft-Windows-Security-Auditing
  Date: 2013-07-11T07:39:53.261
  Event ID: 5145
  Task: Detailed File Share
  Level: Information
  Opcode: Info
  Keyword: Audit Success
  User: N/A
  User Name: N/A
  Computer: META2008R2.target.tgt
  Description: 
A network share object was checked to see whether client can be granted desired access.
	
Subject:
	Security ID:		S-1-5-21-656491628-4158127674-1157389670-1355
	Account Name:		jwinters
	Account Domain:		TARGET
	Logon ID:		0x469259d

Network Information:	
	Object Type:		File
	Source Address:		10.12.1.135
	Source Port:		2677
	
Share Information:
	Share Name:		\\*\SharedFiles
	Share Path:		\??\C:\SharedFiles
	Relative Target Name:	Ea\ErrorRecovery

Access Request Information:
	Access Mask:		0x80
	Accesses:		ReadAttributes
				
Access Check Results:
	ReadAttributes:	Granted by	D:(A;OICI;FA;;;WD)
				


Event[69]:
  Log Name: Security
  Source: Microsoft-Windows-Security-Auditing
  Date: 2013-07-11T07:39:53.261
  Event ID: 4656
  Task: File System
  Level: Information
  Opcode: Info
  Keyword: Audit Success
  User: N/A
  User Name: N/A
  Computer: META2008R2.target.tgt
  Description: 
A handle to an object was requested.

Subject:
	Security ID:		S-1-5-21-656491628-4158127674-1157389670-1355
	Account Name:		jwinters
	Account Domain:		TARGET
	Logon ID:		0x469259d

Object:
	Object Server:		Security
	Object Type:		File
	Object Name:		C:\SharedFiles\Ea\ErrorRecovery
	Handle ID:		0xbd0

Process Information:
	Process ID:		0x4
	Process Name:		

Access Request Information:
	Transaction ID:		{00000000-0000-0000-0000-000000000000}
	Accesses:		ReadAttributes
				
	Access Reasons:		ReadAttributes:	Granted by	D:(A;OICIID;FA;;;WD)
				
	Access Mask:		0x80
	Privileges Used for Access Check:	-
	Restricted SID Count:	0

Event[70]:
  Log Name: Security
  Source: Microsoft-Windows-Security-Auditing
  Date: 2013-07-11T07:39:53.261
  Event ID: 4663
  Task: File System
  Level: Information
  Opcode: Info
  Keyword: Audit Success
  User: N/A
  User Name: N/A
  Computer: META2008R2.target.tgt
  Description: 
An attempt was made to access an object.

Subject:
	Security ID:		S-1-5-21-656491628-4158127674-1157389670-1355
	Account Name:		jwinters
	Account Domain:		TARGET
	Logon ID:		0x469259d

Object:
	Object Server:	Security
	Object Type:	File
	Object Name:	C:\SharedFiles\Ea\ErrorRecovery
	Handle ID:	0xbd0

Process Information:
	Process ID:	0x4
	Process Name:	

Access Request Information:
	Accesses:	ReadAttributes
				
	Access Mask:	0x80

Event[71]:
  Log Name: Security
  Source: Microsoft-Windows-Security-Auditing
  Date: 2013-07-11T07:39:53.261
  Event ID: 4658
  Task: File System
  Level: Information
  Opcode: Info
  Keyword: Audit Success
  User: N/A
  User Name: N/A
  Computer: META2008R2.target.tgt
  Description: 
The handle to an object was closed.

Subject :
	Security ID:		S-1-5-21-656491628-4158127674-1157389670-1355
	Account Name:		jwinters
	Account Domain:		TARGET
	Logon ID:		0x469259d

Object:
	Object Server:		Security
	Handle ID:		0xbd0

Process Information:
	Process ID:		0x4
	Process Name:		

Event[72]:
  Log Name: Security
  Source: Microsoft-Windows-Security-Auditing
  Date: 2013-07-11T07:39:53.261
  Event ID: 5145
  Task: Detailed File Share
  Level: Information
  Opcode: Info
  Keyword: Audit Success
  User: N/A
  User Name: N/A
  Computer: META2008R2.target.tgt
  Description: 
A network share object was checked to see whether client can be granted desired access.
	
Subject:
	Security ID:		S-1-5-21-656491628-4158127674-1157389670-1355
	Account Name:		jwinters
	Account Domain:		TARGET
	Logon ID:		0x469259d

Network Information:	
	Object Type:		File
	Source Address:		10.12.1.135
	Source Port:		2677
	
Share Information:
	Share Name:		\\*\SharedFiles
	Share Path:		\??\C:\SharedFiles
	Relative Target Name:	Ea\ErrorRecovery

Access Request Information:
	Access Mask:		0x1
	Accesses:		ReadData (or ListDirectory)
				
Access Check Results:
	ReadData (or ListDirectory):	Granted by	D:(A;OICI;FA;;;WD)
				


Event[73]:
  Log Name: Security
  Source: Microsoft-Windows-Security-Auditing
  Date: 2013-07-11T07:39:53.262
  Event ID: 5145
  Task: Detailed File Share
  Level: Information
  Opcode: Info
  Keyword: Audit Success
  User: N/A
  User Name: N/A
  Computer: META2008R2.target.tgt
  Description: 
A network share object was checked to see whether client can be granted desired access.
	
Subject:
	Security ID:		S-1-5-21-656491628-4158127674-1157389670-1355
	Account Name:		jwinters
	Account Domain:		TARGET
	Logon ID:		0x469259d

Network Information:	
	Object Type:		File
	Source Address:		10.12.1.135
	Source Port:		2677
	
Share Information:
	Share Name:		\\*\SharedFiles
	Share Path:		\??\C:\SharedFiles
	Relative Target Name:	\

Access Request Information:
	Access Mask:		0x80
	Accesses:		ReadAttributes
				
Access Check Results:
	ReadAttributes:	Granted by	D:(A;OICI;FA;;;WD)
				


Event[74]:
  Log Name: Security
  Source: Microsoft-Windows-Security-Auditing
  Date: 2013-07-11T07:39:53.262
  Event ID: 4656
  Task: File System
  Level: Information
  Opcode: Info
  Keyword: Audit Success
  User: N/A
  User Name: N/A
  Computer: META2008R2.target.tgt
  Description: 
A handle to an object was requested.

Subject:
	Security ID:		S-1-5-21-656491628-4158127674-1157389670-1355
	Account Name:		jwinters
	Account Domain:		TARGET
	Logon ID:		0x469259d

Object:
	Object Server:		Security
	Object Type:		File
	Object Name:		C:\SharedFiles
	Handle ID:		0xbd0

Process Information:
	Process ID:		0x4
	Process Name:		

Access Request Information:
	Transaction ID:		{00000000-0000-0000-0000-000000000000}
	Accesses:		ReadAttributes
				
	Access Reasons:		ReadAttributes:	Granted by	D:(A;OICI;FA;;;WD)
				
	Access Mask:		0x80
	Privileges Used for Access Check:	-
	Restricted SID Count:	0

Event[75]:
  Log Name: Security
  Source: Microsoft-Windows-Security-Auditing
  Date: 2013-07-11T07:39:53.262
  Event ID: 4663
  Task: File System
  Level: Information
  Opcode: Info
  Keyword: Audit Success
  User: N/A
  User Name: N/A
  Computer: META2008R2.target.tgt
  Description: 
An attempt was made to access an object.

Subject:
	Security ID:		S-1-5-21-656491628-4158127674-1157389670-1355
	Account Name:		jwinters
	Account Domain:		TARGET
	Logon ID:		0x469259d

Object:
	Object Server:	Security
	Object Type:	File
	Object Name:	C:\SharedFiles
	Handle ID:	0xbd0

Process Information:
	Process ID:	0x4
	Process Name:	

Access Request Information:
	Accesses:	ReadAttributes
				
	Access Mask:	0x80

Event[76]:
  Log Name: Security
  Source: Microsoft-Windows-Security-Auditing
  Date: 2013-07-11T07:39:53.262
  Event ID: 4658
  Task: File System
  Level: Information
  Opcode: Info
  Keyword: Audit Success
  User: N/A
  User Name: N/A
  Computer: META2008R2.target.tgt
  Description: 
The handle to an object was closed.

Subject :
	Security ID:		S-1-5-21-656491628-4158127674-1157389670-1355
	Account Name:		jwinters
	Account Domain:		TARGET
	Logon ID:		0x469259d

Object:
	Object Server:		Security
	Handle ID:		0xbd0

Process Information:
	Process ID:		0x4
	Process Name:		

Event[77]:
  Log Name: Security
  Source: Microsoft-Windows-Security-Auditing
  Date: 2013-07-11T07:39:53.262
  Event ID: 5145
  Task: Detailed File Share
  Level: Information
  Opcode: Info
  Keyword: Audit Success
  User: N/A
  User Name: N/A
  Computer: META2008R2.target.tgt
  Description: 
A network share object was checked to see whether client can be granted desired access.
	
Subject:
	Security ID:		S-1-5-21-656491628-4158127674-1157389670-1355
	Account Name:		jwinters
	Account Domain:		TARGET
	Logon ID:		0x469259d

Network Information:	
	Object Type:		File
	Source Address:		10.12.1.135
	Source Port:		2677
	
Share Information:
	Share Name:		\\*\SharedFiles
	Share Path:		\??\C:\SharedFiles
	Relative Target Name:	\

Access Request Information:
	Access Mask:		0x1
	Accesses:		ReadData (or ListDirectory)
				
Access Check Results:
	ReadData (or ListDirectory):	Granted by	D:(A;OICI;FA;;;WD)
				


Event[78]:
  Log Name: Security
  Source: Microsoft-Windows-Security-Auditing
  Date: 2013-07-11T07:39:53.263
  Event ID: 5145
  Task: Detailed File Share
  Level: Information
  Opcode: Info
  Keyword: Audit Success
  User: N/A
  User Name: N/A
  Computer: META2008R2.target.tgt
  Description: 
A network share object was checked to see whether client can be granted desired access.
	
Subject:
	Security ID:		S-1-5-21-656491628-4158127674-1157389670-1355
	Account Name:		jwinters
	Account Domain:		TARGET
	Logon ID:		0x469259d

Network Information:	
	Object Type:		File
	Source Address:		10.12.1.135
	Source Port:		2677
	
Share Information:
	Share Name:		\\*\SharedFiles
	Share Path:		\??\C:\SharedFiles
	Relative Target Name:	HelpDesk

Access Request Information:
	Access Mask:		0x80
	Accesses:		ReadAttributes
				
Access Check Results:
	ReadAttributes:	Granted by	D:(A;OICI;FA;;;WD)
				


Event[79]:
  Log Name: Security
  Source: Microsoft-Windows-Security-Auditing
  Date: 2013-07-11T07:39:53.263
  Event ID: 4656
  Task: File System
  Level: Information
  Opcode: Info
  Keyword: Audit Success
  User: N/A
  User Name: N/A
  Computer: META2008R2.target.tgt
  Description: 
A handle to an object was requested.

Subject:
	Security ID:		S-1-5-21-656491628-4158127674-1157389670-1355
	Account Name:		jwinters
	Account Domain:		TARGET
	Logon ID:		0x469259d

Object:
	Object Server:		Security
	Object Type:		File
	Object Name:		C:\SharedFiles\HelpDesk
	Handle ID:		0xbd0

Process Information:
	Process ID:		0x4
	Process Name:		

Access Request Information:
	Transaction ID:		{00000000-0000-0000-0000-000000000000}
	Accesses:		ReadAttributes
				
	Access Reasons:		ReadAttributes:	Granted by	D:(A;OICIID;FA;;;WD)
				
	Access Mask:		0x80
	Privileges Used for Access Check:	-
	Restricted SID Count:	0

Event[80]:
  Log Name: Security
  Source: Microsoft-Windows-Security-Auditing
  Date: 2013-07-11T07:39:53.263
  Event ID: 4663
  Task: File System
  Level: Information
  Opcode: Info
  Keyword: Audit Success
  User: N/A
  User Name: N/A
  Computer: META2008R2.target.tgt
  Description: 
An attempt was made to access an object.

Subject:
	Security ID:		S-1-5-21-656491628-4158127674-1157389670-1355
	Account Name:		jwinters
	Account Domain:		TARGET
	Logon ID:		0x469259d

Object:
	Object Server:	Security
	Object Type:	File
	Object Name:	C:\SharedFiles\HelpDesk
	Handle ID:	0xbd0

Process Information:
	Process ID:	0x4
	Process Name:	

Access Request Information:
	Accesses:	ReadAttributes
				
	Access Mask:	0x80

Event[81]:
  Log Name: Security
  Source: Microsoft-Windows-Security-Auditing
  Date: 2013-07-11T07:39:53.263
  Event ID: 4658
  Task: File System
  Level: Information
  Opcode: Info
  Keyword: Audit Success
  User: N/A
  User Name: N/A
  Computer: META2008R2.target.tgt
  Description: 
The handle to an object was closed.

Subject :
	Security ID:		S-1-5-21-656491628-4158127674-1157389670-1355
	Account Name:		jwinters
	Account Domain:		TARGET
	Logon ID:		0x469259d

Object:
	Object Server:		Security
	Handle ID:		0xbd0

Process Information:
	Process ID:		0x4
	Process Name:		

Event[82]:
  Log Name: Security
  Source: Microsoft-Windows-Security-Auditing
  Date: 2013-07-11T07:39:53.263
  Event ID: 5145
  Task: Detailed File Share
  Level: Information
  Opcode: Info
  Keyword: Audit Success
  User: N/A
  User Name: N/A
  Computer: META2008R2.target.tgt
  Description: 
A network share object was checked to see whether client can be granted desired access.
	
Subject:
	Security ID:		S-1-5-21-656491628-4158127674-1157389670-1355
	Account Name:		jwinters
	Account Domain:		TARGET
	Logon ID:		0x469259d

Network Information:	
	Object Type:		File
	Source Address:		10.12.1.135
	Source Port:		2677
	
Share Information:
	Share Name:		\\*\SharedFiles
	Share Path:		\??\C:\SharedFiles
	Relative Target Name:	HelpDesk

Access Request Information:
	Access Mask:		0x1
	Accesses:		ReadData (or ListDirectory)
				
Access Check Results:
	ReadData (or ListDirectory):	Granted by	D:(A;OICI;FA;;;WD)
				


Event[83]:
  Log Name: Security
  Source: Microsoft-Windows-Security-Auditing
  Date: 2013-07-11T07:39:53.264
  Event ID: 5145
  Task: Detailed File Share
  Level: Information
  Opcode: Info
  Keyword: Audit Success
  User: N/A
  User Name: N/A
  Computer: META2008R2.target.tgt
  Description: 
A network share object was checked to see whether client can be granted desired access.
	
Subject:
	Security ID:		S-1-5-21-656491628-4158127674-1157389670-1355
	Account Name:		jwinters
	Account Domain:		TARGET
	Logon ID:		0x469259d

Network Information:	
	Object Type:		File
	Source Address:		10.12.1.135
	Source Port:		2677
	
Share Information:
	Share Name:		\\*\SharedFiles
	Share Path:		\??\C:\SharedFiles
	Relative Target Name:	\

Access Request Information:
	Access Mask:		0x80
	Accesses:		ReadAttributes
				
Access Check Results:
	ReadAttributes:	Granted by	D:(A;OICI;FA;;;WD)
				


Event[84]:
  Log Name: Security
  Source: Microsoft-Windows-Security-Auditing
  Date: 2013-07-11T07:39:53.264
  Event ID: 4656
  Task: File System
  Level: Information
  Opcode: Info
  Keyword: Audit Success
  User: N/A
  User Name: N/A
  Computer: META2008R2.target.tgt
  Description: 
A handle to an object was requested.

Subject:
	Security ID:		S-1-5-21-656491628-4158127674-1157389670-1355
	Account Name:		jwinters
	Account Domain:		TARGET
	Logon ID:		0x469259d

Object:
	Object Server:		Security
	Object Type:		File
	Object Name:		C:\SharedFiles
	Handle ID:		0xbd0

Process Information:
	Process ID:		0x4
	Process Name:		

Access Request Information:
	Transaction ID:		{00000000-0000-0000-0000-000000000000}
	Accesses:		ReadAttributes
				
	Access Reasons:		ReadAttributes:	Granted by	D:(A;OICI;FA;;;WD)
				
	Access Mask:		0x80
	Privileges Used for Access Check:	-
	Restricted SID Count:	0

Event[85]:
  Log Name: Security
  Source: Microsoft-Windows-Security-Auditing
  Date: 2013-07-11T07:39:53.264
  Event ID: 4663
  Task: File System
  Level: Information
  Opcode: Info
  Keyword: Audit Success
  User: N/A
  User Name: N/A
  Computer: META2008R2.target.tgt
  Description: 
An attempt was made to access an object.

Subject:
	Security ID:		S-1-5-21-656491628-4158127674-1157389670-1355
	Account Name:		jwinters
	Account Domain:		TARGET
	Logon ID:		0x469259d

Object:
	Object Server:	Security
	Object Type:	File
	Object Name:	C:\SharedFiles
	Handle ID:	0xbd0

Process Information:
	Process ID:	0x4
	Process Name:	

Access Request Information:
	Accesses:	ReadAttributes
				
	Access Mask:	0x80

Event[86]:
  Log Name: Security
  Source: Microsoft-Windows-Security-Auditing
  Date: 2013-07-11T07:39:53.264
  Event ID: 4658
  Task: File System
  Level: Information
  Opcode: Info
  Keyword: Audit Success
  User: N/A
  User Name: N/A
  Computer: META2008R2.target.tgt
  Description: 
The handle to an object was closed.

Subject :
	Security ID:		S-1-5-21-656491628-4158127674-1157389670-1355
	Account Name:		jwinters
	Account Domain:		TARGET
	Logon ID:		0x469259d

Object:
	Object Server:		Security
	Handle ID:		0xbd0

Process Information:
	Process ID:		0x4
	Process Name:		

Event[87]:
  Log Name: Security
  Source: Microsoft-Windows-Security-Auditing
  Date: 2013-07-11T07:39:53.264
  Event ID: 5145
  Task: Detailed File Share
  Level: Information
  Opcode: Info
  Keyword: Audit Success
  User: N/A
  User Name: N/A
  Computer: META2008R2.target.tgt
  Description: 
A network share object was checked to see whether client can be granted desired access.
	
Subject:
	Security ID:		S-1-5-21-656491628-4158127674-1157389670-1355
	Account Name:		jwinters
	Account Domain:		TARGET
	Logon ID:		0x469259d

Network Information:	
	Object Type:		File
	Source Address:		10.12.1.135
	Source Port:		2677
	
Share Information:
	Share Name:		\\*\SharedFiles
	Share Path:		\??\C:\SharedFiles
	Relative Target Name:	\

Access Request Information:
	Access Mask:		0x1
	Accesses:		ReadData (or ListDirectory)
				
Access Check Results:
	ReadData (or ListDirectory):	Granted by	D:(A;OICI;FA;;;WD)
				


Event[88]:
  Log Name: Security
  Source: Microsoft-Windows-Security-Auditing
  Date: 2013-07-11T07:39:53.265
  Event ID: 5145
  Task: Detailed File Share
  Level: Information
  Opcode: Info
  Keyword: Audit Success
  User: N/A
  User Name: N/A
  Computer: META2008R2.target.tgt
  Description: 
A network share object was checked to see whether client can be granted desired access.
	
Subject:
	Security ID:		S-1-5-21-656491628-4158127674-1157389670-1355
	Account Name:		jwinters
	Account Domain:		TARGET
	Logon ID:		0x469259d

Network Information:	
	Object Type:		File
	Source Address:		10.12.1.135
	Source Port:		2677
	
Share Information:
	Share Name:		\\*\SharedFiles
	Share Path:		\??\C:\SharedFiles
	Relative Target Name:	Plans

Access Request Information:
	Access Mask:		0x80
	Accesses:		ReadAttributes
				
Access Check Results:
	ReadAttributes:	Granted by	D:(A;OICI;FA;;;WD)
				


Event[89]:
  Log Name: Security
  Source: Microsoft-Windows-Security-Auditing
  Date: 2013-07-11T07:39:53.265
  Event ID: 4656
  Task: File System
  Level: Information
  Opcode: Info
  Keyword: Audit Success
  User: N/A
  User Name: N/A
  Computer: META2008R2.target.tgt
  Description: 
A handle to an object was requested.

Subject:
	Security ID:		S-1-5-21-656491628-4158127674-1157389670-1355
	Account Name:		jwinters
	Account Domain:		TARGET
	Logon ID:		0x469259d

Object:
	Object Server:		Security
	Object Type:		File
	Object Name:		C:\SharedFiles\Plans
	Handle ID:		0xbd0

Process Information:
	Process ID:		0x4
	Process Name:		

Access Request Information:
	Transaction ID:		{00000000-0000-0000-0000-000000000000}
	Accesses:		ReadAttributes
				
	Access Reasons:		ReadAttributes:	Granted by	D:(A;OICIID;FA;;;WD)
				
	Access Mask:		0x80
	Privileges Used for Access Check:	-
	Restricted SID Count:	0

Event[90]:
  Log Name: Security
  Source: Microsoft-Windows-Security-Auditing
  Date: 2013-07-11T07:39:53.265
  Event ID: 4663
  Task: File System
  Level: Information
  Opcode: Info
  Keyword: Audit Success
  User: N/A
  User Name: N/A
  Computer: META2008R2.target.tgt
  Description: 
An attempt was made to access an object.

Subject:
	Security ID:		S-1-5-21-656491628-4158127674-1157389670-1355
	Account Name:		jwinters
	Account Domain:		TARGET
	Logon ID:		0x469259d

Object:
	Object Server:	Security
	Object Type:	File
	Object Name:	C:\SharedFiles\Plans
	Handle ID:	0xbd0

Process Information:
	Process ID:	0x4
	Process Name:	

Access Request Information:
	Accesses:	ReadAttributes
				
	Access Mask:	0x80

Event[91]:
  Log Name: Security
  Source: Microsoft-Windows-Security-Auditing
  Date: 2013-07-11T07:39:53.265
  Event ID: 4658
  Task: File System
  Level: Information
  Opcode: Info
  Keyword: Audit Success
  User: N/A
  User Name: N/A
  Computer: META2008R2.target.tgt
  Description: 
The handle to an object was closed.

Subject :
	Security ID:		S-1-5-21-656491628-4158127674-1157389670-1355
	Account Name:		jwinters
	Account Domain:		TARGET
	Logon ID:		0x469259d

Object:
	Object Server:		Security
	Handle ID:		0xbd0

Process Information:
	Process ID:		0x4
	Process Name:		

Event[92]:
  Log Name: Security
  Source: Microsoft-Windows-Security-Auditing
  Date: 2013-07-11T07:39:53.265
  Event ID: 5145
  Task: Detailed File Share
  Level: Information
  Opcode: Info
  Keyword: Audit Success
  User: N/A
  User Name: N/A
  Computer: META2008R2.target.tgt
  Description: 
A network share object was checked to see whether client can be granted desired access.
	
Subject:
	Security ID:		S-1-5-21-656491628-4158127674-1157389670-1355
	Account Name:		jwinters
	Account Domain:		TARGET
	Logon ID:		0x469259d

Network Information:	
	Object Type:		File
	Source Address:		10.12.1.135
	Source Port:		2677
	
Share Information:
	Share Name:		\\*\SharedFiles
	Share Path:		\??\C:\SharedFiles
	Relative Target Name:	Plans

Access Request Information:
	Access Mask:		0x1
	Accesses:		ReadData (or ListDirectory)
				
Access Check Results:
	ReadData (or ListDirectory):	Granted by	D:(A;OICI;FA;;;WD)
				


Event[93]:
  Log Name: Security
  Source: Microsoft-Windows-Security-Auditing
  Date: 2013-07-11T07:39:53.266
  Event ID: 5145
  Task: Detailed File Share
  Level: Information
  Opcode: Info
  Keyword: Audit Success
  User: N/A
  User Name: N/A
  Computer: META2008R2.target.tgt
  Description: 
A network share object was checked to see whether client can be granted desired access.
	
Subject:
	Security ID:		S-1-5-21-656491628-4158127674-1157389670-1355
	Account Name:		jwinters
	Account Domain:		TARGET
	Logon ID:		0x469259d

Network Information:	
	Object Type:		File
	Source Address:		10.12.1.135
	Source Port:		2677
	
Share Information:
	Share Name:		\\*\SharedFiles
	Share Path:		\??\C:\SharedFiles
	Relative Target Name:	\

Access Request Information:
	Access Mask:		0x80
	Accesses:		ReadAttributes
				
Access Check Results:
	ReadAttributes:	Granted by	D:(A;OICI;FA;;;WD)
				


Event[94]:
  Log Name: Security
  Source: Microsoft-Windows-Security-Auditing
  Date: 2013-07-11T07:39:53.266
  Event ID: 4656
  Task: File System
  Level: Information
  Opcode: Info
  Keyword: Audit Success
  User: N/A
  User Name: N/A
  Computer: META2008R2.target.tgt
  Description: 
A handle to an object was requested.

Subject:
	Security ID:		S-1-5-21-656491628-4158127674-1157389670-1355
	Account Name:		jwinters
	Account Domain:		TARGET
	Logon ID:		0x469259d

Object:
	Object Server:		Security
	Object Type:		File
	Object Name:		C:\SharedFiles
	Handle ID:		0xbd0

Process Information:
	Process ID:		0x4
	Process Name:		

Access Request Information:
	Transaction ID:		{00000000-0000-0000-0000-000000000000}
	Accesses:		ReadAttributes
				
	Access Reasons:		ReadAttributes:	Granted by	D:(A;OICI;FA;;;WD)
				
	Access Mask:		0x80
	Privileges Used for Access Check:	-
	Restricted SID Count:	0

Event[95]:
  Log Name: Security
  Source: Microsoft-Windows-Security-Auditing
  Date: 2013-07-11T07:39:53.266
  Event ID: 4663
  Task: File System
  Level: Information
  Opcode: Info
  Keyword: Audit Success
  User: N/A
  User Name: N/A
  Computer: META2008R2.target.tgt
  Description: 
An attempt was made to access an object.

Subject:
	Security ID:		S-1-5-21-656491628-4158127674-1157389670-1355
	Account Name:		jwinters
	Account Domain:		TARGET
	Logon ID:		0x469259d

Object:
	Object Server:	Security
	Object Type:	File
	Object Name:	C:\SharedFiles
	Handle ID:	0xbd0

Process Information:
	Process ID:	0x4
	Process Name:	

Access Request Information:
	Accesses:	ReadAttributes
				
	Access Mask:	0x80

Event[96]:
  Log Name: Security
  Source: Microsoft-Windows-Security-Auditing
  Date: 2013-07-11T07:39:53.266
  Event ID: 4658
  Task: File System
  Level: Information
  Opcode: Info
  Keyword: Audit Success
  User: N/A
  User Name: N/A
  Computer: META2008R2.target.tgt
  Description: 
The handle to an object was closed.

Subject :
	Security ID:		S-1-5-21-656491628-4158127674-1157389670-1355
	Account Name:		jwinters
	Account Domain:		TARGET
	Logon ID:		0x469259d

Object:
	Object Server:		Security
	Handle ID:		0xbd0

Process Information:
	Process ID:		0x4
	Process Name:		

Event[97]:
  Log Name: Security
  Source: Microsoft-Windows-Security-Auditing
  Date: 2013-07-11T07:39:53.266
  Event ID: 5145
  Task: Detailed File Share
  Level: Information
  Opcode: Info
  Keyword: Audit Success
  User: N/A
  User Name: N/A
  Computer: META2008R2.target.tgt
  Description: 
A network share object was checked to see whether client can be granted desired access.
	
Subject:
	Security ID:		S-1-5-21-656491628-4158127674-1157389670-1355
	Account Name:		jwinters
	Account Domain:		TARGET
	Logon ID:		0x469259d

Network Information:	
	Object Type:		File
	Source Address:		10.12.1.135
	Source Port:		2677
	
Share Information:
	Share Name:		\\*\SharedFiles
	Share Path:		\??\C:\SharedFiles
	Relative Target Name:	\

Access Request Information:
	Access Mask:		0x1
	Accesses:		ReadData (or ListDirectory)
				
Access Check Results:
	ReadData (or ListDirectory):	Granted by	D:(A;OICI;FA;;;WD)
				


Event[98]:
  Log Name: Security
  Source: Microsoft-Windows-Security-Auditing
  Date: 2013-07-11T07:39:53.266
  Event ID: 5145
  Task: Detailed File Share
  Level: Information
  Opcode: Info
  Keyword: Audit Success
  User: N/A
  User Name: N/A
  Computer: META2008R2.target.tgt
  Description: 
A network share object was checked to see whether client can be granted desired access.
	
Subject:
	Security ID:		S-1-5-21-656491628-4158127674-1157389670-1355
	Account Name:		jwinters
	Account Domain:		TARGET
	Logon ID:		0x469259d

Network Information:	
	Object Type:		File
	Source Address:		10.12.1.135
	Source Port:		2677
	
Share Information:
	Share Name:		\\*\SharedFiles
	Share Path:		\??\C:\SharedFiles
	Relative Target Name:	Potluck

Access Request Information:
	Access Mask:		0x80
	Accesses:		ReadAttributes
				
Access Check Results:
	ReadAttributes:	Granted by	D:(A;OICI;FA;;;WD)
				


Event[99]:
  Log Name: Security
  Source: Microsoft-Windows-Security-Auditing
  Date: 2013-07-11T07:39:53.266
  Event ID: 4656
  Task: File System
  Level: Information
  Opcode: Info
  Keyword: Audit Success
  User: N/A
  User Name: N/A
  Computer: META2008R2.target.tgt
  Description: 
A handle to an object was requested.

Subject:
	Security ID:		S-1-5-21-656491628-4158127674-1157389670-1355
	Account Name:		jwinters
	Account Domain:		TARGET
	Logon ID:		0x469259d

Object:
	Object Server:		Security
	Object Type:		File
	Object Name:		C:\SharedFiles\Potluck
	Handle ID:		0xbd0

Process Information:
	Process ID:		0x4
	Process Name:		

Access Request Information:
	Transaction ID:		{00000000-0000-0000-0000-000000000000}
	Accesses:		ReadAttributes
				
	Access Reasons:		ReadAttributes:	Granted by	D:(A;OICIID;FA;;;WD)
				
	Access Mask:		0x80
	Privileges Used for Access Check:	-
	Restricted SID Count:	0

Event[100]:
  Log Name: Security
  Source: Microsoft-Windows-Security-Auditing
  Date: 2013-07-11T07:39:53.266
  Event ID: 4663
  Task: File System
  Level: Information
  Opcode: Info
  Keyword: Audit Success
  User: N/A
  User Name: N/A
  Computer: META2008R2.target.tgt
  Description: 
An attempt was made to access an object.

Subject:
	Security ID:		S-1-5-21-656491628-4158127674-1157389670-1355
	Account Name:		jwinters
	Account Domain:		TARGET
	Logon ID:		0x469259d

Object:
	Object Server:	Security
	Object Type:	File
	Object Name:	C:\SharedFiles\Potluck
	Handle ID:	0xbd0

Process Information:
	Process ID:	0x4
	Process Name:	

Access Request Information:
	Accesses:	ReadAttributes
				
	Access Mask:	0x80

Event[101]:
  Log Name: Security
  Source: Microsoft-Windows-Security-Auditing
  Date: 2013-07-11T07:39:53.266
  Event ID: 4658
  Task: File System
  Level: Information
  Opcode: Info
  Keyword: Audit Success
  User: N/A
  User Name: N/A
  Computer: META2008R2.target.tgt
  Description: 
The handle to an object was closed.

Subject :
	Security ID:		S-1-5-21-656491628-4158127674-1157389670-1355
	Account Name:		jwinters
	Account Domain:		TARGET
	Logon ID:		0x469259d

Object:
	Object Server:		Security
	Handle ID:		0xbd0

Process Information:
	Process ID:		0x4
	Process Name:		

Event[102]:
  Log Name: Security
  Source: Microsoft-Windows-Security-Auditing
  Date: 2013-07-11T07:39:53.267
  Event ID: 5145
  Task: Detailed File Share
  Level: Information
  Opcode: Info
  Keyword: Audit Success
  User: N/A
  User Name: N/A
  Computer: META2008R2.target.tgt
  Description: 
A network share object was checked to see whether client can be granted desired access.
	
Subject:
	Security ID:		S-1-5-21-656491628-4158127674-1157389670-1355
	Account Name:		jwinters
	Account Domain:		TARGET
	Logon ID:		0x469259d

Network Information:	
	Object Type:		File
	Source Address:		10.12.1.135
	Source Port:		2677
	
Share Information:
	Share Name:		\\*\SharedFiles
	Share Path:		\??\C:\SharedFiles
	Relative Target Name:	Potluck

Access Request Information:
	Access Mask:		0x1
	Accesses:		ReadData (or ListDirectory)
				
Access Check Results:
	ReadData (or ListDirectory):	Granted by	D:(A;OICI;FA;;;WD)
				


Event[103]:
  Log Name: Security
  Source: Microsoft-Windows-Security-Auditing
  Date: 2013-07-11T07:39:53.267
  Event ID: 5145
  Task: Detailed File Share
  Level: Information
  Opcode: Info
  Keyword: Audit Success
  User: N/A
  User Name: N/A
  Computer: META2008R2.target.tgt
  Description: 
A network share object was checked to see whether client can be granted desired access.
	
Subject:
	Security ID:		S-1-5-21-656491628-4158127674-1157389670-1355
	Account Name:		jwinters
	Account Domain:		TARGET
	Logon ID:		0x469259d

Network Information:	
	Object Type:		File
	Source Address:		10.12.1.135
	Source Port:		2677
	
Share Information:
	Share Name:		\\*\SharedFiles
	Share Path:		\??\C:\SharedFiles
	Relative Target Name:	\

Access Request Information:
	Access Mask:		0x80
	Accesses:		ReadAttributes
				
Access Check Results:
	ReadAttributes:	Granted by	D:(A;OICI;FA;;;WD)
				


Event[104]:
  Log Name: Security
  Source: Microsoft-Windows-Security-Auditing
  Date: 2013-07-11T07:39:53.267
  Event ID: 4656
  Task: File System
  Level: Information
  Opcode: Info
  Keyword: Audit Success
  User: N/A
  User Name: N/A
  Computer: META2008R2.target.tgt
  Description: 
A handle to an object was requested.

Subject:
	Security ID:		S-1-5-21-656491628-4158127674-1157389670-1355
	Account Name:		jwinters
	Account Domain:		TARGET
	Logon ID:		0x469259d

Object:
	Object Server:		Security
	Object Type:		File
	Object Name:		C:\SharedFiles
	Handle ID:		0xbd0

Process Information:
	Process ID:		0x4
	Process Name:		

Access Request Information:
	Transaction ID:		{00000000-0000-0000-0000-000000000000}
	Accesses:		ReadAttributes
				
	Access Reasons:		ReadAttributes:	Granted by	D:(A;OICI;FA;;;WD)
				
	Access Mask:		0x80
	Privileges Used for Access Check:	-
	Restricted SID Count:	0

Event[105]:
  Log Name: Security
  Source: Microsoft-Windows-Security-Auditing
  Date: 2013-07-11T07:39:53.267
  Event ID: 4663
  Task: File System
  Level: Information
  Opcode: Info
  Keyword: Audit Success
  User: N/A
  User Name: N/A
  Computer: META2008R2.target.tgt
  Description: 
An attempt was made to access an object.

Subject:
	Security ID:		S-1-5-21-656491628-4158127674-1157389670-1355
	Account Name:		jwinters
	Account Domain:		TARGET
	Logon ID:		0x469259d

Object:
	Object Server:	Security
	Object Type:	File
	Object Name:	C:\SharedFiles
	Handle ID:	0xbd0

Process Information:
	Process ID:	0x4
	Process Name:	

Access Request Information:
	Accesses:	ReadAttributes
				
	Access Mask:	0x80

Event[106]:
  Log Name: Security
  Source: Microsoft-Windows-Security-Auditing
  Date: 2013-07-11T07:39:53.267
  Event ID: 4658
  Task: File System
  Level: Information
  Opcode: Info
  Keyword: Audit Success
  User: N/A
  User Name: N/A
  Computer: META2008R2.target.tgt
  Description: 
The handle to an object was closed.

Subject :
	Security ID:		S-1-5-21-656491628-4158127674-1157389670-1355
	Account Name:		jwinters
	Account Domain:		TARGET
	Logon ID:		0x469259d

Object:
	Object Server:		Security
	Handle ID:		0xbd0

Process Information:
	Process ID:		0x4
	Process Name:		

Event[107]:
  Log Name: Security
  Source: Microsoft-Windows-Security-Auditing
  Date: 2013-07-11T07:39:53.268
  Event ID: 5145
  Task: Detailed File Share
  Level: Information
  Opcode: Info
  Keyword: Audit Success
  User: N/A
  User Name: N/A
  Computer: META2008R2.target.tgt
  Description: 
A network share object was checked to see whether client can be granted desired access.
	
Subject:
	Security ID:		S-1-5-21-656491628-4158127674-1157389670-1355
	Account Name:		jwinters
	Account Domain:		TARGET
	Logon ID:		0x469259d

Network Information:	
	Object Type:		File
	Source Address:		10.12.1.135
	Source Port:		2677
	
Share Information:
	Share Name:		\\*\SharedFiles
	Share Path:		\??\C:\SharedFiles
	Relative Target Name:	\

Access Request Information:
	Access Mask:		0x1
	Accesses:		ReadData (or ListDirectory)
				
Access Check Results:
	ReadData (or ListDirectory):	Granted by	D:(A;OICI;FA;;;WD)
				


Event[108]:
  Log Name: Security
  Source: Microsoft-Windows-Security-Auditing
  Date: 2013-07-11T07:39:53.268
  Event ID: 5145
  Task: Detailed File Share
  Level: Information
  Opcode: Info
  Keyword: Audit Success
  User: N/A
  User Name: N/A
  Computer: META2008R2.target.tgt
  Description: 
A network share object was checked to see whether client can be granted desired access.
	
Subject:
	Security ID:		S-1-5-21-656491628-4158127674-1157389670-1355
	Account Name:		jwinters
	Account Domain:		TARGET
	Logon ID:		0x469259d

Network Information:	
	Object Type:		File
	Source Address:		10.12.1.135
	Source Port:		2677
	
Share Information:
	Share Name:		\\*\SharedFiles
	Share Path:		\??\C:\SharedFiles
	Relative Target Name:	ProjectX

Access Request Information:
	Access Mask:		0x80
	Accesses:		ReadAttributes
				
Access Check Results:
	ReadAttributes:	Granted by	D:(A;OICI;FA;;;WD)
				


Event[109]:
  Log Name: Security
  Source: Microsoft-Windows-Security-Auditing
  Date: 2013-07-11T07:39:53.268
  Event ID: 4656
  Task: File System
  Level: Information
  Opcode: Info
  Keyword: Audit Success
  User: N/A
  User Name: N/A
  Computer: META2008R2.target.tgt
  Description: 
A handle to an object was requested.

Subject:
	Security ID:		S-1-5-21-656491628-4158127674-1157389670-1355
	Account Name:		jwinters
	Account Domain:		TARGET
	Logon ID:		0x469259d

Object:
	Object Server:		Security
	Object Type:		File
	Object Name:		C:\SharedFiles\ProjectX
	Handle ID:		0xbd0

Process Information:
	Process ID:		0x4
	Process Name:		

Access Request Information:
	Transaction ID:		{00000000-0000-0000-0000-000000000000}
	Accesses:		ReadAttributes
				
	Access Reasons:		ReadAttributes:	Granted by	D:(A;OICIID;FA;;;WD)
				
	Access Mask:		0x80
	Privileges Used for Access Check:	-
	Restricted SID Count:	0

Event[110]:
  Log Name: Security
  Source: Microsoft-Windows-Security-Auditing
  Date: 2013-07-11T07:39:53.268
  Event ID: 4663
  Task: File System
  Level: Information
  Opcode: Info
  Keyword: Audit Success
  User: N/A
  User Name: N/A
  Computer: META2008R2.target.tgt
  Description: 
An attempt was made to access an object.

Subject:
	Security ID:		S-1-5-21-656491628-4158127674-1157389670-1355
	Account Name:		jwinters
	Account Domain:		TARGET
	Logon ID:		0x469259d

Object:
	Object Server:	Security
	Object Type:	File
	Object Name:	C:\SharedFiles\ProjectX
	Handle ID:	0xbd0

Process Information:
	Process ID:	0x4
	Process Name:	

Access Request Information:
	Accesses:	ReadAttributes
				
	Access Mask:	0x80

Event[111]:
  Log Name: Security
  Source: Microsoft-Windows-Security-Auditing
  Date: 2013-07-11T07:39:53.268
  Event ID: 4658
  Task: File System
  Level: Information
  Opcode: Info
  Keyword: Audit Success
  User: N/A
  User Name: N/A
  Computer: META2008R2.target.tgt
  Description: 
The handle to an object was closed.

Subject :
	Security ID:		S-1-5-21-656491628-4158127674-1157389670-1355
	Account Name:		jwinters
	Account Domain:		TARGET
	Logon ID:		0x469259d

Object:
	Object Server:		Security
	Handle ID:		0xbd0

Process Information:
	Process ID:		0x4
	Process Name:		

Event[112]:
  Log Name: Security
  Source: Microsoft-Windows-Security-Auditing
  Date: 2013-07-11T07:39:53.269
  Event ID: 5145
  Task: Detailed File Share
  Level: Information
  Opcode: Info
  Keyword: Audit Success
  User: N/A
  User Name: N/A
  Computer: META2008R2.target.tgt
  Description: 
A network share object was checked to see whether client can be granted desired access.
	
Subject:
	Security ID:		S-1-5-21-656491628-4158127674-1157389670-1355
	Account Name:		jwinters
	Account Domain:		TARGET
	Logon ID:		0x469259d

Network Information:	
	Object Type:		File
	Source Address:		10.12.1.135
	Source Port:		2677
	
Share Information:
	Share Name:		\\*\SharedFiles
	Share Path:		\??\C:\SharedFiles
	Relative Target Name:	ProjectX

Access Request Information:
	Access Mask:		0x1
	Accesses:		ReadData (or ListDirectory)
				
Access Check Results:
	ReadData (or ListDirectory):	Granted by	D:(A;OICI;FA;;;WD)
				


Event[113]:
  Log Name: Security
  Source: Microsoft-Windows-Security-Auditing
  Date: 2013-07-11T07:39:53.269
  Event ID: 5145
  Task: Detailed File Share
  Level: Information
  Opcode: Info
  Keyword: Audit Success
  User: N/A
  User Name: N/A
  Computer: META2008R2.target.tgt
  Description: 
A network share object was checked to see whether client can be granted desired access.
	
Subject:
	Security ID:		S-1-5-21-656491628-4158127674-1157389670-1355
	Account Name:		jwinters
	Account Domain:		TARGET
	Logon ID:		0x469259d

Network Information:	
	Object Type:		File
	Source Address:		10.12.1.135
	Source Port:		2677
	
Share Information:
	Share Name:		\\*\SharedFiles
	Share Path:		\??\C:\SharedFiles
	Relative Target Name:	ProjectX\New folder

Access Request Information:
	Access Mask:		0x80
	Accesses:		ReadAttributes
				
Access Check Results:
	ReadAttributes:	Granted by	D:(A;OICI;FA;;;WD)
				


Event[114]:
  Log Name: Security
  Source: Microsoft-Windows-Security-Auditing
  Date: 2013-07-11T07:39:53.269
  Event ID: 4656
  Task: File System
  Level: Information
  Opcode: Info
  Keyword: Audit Success
  User: N/A
  User Name: N/A
  Computer: META2008R2.target.tgt
  Description: 
A handle to an object was requested.

Subject:
	Security ID:		S-1-5-21-656491628-4158127674-1157389670-1355
	Account Name:		jwinters
	Account Domain:		TARGET
	Logon ID:		0x469259d

Object:
	Object Server:		Security
	Object Type:		File
	Object Name:		C:\SharedFiles\ProjectX\New folder
	Handle ID:		0xbd0

Process Information:
	Process ID:		0x4
	Process Name:		

Access Request Information:
	Transaction ID:		{00000000-0000-0000-0000-000000000000}
	Accesses:		ReadAttributes
				
	Access Reasons:		ReadAttributes:	Granted by	D:(A;OICIID;FA;;;WD)
				
	Access Mask:		0x80
	Privileges Used for Access Check:	-
	Restricted SID Count:	0

Event[115]:
  Log Name: Security
  Source: Microsoft-Windows-Security-Auditing
  Date: 2013-07-11T07:39:53.269
  Event ID: 4663
  Task: File System
  Level: Information
  Opcode: Info
  Keyword: Audit Success
  User: N/A
  User Name: N/A
  Computer: META2008R2.target.tgt
  Description: 
An attempt was made to access an object.

Subject:
	Security ID:		S-1-5-21-656491628-4158127674-1157389670-1355
	Account Name:		jwinters
	Account Domain:		TARGET
	Logon ID:		0x469259d

Object:
	Object Server:	Security
	Object Type:	File
	Object Name:	C:\SharedFiles\ProjectX\New folder
	Handle ID:	0xbd0

Process Information:
	Process ID:	0x4
	Process Name:	

Access Request Information:
	Accesses:	ReadAttributes
				
	Access Mask:	0x80

Event[116]:
  Log Name: Security
  Source: Microsoft-Windows-Security-Auditing
  Date: 2013-07-11T07:39:53.269
  Event ID: 4658
  Task: File System
  Level: Information
  Opcode: Info
  Keyword: Audit Success
  User: N/A
  User Name: N/A
  Computer: META2008R2.target.tgt
  Description: 
The handle to an object was closed.

Subject :
	Security ID:		S-1-5-21-656491628-4158127674-1157389670-1355
	Account Name:		jwinters
	Account Domain:		TARGET
	Logon ID:		0x469259d

Object:
	Object Server:		Security
	Handle ID:		0xbd0

Process Information:
	Process ID:		0x4
	Process Name:		

Event[117]:
  Log Name: Security
  Source: Microsoft-Windows-Security-Auditing
  Date: 2013-07-11T07:39:53.269
  Event ID: 5145
  Task: Detailed File Share
  Level: Information
  Opcode: Info
  Keyword: Audit Success
  User: N/A
  User Name: N/A
  Computer: META2008R2.target.tgt
  Description: 
A network share object was checked to see whether client can be granted desired access.
	
Subject:
	Security ID:		S-1-5-21-656491628-4158127674-1157389670-1355
	Account Name:		jwinters
	Account Domain:		TARGET
	Logon ID:		0x469259d

Network Information:	
	Object Type:		File
	Source Address:		10.12.1.135
	Source Port:		2677
	
Share Information:
	Share Name:		\\*\SharedFiles
	Share Path:		\??\C:\SharedFiles
	Relative Target Name:	ProjectX\New folder

Access Request Information:
	Access Mask:		0x1
	Accesses:		ReadData (or ListDirectory)
				
Access Check Results:
	ReadData (or ListDirectory):	Granted by	D:(A;OICI;FA;;;WD)
				


Event[118]:
  Log Name: Security
  Source: Microsoft-Windows-Security-Auditing
  Date: 2013-07-11T07:39:53.270
  Event ID: 5145
  Task: Detailed File Share
  Level: Information
  Opcode: Info
  Keyword: Audit Success
  User: N/A
  User Name: N/A
  Computer: META2008R2.target.tgt
  Description: 
A network share object was checked to see whether client can be granted desired access.
	
Subject:
	Security ID:		S-1-5-21-656491628-4158127674-1157389670-1355
	Account Name:		jwinters
	Account Domain:		TARGET
	Logon ID:		0x469259d

Network Information:	
	Object Type:		File
	Source Address:		10.12.1.135
	Source Port:		2677
	
Share Information:
	Share Name:		\\*\SharedFiles
	Share Path:		\??\C:\SharedFiles
	Relative Target Name:	\

Access Request Information:
	Access Mask:		0x80
	Accesses:		ReadAttributes
				
Access Check Results:
	ReadAttributes:	Granted by	D:(A;OICI;FA;;;WD)
				


Event[119]:
  Log Name: Security
  Source: Microsoft-Windows-Security-Auditing
  Date: 2013-07-11T07:39:53.270
  Event ID: 4656
  Task: File System
  Level: Information
  Opcode: Info
  Keyword: Audit Success
  User: N/A
  User Name: N/A
  Computer: META2008R2.target.tgt
  Description: 
A handle to an object was requested.

Subject:
	Security ID:		S-1-5-21-656491628-4158127674-1157389670-1355
	Account Name:		jwinters
	Account Domain:		TARGET
	Logon ID:		0x469259d

Object:
	Object Server:		Security
	Object Type:		File
	Object Name:		C:\SharedFiles
	Handle ID:		0xbd0

Process Information:
	Process ID:		0x4
	Process Name:		

Access Request Information:
	Transaction ID:		{00000000-0000-0000-0000-000000000000}
	Accesses:		ReadAttributes
				
	Access Reasons:		ReadAttributes:	Granted by	D:(A;OICI;FA;;;WD)
				
	Access Mask:		0x80
	Privileges Used for Access Check:	-
	Restricted SID Count:	0

Event[120]:
  Log Name: Security
  Source: Microsoft-Windows-Security-Auditing
  Date: 2013-07-11T07:39:53.270
  Event ID: 4663
  Task: File System
  Level: Information
  Opcode: Info
  Keyword: Audit Success
  User: N/A
  User Name: N/A
  Computer: META2008R2.target.tgt
  Description: 
An attempt was made to access an object.

Subject:
	Security ID:		S-1-5-21-656491628-4158127674-1157389670-1355
	Account Name:		jwinters
	Account Domain:		TARGET
	Logon ID:		0x469259d

Object:
	Object Server:	Security
	Object Type:	File
	Object Name:	C:\SharedFiles
	Handle ID:	0xbd0

Process Information:
	Process ID:	0x4
	Process Name:	

Access Request Information:
	Accesses:	ReadAttributes
				
	Access Mask:	0x80

Event[121]:
  Log Name: Security
  Source: Microsoft-Windows-Security-Auditing
  Date: 2013-07-11T07:39:53.270
  Event ID: 4658
  Task: File System
  Level: Information
  Opcode: Info
  Keyword: Audit Success
  User: N/A
  User Name: N/A
  Computer: META2008R2.target.tgt
  Description: 
The handle to an object was closed.

Subject :
	Security ID:		S-1-5-21-656491628-4158127674-1157389670-1355
	Account Name:		jwinters
	Account Domain:		TARGET
	Logon ID:		0x469259d

Object:
	Object Server:		Security
	Handle ID:		0xbd0

Process Information:
	Process ID:		0x4
	Process Name:		

Event[122]:
  Log Name: Security
  Source: Microsoft-Windows-Security-Auditing
  Date: 2013-07-11T07:39:53.270
  Event ID: 5145
  Task: Detailed File Share
  Level: Information
  Opcode: Info
  Keyword: Audit Success
  User: N/A
  User Name: N/A
  Computer: META2008R2.target.tgt
  Description: 
A network share object was checked to see whether client can be granted desired access.
	
Subject:
	Security ID:		S-1-5-21-656491628-4158127674-1157389670-1355
	Account Name:		jwinters
	Account Domain:		TARGET
	Logon ID:		0x469259d

Network Information:	
	Object Type:		File
	Source Address:		10.12.1.135
	Source Port:		2677
	
Share Information:
	Share Name:		\\*\SharedFiles
	Share Path:		\??\C:\SharedFiles
	Relative Target Name:	\

Access Request Information:
	Access Mask:		0x1
	Accesses:		ReadData (or ListDirectory)
				
Access Check Results:
	ReadData (or ListDirectory):	Granted by	D:(A;OICI;FA;;;WD)
				


Event[123]:
  Log Name: Security
  Source: Microsoft-Windows-Security-Auditing
  Date: 2013-07-11T07:39:53.270
  Event ID: 5145
  Task: Detailed File Share
  Level: Information
  Opcode: Info
  Keyword: Audit Success
  User: N/A
  User Name: N/A
  Computer: META2008R2.target.tgt
  Description: 
A network share object was checked to see whether client can be granted desired access.
	
Subject:
	Security ID:		S-1-5-21-656491628-4158127674-1157389670-1355
	Account Name:		jwinters
	Account Domain:		TARGET
	Logon ID:		0x469259d

Network Information:	
	Object Type:		File
	Source Address:		10.12.1.135
	Source Port:		2677
	
Share Information:
	Share Name:		\\*\SharedFiles
	Share Path:		\??\C:\SharedFiles
	Relative Target Name:	Security

Access Request Information:
	Access Mask:		0x80
	Accesses:		ReadAttributes
				
Access Check Results:
	ReadAttributes:	Granted by	D:(A;OICI;FA;;;WD)
				


Event[124]:
  Log Name: Security
  Source: Microsoft-Windows-Security-Auditing
  Date: 2013-07-11T07:39:53.270
  Event ID: 4656
  Task: File System
  Level: Information
  Opcode: Info
  Keyword: Audit Success
  User: N/A
  User Name: N/A
  Computer: META2008R2.target.tgt
  Description: 
A handle to an object was requested.

Subject:
	Security ID:		S-1-5-21-656491628-4158127674-1157389670-1355
	Account Name:		jwinters
	Account Domain:		TARGET
	Logon ID:		0x469259d

Object:
	Object Server:		Security
	Object Type:		File
	Object Name:		C:\SharedFiles\Security
	Handle ID:		0xbd0

Process Information:
	Process ID:		0x4
	Process Name:		

Access Request Information:
	Transaction ID:		{00000000-0000-0000-0000-000000000000}
	Accesses:		ReadAttributes
				
	Access Reasons:		ReadAttributes:	Granted by	D:(A;OICIID;FA;;;WD)
				
	Access Mask:		0x80
	Privileges Used for Access Check:	-
	Restricted SID Count:	0

Event[125]:
  Log Name: Security
  Source: Microsoft-Windows-Security-Auditing
  Date: 2013-07-11T07:39:53.271
  Event ID: 4663
  Task: File System
  Level: Information
  Opcode: Info
  Keyword: Audit Success
  User: N/A
  User Name: N/A
  Computer: META2008R2.target.tgt
  Description: 
An attempt was made to access an object.

Subject:
	Security ID:		S-1-5-21-656491628-4158127674-1157389670-1355
	Account Name:		jwinters
	Account Domain:		TARGET
	Logon ID:		0x469259d

Object:
	Object Server:	Security
	Object Type:	File
	Object Name:	C:\SharedFiles\Security
	Handle ID:	0xbd0

Process Information:
	Process ID:	0x4
	Process Name:	

Access Request Information:
	Accesses:	ReadAttributes
				
	Access Mask:	0x80

Event[126]:
