  Log Name: Security
  Source: Microsoft-Windows-Security-Auditing
  Date: 2013-07-11T07:39:53.433
  Event ID: 4663
  Task: File System
  Level: Information
  Opcode: Info
  Keyword: Audit Success
  User: N/A
  User Name: N/A
  Computer: META2008R2.target.tgt
  Description: 
An attempt was made to access an object.

Subject:
	Security ID:		S-1-5-21-656491628-4158127674-1157389670-1355
	Account Name:		jwinters
	Account Domain:		TARGET
	Logon ID:		0x469259d

Object:
	Object Server:	Security
	Object Type:	File
	Object Name:	C:\SharedFiles\TeeVee\SST.txt
	Handle ID:	0x4d4

Process Information:
	Process ID:	0x4
	Process Name:	

Access Request Information:
	Accesses:	ReadAttributes
				
	Access Mask:	0x80

Event[593]:
  Log Name: Security
  Source: Microsoft-Windows-Security-Auditing
  Date: 2013-07-11T07:39:53.434
  Event ID: 5145
  Task: Detailed File Share
  Level: Information
  Opcode: Info
  Keyword: Audit Success
  User: N/A
  User Name: N/A
  Computer: META2008R2.target.tgt
  Description: 
A network share object was checked to see whether client can be granted desired access.
	
Subject:
	Security ID:		S-1-5-21-656491628-4158127674-1157389670-1355
	Account Name:		jwinters
	Account Domain:		TARGET
	Logon ID:		0x469259d

Network Information:	
	Object Type:		File
	Source Address:		10.12.1.135
	Source Port:		2677
	
Share Information:
	Share Name:		\\*\SharedFiles
	Share Path:		\??\C:\SharedFiles
	Relative Target Name:	TeeVee\SST.txt

Access Request Information:
	Access Mask:		0x20089
	Accesses:		READ_CONTROL
				ReadData (or ListDirectory)
				ReadEA
				ReadAttributes
				
Access Check Results:
	READ_CONTROL:	Granted by	D:(A;OICI;FA;;;WD)
				ReadData (or ListDirectory):	Granted by	D:(A;OICI;FA;;;WD)
				ReadEA:	Granted by	D:(A;OICI;FA;;;WD)
				ReadAttributes:	Granted by	D:(A;OICI;FA;;;WD)
				


Event[594]:
  Log Name: Security
  Source: Microsoft-Windows-Security-Auditing
  Date: 2013-07-11T07:39:53.434
  Event ID: 4656
  Task: File System
  Level: Information
  Opcode: Info
  Keyword: Audit Success
  User: N/A
  User Name: N/A
  Computer: META2008R2.target.tgt
  Description: 
A handle to an object was requested.

Subject:
	Security ID:		S-1-5-21-656491628-4158127674-1157389670-1355
	Account Name:		jwinters
	Account Domain:		TARGET
	Logon ID:		0x469259d

Object:
	Object Server:		Security
	Object Type:		File
	Object Name:		C:\SharedFiles\TeeVee\SST.txt
	Handle ID:		0x1c9c

Process Information:
	Process ID:		0x4
	Process Name:		

Access Request Information:
	Transaction ID:		{00000000-0000-0000-0000-000000000000}
	Accesses:		READ_CONTROL
				ReadData (or ListDirectory)
				ReadEA
				ReadAttributes
				
	Access Reasons:		READ_CONTROL:	Granted by	D:(A;ID;FA;;;WD)
				ReadData (or ListDirectory):	Granted by	D:(A;ID;FA;;;WD)
				ReadEA:	Granted by	D:(A;ID;FA;;;WD)
				ReadAttributes:	Granted by	D:(A;ID;FA;;;WD)
				
	Access Mask:		0x20089
	Privileges Used for Access Check:	-
	Restricted SID Count:	0

Event[595]:
  Log Name: Security
  Source: Microsoft-Windows-Security-Auditing
  Date: 2013-07-11T07:39:53.435
  Event ID: 4658
  Task: File System
  Level: Information
  Opcode: Info
  Keyword: Audit Success
  User: N/A
  User Name: N/A
  Computer: META2008R2.target.tgt
  Description: 
The handle to an object was closed.

Subject :
	Security ID:		S-1-5-21-656491628-4158127674-1157389670-1355
	Account Name:		jwinters
	Account Domain:		TARGET
	Logon ID:		0x469259d

Object:
	Object Server:		Security
	Handle ID:		0x4d4

Process Information:
	Process ID:		0x4
	Process Name:		

Event[596]:
  Log Name: Security
  Source: Microsoft-Windows-Security-Auditing
  Date: 2013-07-11T07:39:53.435
  Event ID: 4663
  Task: File System
  Level: Information
  Opcode: Info
  Keyword: Audit Success
  User: N/A
  User Name: N/A
  Computer: META2008R2.target.tgt
  Description: 
An attempt was made to access an object.

Subject:
	Security ID:		S-1-5-21-656491628-4158127674-1157389670-1355
	Account Name:		jwinters
	Account Domain:		TARGET
	Logon ID:		0x469259d

Object:
	Object Server:	Security
	Object Type:	File
	Object Name:	C:\SharedFiles\TeeVee\SST.txt
	Handle ID:	0x1c9c

Process Information:
	Process ID:	0x4
	Process Name:	

Access Request Information:
	Accesses:	ReadAttributes
				
	Access Mask:	0x80

Event[597]:
  Log Name: Security
  Source: Microsoft-Windows-Security-Auditing
  Date: 2013-07-11T07:39:53.436
  Event ID: 4658
  Task: File System
  Level: Information
  Opcode: Info
  Keyword: Audit Success
  User: N/A
  User Name: N/A
  Computer: META2008R2.target.tgt
  Description: 
The handle to an object was closed.

Subject :
	Security ID:		S-1-5-21-656491628-4158127674-1157389670-1355
	Account Name:		jwinters
	Account Domain:		TARGET
	Logon ID:		0x469259d

Object:
	Object Server:		Security
	Handle ID:		0x2418

Process Information:
	Process ID:		0x4
	Process Name:		

Event[598]:
  Log Name: Security
  Source: Microsoft-Windows-Security-Auditing
  Date: 2013-07-11T07:39:53.436
  Event ID: 5145
  Task: Detailed File Share
  Level: Information
  Opcode: Info
  Keyword: Audit Success
  User: N/A
  User Name: N/A
  Computer: META2008R2.target.tgt
  Description: 
A network share object was checked to see whether client can be granted desired access.
	
Subject:
	Security ID:		S-1-5-21-656491628-4158127674-1157389670-1355
	Account Name:		jwinters
	Account Domain:		TARGET
	Logon ID:		0x469259d

Network Information:	
	Object Type:		File
	Source Address:		10.12.1.135
	Source Port:		2677
	
Share Information:
	Share Name:		\\*\SharedFiles
	Share Path:		\??\C:\SharedFiles
	Relative Target Name:	TeeVee\TeeVeePartyTonight.txt

Access Request Information:
	Access Mask:		0x20089
	Accesses:		READ_CONTROL
				ReadData (or ListDirectory)
				ReadEA
				ReadAttributes
				
Access Check Results:
	READ_CONTROL:	Granted by	D:(A;OICI;FA;;;WD)
				ReadData (or ListDirectory):	Granted by	D:(A;OICI;FA;;;WD)
				ReadEA:	Granted by	D:(A;OICI;FA;;;WD)
				ReadAttributes:	Granted by	D:(A;OICI;FA;;;WD)
				


Event[599]:
  Log Name: Security
  Source: Microsoft-Windows-Security-Auditing
  Date: 2013-07-11T07:39:53.436
  Event ID: 4656
  Task: File System
  Level: Information
  Opcode: Info
  Keyword: Audit Success
  User: N/A
  User Name: N/A
  Computer: META2008R2.target.tgt
  Description: 
A handle to an object was requested.

Subject:
	Security ID:		S-1-5-21-656491628-4158127674-1157389670-1355
	Account Name:		jwinters
	Account Domain:		TARGET
	Logon ID:		0x469259d

Object:
	Object Server:		Security
	Object Type:		File
	Object Name:		C:\SharedFiles\TeeVee\TeeVeePartyTonight.txt
	Handle ID:		0x2418

Process Information:
	Process ID:		0x4
	Process Name:		

Access Request Information:
	Transaction ID:		{00000000-0000-0000-0000-000000000000}
	Accesses:		READ_CONTROL
				ReadData (or ListDirectory)
				ReadEA
				ReadAttributes
				
	Access Reasons:		READ_CONTROL:	Granted by	D:(A;ID;FA;;;WD)
				ReadData (or ListDirectory):	Granted by	D:(A;ID;FA;;;WD)
				ReadEA:	Granted by	D:(A;ID;FA;;;WD)
				ReadAttributes:	Granted by	D:(A;ID;FA;;;WD)
				
	Access Mask:		0x20089
	Privileges Used for Access Check:	-
	Restricted SID Count:	0

Event[600]:
  Log Name: Security
  Source: Microsoft-Windows-Security-Auditing
  Date: 2013-07-11T07:39:53.436
  Event ID: 4663
  Task: File System
  Level: Information
  Opcode: Info
  Keyword: Audit Success
  User: N/A
  User Name: N/A
  Computer: META2008R2.target.tgt
  Description: 
An attempt was made to access an object.

Subject:
	Security ID:		S-1-5-21-656491628-4158127674-1157389670-1355
	Account Name:		jwinters
	Account Domain:		TARGET
	Logon ID:		0x469259d

Object:
	Object Server:	Security
	Object Type:	File
	Object Name:	C:\SharedFiles\TeeVee\TeeVeePartyTonight.txt
	Handle ID:	0x2418

Process Information:
	Process ID:	0x4
	Process Name:	

Access Request Information:
	Accesses:	ReadAttributes
				
	Access Mask:	0x80

Event[601]:
  Log Name: Security
  Source: Microsoft-Windows-Security-Auditing
  Date: 2013-07-11T07:39:53.437
  Event ID: 5145
  Task: Detailed File Share
  Level: Information
  Opcode: Info
  Keyword: Audit Success
  User: N/A
  User Name: N/A
  Computer: META2008R2.target.tgt
  Description: 
A network share object was checked to see whether client can be granted desired access.
	
Subject:
	Security ID:		S-1-5-21-656491628-4158127674-1157389670-1355
	Account Name:		jwinters
	Account Domain:		TARGET
	Logon ID:		0x469259d

Network Information:	
	Object Type:		File
	Source Address:		10.12.1.135
	Source Port:		2677
	
Share Information:
	Share Name:		\\*\SharedFiles
	Share Path:		\??\C:\SharedFiles
	Relative Target Name:	TeeVee\TeeVeePartyTonight.txt

Access Request Information:
	Access Mask:		0x20089
	Accesses:		READ_CONTROL
				ReadData (or ListDirectory)
				ReadEA
				ReadAttributes
				
Access Check Results:
	READ_CONTROL:	Granted by	D:(A;OICI;FA;;;WD)
				ReadData (or ListDirectory):	Granted by	D:(A;OICI;FA;;;WD)
				ReadEA:	Granted by	D:(A;OICI;FA;;;WD)
				ReadAttributes:	Granted by	D:(A;OICI;FA;;;WD)
				


Event[602]:
  Log Name: Security
  Source: Microsoft-Windows-Security-Auditing
  Date: 2013-07-11T07:39:53.437
  Event ID: 4656
  Task: File System
  Level: Information
  Opcode: Info
  Keyword: Audit Success
  User: N/A
  User Name: N/A
  Computer: META2008R2.target.tgt
  Description: 
A handle to an object was requested.

Subject:
	Security ID:		S-1-5-21-656491628-4158127674-1157389670-1355
	Account Name:		jwinters
	Account Domain:		TARGET
	Logon ID:		0x469259d

Object:
	Object Server:		Security
	Object Type:		File
	Object Name:		C:\SharedFiles\TeeVee\TeeVeePartyTonight.txt
	Handle ID:		0x4d4

Process Information:
	Process ID:		0x4
	Process Name:		

Access Request Information:
	Transaction ID:		{00000000-0000-0000-0000-000000000000}
	Accesses:		READ_CONTROL
				ReadData (or ListDirectory)
				ReadEA
				ReadAttributes
				
	Access Reasons:		READ_CONTROL:	Granted by	D:(A;ID;FA;;;WD)
				ReadData (or ListDirectory):	Granted by	D:(A;ID;FA;;;WD)
				ReadEA:	Granted by	D:(A;ID;FA;;;WD)
				ReadAttributes:	Granted by	D:(A;ID;FA;;;WD)
				
	Access Mask:		0x20089
	Privileges Used for Access Check:	-
	Restricted SID Count:	0

Event[603]:
  Log Name: Security
  Source: Microsoft-Windows-Security-Auditing
  Date: 2013-07-11T07:39:53.438
  Event ID: 4658
  Task: File System
  Level: Information
  Opcode: Info
  Keyword: Audit Success
  User: N/A
  User Name: N/A
  Computer: META2008R2.target.tgt
  Description: 
The handle to an object was closed.

Subject :
	Security ID:		S-1-5-21-656491628-4158127674-1157389670-1355
	Account Name:		jwinters
	Account Domain:		TARGET
	Logon ID:		0x469259d

Object:
	Object Server:		Security
	Handle ID:		0x2418

Process Information:
	Process ID:		0x4
	Process Name:		

Event[604]:
  Log Name: Security
  Source: Microsoft-Windows-Security-Auditing
  Date: 2013-07-11T07:39:53.438
  Event ID: 4663
  Task: File System
  Level: Information
  Opcode: Info
  Keyword: Audit Success
  User: N/A
  User Name: N/A
  Computer: META2008R2.target.tgt
  Description: 
An attempt was made to access an object.

Subject:
	Security ID:		S-1-5-21-656491628-4158127674-1157389670-1355
	Account Name:		jwinters
	Account Domain:		TARGET
	Logon ID:		0x469259d

Object:
	Object Server:	Security
	Object Type:	File
	Object Name:	C:\SharedFiles\TeeVee\TeeVeePartyTonight.txt
	Handle ID:	0x4d4

Process Information:
	Process ID:	0x4
	Process Name:	

Access Request Information:
	Accesses:	ReadAttributes
				
	Access Mask:	0x80

Event[605]:
  Log Name: Security
  Source: Microsoft-Windows-Security-Auditing
  Date: 2013-07-11T07:39:53.440
  Event ID: 4658
  Task: File System
  Level: Information
  Opcode: Info
  Keyword: Audit Success
  User: N/A
  User Name: N/A
  Computer: META2008R2.target.tgt
  Description: 
The handle to an object was closed.

Subject :
	Security ID:		S-1-5-21-656491628-4158127674-1157389670-1355
	Account Name:		jwinters
	Account Domain:		TARGET
	Logon ID:		0x469259d

Object:
	Object Server:		Security
	Handle ID:		0x960

Process Information:
	Process ID:		0x4
	Process Name:		

Event[606]:
  Log Name: Security
  Source: Microsoft-Windows-Security-Auditing
  Date: 2013-07-11T07:39:53.440
  Event ID: 5145
  Task: Detailed File Share
  Level: Information
  Opcode: Info
  Keyword: Audit Success
  User: N/A
  User Name: N/A
  Computer: META2008R2.target.tgt
  Description: 
A network share object was checked to see whether client can be granted desired access.
	
Subject:
	Security ID:		S-1-5-21-656491628-4158127674-1157389670-1355
	Account Name:		jwinters
	Account Domain:		TARGET
	Logon ID:		0x469259d

Network Information:	
	Object Type:		File
	Source Address:		10.12.1.135
	Source Port:		2677
	
Share Information:
	Share Name:		\\*\SharedFiles
	Share Path:		\??\C:\SharedFiles
	Relative Target Name:	TeeVee\WhatIsee.txt

Access Request Information:
	Access Mask:		0x20089
	Accesses:		READ_CONTROL
				ReadData (or ListDirectory)
				ReadEA
				ReadAttributes
				
Access Check Results:
	READ_CONTROL:	Granted by	D:(A;OICI;FA;;;WD)
				ReadData (or ListDirectory):	Granted by	D:(A;OICI;FA;;;WD)
				ReadEA:	Granted by	D:(A;OICI;FA;;;WD)
				ReadAttributes:	Granted by	D:(A;OICI;FA;;;WD)
				


Event[607]:
  Log Name: Security
  Source: Microsoft-Windows-Security-Auditing
  Date: 2013-07-11T07:39:53.440
  Event ID: 4656
  Task: File System
  Level: Information
  Opcode: Info
  Keyword: Audit Success
  User: N/A
  User Name: N/A
  Computer: META2008R2.target.tgt
  Description: 
A handle to an object was requested.

Subject:
	Security ID:		S-1-5-21-656491628-4158127674-1157389670-1355
	Account Name:		jwinters
	Account Domain:		TARGET
	Logon ID:		0x469259d

Object:
	Object Server:		Security
	Object Type:		File
	Object Name:		C:\SharedFiles\TeeVee\WhatIsee.txt
	Handle ID:		0x960

Process Information:
	Process ID:		0x4
	Process Name:		

Access Request Information:
	Transaction ID:		{00000000-0000-0000-0000-000000000000}
	Accesses:		READ_CONTROL
				ReadData (or ListDirectory)
				ReadEA
				ReadAttributes
				
	Access Reasons:		READ_CONTROL:	Granted by	D:(A;ID;FA;;;WD)
				ReadData (or ListDirectory):	Granted by	D:(A;ID;FA;;;WD)
				ReadEA:	Granted by	D:(A;ID;FA;;;WD)
				ReadAttributes:	Granted by	D:(A;ID;FA;;;WD)
				
	Access Mask:		0x20089
	Privileges Used for Access Check:	-
	Restricted SID Count:	0

Event[608]:
  Log Name: Security
  Source: Microsoft-Windows-Security-Auditing
  Date: 2013-07-11T07:39:53.440
  Event ID: 4663
  Task: File System
  Level: Information
  Opcode: Info
  Keyword: Audit Success
  User: N/A
  User Name: N/A
  Computer: META2008R2.target.tgt
  Description: 
An attempt was made to access an object.

Subject:
	Security ID:		S-1-5-21-656491628-4158127674-1157389670-1355
	Account Name:		jwinters
	Account Domain:		TARGET
	Logon ID:		0x469259d

Object:
	Object Server:	Security
	Object Type:	File
	Object Name:	C:\SharedFiles\TeeVee\WhatIsee.txt
	Handle ID:	0x960

Process Information:
	Process ID:	0x4
	Process Name:	

Access Request Information:
	Accesses:	ReadAttributes
				
	Access Mask:	0x80

Event[609]:
  Log Name: Security
  Source: Microsoft-Windows-Security-Auditing
  Date: 2013-07-11T07:39:53.442
  Event ID: 5145
  Task: Detailed File Share
  Level: Information
  Opcode: Info
  Keyword: Audit Success
  User: N/A
  User Name: N/A
  Computer: META2008R2.target.tgt
  Description: 
A network share object was checked to see whether client can be granted desired access.
	
Subject:
	Security ID:		S-1-5-21-656491628-4158127674-1157389670-1355
	Account Name:		jwinters
	Account Domain:		TARGET
	Logon ID:		0x469259d

Network Information:	
	Object Type:		File
	Source Address:		10.12.1.135
	Source Port:		2677
	
Share Information:
	Share Name:		\\*\SharedFiles
	Share Path:		\??\C:\SharedFiles
	Relative Target Name:	TeeVee\WhatIsee.txt

Access Request Information:
	Access Mask:		0x20089
	Accesses:		READ_CONTROL
				ReadData (or ListDirectory)
				ReadEA
				ReadAttributes
				
Access Check Results:
	READ_CONTROL:	Granted by	D:(A;OICI;FA;;;WD)
				ReadData (or ListDirectory):	Granted by	D:(A;OICI;FA;;;WD)
				ReadEA:	Granted by	D:(A;OICI;FA;;;WD)
				ReadAttributes:	Granted by	D:(A;OICI;FA;;;WD)
				


Event[610]:
  Log Name: Security
  Source: Microsoft-Windows-Security-Auditing
  Date: 2013-07-11T07:39:53.442
  Event ID: 4656
  Task: File System
  Level: Information
  Opcode: Info
  Keyword: Audit Success
  User: N/A
  User Name: N/A
  Computer: META2008R2.target.tgt
  Description: 
A handle to an object was requested.

Subject:
	Security ID:		S-1-5-21-656491628-4158127674-1157389670-1355
	Account Name:		jwinters
	Account Domain:		TARGET
	Logon ID:		0x469259d

Object:
	Object Server:		Security
	Object Type:		File
	Object Name:		C:\SharedFiles\TeeVee\WhatIsee.txt
	Handle ID:		0x2418

Process Information:
	Process ID:		0x4
	Process Name:		

Access Request Information:
	Transaction ID:		{00000000-0000-0000-0000-000000000000}
	Accesses:		READ_CONTROL
				ReadData (or ListDirectory)
				ReadEA
				ReadAttributes
				
	Access Reasons:		READ_CONTROL:	Granted by	D:(A;ID;FA;;;WD)
				ReadData (or ListDirectory):	Granted by	D:(A;ID;FA;;;WD)
				ReadEA:	Granted by	D:(A;ID;FA;;;WD)
				ReadAttributes:	Granted by	D:(A;ID;FA;;;WD)
				
	Access Mask:		0x20089
	Privileges Used for Access Check:	-
	Restricted SID Count:	0

Event[611]:
  Log Name: Security
  Source: Microsoft-Windows-Security-Auditing
  Date: 2013-07-11T07:39:53.443
  Event ID: 4658
  Task: File System
  Level: Information
  Opcode: Info
  Keyword: Audit Success
  User: N/A
  User Name: N/A
  Computer: META2008R2.target.tgt
  Description: 
The handle to an object was closed.

Subject :
	Security ID:		S-1-5-21-656491628-4158127674-1157389670-1355
	Account Name:		jwinters
	Account Domain:		TARGET
	Logon ID:		0x469259d

Object:
	Object Server:		Security
	Handle ID:		0x960

Process Information:
	Process ID:		0x4
	Process Name:		

Event[612]:
  Log Name: Security
  Source: Microsoft-Windows-Security-Auditing
  Date: 2013-07-11T07:39:53.443
  Event ID: 4663
  Task: File System
  Level: Information
  Opcode: Info
  Keyword: Audit Success
  User: N/A
  User Name: N/A
  Computer: META2008R2.target.tgt
  Description: 
An attempt was made to access an object.

Subject:
	Security ID:		S-1-5-21-656491628-4158127674-1157389670-1355
	Account Name:		jwinters
	Account Domain:		TARGET
	Logon ID:		0x469259d

Object:
	Object Server:	Security
	Object Type:	File
	Object Name:	C:\SharedFiles\TeeVee\WhatIsee.txt
	Handle ID:	0x2418

Process Information:
	Process ID:	0x4
	Process Name:	

Access Request Information:
	Accesses:	ReadAttributes
				
	Access Mask:	0x80

Event[613]:
  Log Name: Security
  Source: Microsoft-Windows-Security-Auditing
  Date: 2013-07-11T07:39:53.445
  Event ID: 5145
  Task: Detailed File Share
  Level: Information
  Opcode: Info
  Keyword: Audit Success
  User: N/A
  User Name: N/A
  Computer: META2008R2.target.tgt
  Description: 
A network share object was checked to see whether client can be granted desired access.
	
Subject:
	Security ID:		S-1-5-21-656491628-4158127674-1157389670-1355
	Account Name:		jwinters
	Account Domain:		TARGET
	Logon ID:		0x469259d

Network Information:	
	Object Type:		File
	Source Address:		10.12.1.135
	Source Port:		2677
	
Share Information:
	Share Name:		\\*\SharedFiles
	Share Path:		\??\C:\SharedFiles
	Relative Target Name:	Widgets

Access Request Information:
	Access Mask:		0x80
	Accesses:		ReadAttributes
				
Access Check Results:
	ReadAttributes:	Granted by	D:(A;OICI;FA;;;WD)
				


Event[614]:
  Log Name: Security
  Source: Microsoft-Windows-Security-Auditing
  Date: 2013-07-11T07:39:53.445
  Event ID: 4656
  Task: File System
  Level: Information
  Opcode: Info
  Keyword: Audit Success
  User: N/A
  User Name: N/A
  Computer: META2008R2.target.tgt
  Description: 
A handle to an object was requested.

Subject:
	Security ID:		S-1-5-21-656491628-4158127674-1157389670-1355
	Account Name:		jwinters
	Account Domain:		TARGET
	Logon ID:		0x469259d

Object:
	Object Server:		Security
	Object Type:		File
	Object Name:		C:\SharedFiles\Widgets
	Handle ID:		0x960

Process Information:
	Process ID:		0x4
	Process Name:		

Access Request Information:
	Transaction ID:		{00000000-0000-0000-0000-000000000000}
	Accesses:		ReadAttributes
				
	Access Reasons:		ReadAttributes:	Granted by	D:(A;OICIID;FA;;;WD)
				
	Access Mask:		0x80
	Privileges Used for Access Check:	-
	Restricted SID Count:	0

Event[615]:
  Log Name: Security
  Source: Microsoft-Windows-Security-Auditing
  Date: 2013-07-11T07:39:53.445
  Event ID: 4663
  Task: File System
  Level: Information
  Opcode: Info
  Keyword: Audit Success
  User: N/A
  User Name: N/A
  Computer: META2008R2.target.tgt
  Description: 
An attempt was made to access an object.

Subject:
	Security ID:		S-1-5-21-656491628-4158127674-1157389670-1355
	Account Name:		jwinters
	Account Domain:		TARGET
	Logon ID:		0x469259d

Object:
	Object Server:	Security
	Object Type:	File
	Object Name:	C:\SharedFiles\Widgets
	Handle ID:	0x960

Process Information:
	Process ID:	0x4
	Process Name:	

Access Request Information:
	Accesses:	ReadAttributes
				
	Access Mask:	0x80

Event[616]:
  Log Name: Security
  Source: Microsoft-Windows-Security-Auditing
  Date: 2013-07-11T07:39:53.445
  Event ID: 4658
  Task: File System
  Level: Information
  Opcode: Info
  Keyword: Audit Success
  User: N/A
  User Name: N/A
  Computer: META2008R2.target.tgt
  Description: 
The handle to an object was closed.

Subject :
	Security ID:		S-1-5-21-656491628-4158127674-1157389670-1355
	Account Name:		jwinters
	Account Domain:		TARGET
	Logon ID:		0x469259d

Object:
	Object Server:		Security
	Handle ID:		0x960

Process Information:
	Process ID:		0x4
	Process Name:		

Event[617]:
  Log Name: Security
  Source: Microsoft-Windows-Security-Auditing
  Date: 2013-07-11T07:39:53.446
  Event ID: 5145
  Task: Detailed File Share
  Level: Information
  Opcode: Info
  Keyword: Audit Success
  User: N/A
  User Name: N/A
  Computer: META2008R2.target.tgt
  Description: 
A network share object was checked to see whether client can be granted desired access.
	
Subject:
	Security ID:		S-1-5-21-656491628-4158127674-1157389670-1355
	Account Name:		jwinters
	Account Domain:		TARGET
	Logon ID:		0x469259d

Network Information:	
	Object Type:		File
	Source Address:		10.12.1.135
	Source Port:		2677
	
Share Information:
	Share Name:		\\*\SharedFiles
	Share Path:		\??\C:\SharedFiles
	Relative Target Name:	Widgets

Access Request Information:
	Access Mask:		0x80
	Accesses:		ReadAttributes
				
Access Check Results:
	ReadAttributes:	Granted by	D:(A;OICI;FA;;;WD)
				


Event[618]:
  Log Name: Security
  Source: Microsoft-Windows-Security-Auditing
  Date: 2013-07-11T07:39:53.446
  Event ID: 4656
  Task: File System
  Level: Information
  Opcode: Info
  Keyword: Audit Success
  User: N/A
  User Name: N/A
  Computer: META2008R2.target.tgt
  Description: 
A handle to an object was requested.

Subject:
	Security ID:		S-1-5-21-656491628-4158127674-1157389670-1355
	Account Name:		jwinters
	Account Domain:		TARGET
	Logon ID:		0x469259d

Object:
	Object Server:		Security
	Object Type:		File
	Object Name:		C:\SharedFiles\Widgets
	Handle ID:		0x960

Process Information:
	Process ID:		0x4
	Process Name:		

Access Request Information:
	Transaction ID:		{00000000-0000-0000-0000-000000000000}
	Accesses:		ReadAttributes
				
	Access Reasons:		ReadAttributes:	Granted by	D:(A;OICIID;FA;;;WD)
				
	Access Mask:		0x80
	Privileges Used for Access Check:	-
	Restricted SID Count:	0

Event[619]:
  Log Name: Security
  Source: Microsoft-Windows-Security-Auditing
  Date: 2013-07-11T07:39:53.446
  Event ID: 4663
  Task: File System
  Level: Information
  Opcode: Info
  Keyword: Audit Success
  User: N/A
  User Name: N/A
  Computer: META2008R2.target.tgt
  Description: 
An attempt was made to access an object.

Subject:
	Security ID:		S-1-5-21-656491628-4158127674-1157389670-1355
	Account Name:		jwinters
	Account Domain:		TARGET
	Logon ID:		0x469259d

Object:
	Object Server:	Security
	Object Type:	File
	Object Name:	C:\SharedFiles\Widgets
	Handle ID:	0x960

Process Information:
	Process ID:	0x4
	Process Name:	

Access Request Information:
	Accesses:	ReadAttributes
				
	Access Mask:	0x80

Event[620]:
  Log Name: Security
  Source: Microsoft-Windows-Security-Auditing
  Date: 2013-07-11T07:39:53.446
  Event ID: 4658
  Task: File System
  Level: Information
  Opcode: Info
  Keyword: Audit Success
  User: N/A
  User Name: N/A
  Computer: META2008R2.target.tgt
  Description: 
The handle to an object was closed.

Subject :
	Security ID:		S-1-5-21-656491628-4158127674-1157389670-1355
	Account Name:		jwinters
	Account Domain:		TARGET
	Logon ID:		0x469259d

Object:
	Object Server:		Security
	Handle ID:		0x960

Process Information:
	Process ID:		0x4
	Process Name:		

Event[621]:
  Log Name: Security
  Source: Microsoft-Windows-Security-Auditing
  Date: 2013-07-11T07:39:53.446
  Event ID: 5145
  Task: Detailed File Share
  Level: Information
  Opcode: Info
  Keyword: Audit Success
  User: N/A
  User Name: N/A
  Computer: META2008R2.target.tgt
  Description: 
A network share object was checked to see whether client can be granted desired access.
	
Subject:
	Security ID:		S-1-5-21-656491628-4158127674-1157389670-1355
	Account Name:		jwinters
	Account Domain:		TARGET
	Logon ID:		0x469259d

Network Information:	
	Object Type:		File
	Source Address:		10.12.1.135
	Source Port:		2677
	
Share Information:
	Share Name:		\\*\SharedFiles
	Share Path:		\??\C:\SharedFiles
	Relative Target Name:	Widgets

Access Request Information:
	Access Mask:		0x80
	Accesses:		ReadAttributes
				
Access Check Results:
	ReadAttributes:	Granted by	D:(A;OICI;FA;;;WD)
				


Event[622]:
  Log Name: Security
  Source: Microsoft-Windows-Security-Auditing
  Date: 2013-07-11T07:39:53.446
  Event ID: 4656
  Task: File System
  Level: Information
  Opcode: Info
  Keyword: Audit Success
  User: N/A
  User Name: N/A
  Computer: META2008R2.target.tgt
  Description: 
A handle to an object was requested.

Subject:
	Security ID:		S-1-5-21-656491628-4158127674-1157389670-1355
	Account Name:		jwinters
	Account Domain:		TARGET
	Logon ID:		0x469259d

Object:
	Object Server:		Security
	Object Type:		File
	Object Name:		C:\SharedFiles\Widgets
	Handle ID:		0x960

Process Information:
	Process ID:		0x4
	Process Name:		

Access Request Information:
	Transaction ID:		{00000000-0000-0000-0000-000000000000}
	Accesses:		ReadAttributes
				
	Access Reasons:		ReadAttributes:	Granted by	D:(A;OICIID;FA;;;WD)
				
	Access Mask:		0x80
	Privileges Used for Access Check:	-
	Restricted SID Count:	0

Event[623]:
  Log Name: Security
  Source: Microsoft-Windows-Security-Auditing
  Date: 2013-07-11T07:39:53.446
  Event ID: 4658
  Task: File System
  Level: Information
  Opcode: Info
  Keyword: Audit Success
  User: N/A
  User Name: N/A
  Computer: META2008R2.target.tgt
  Description: 
The handle to an object was closed.

Subject :
	Security ID:		S-1-5-21-656491628-4158127674-1157389670-1355
	Account Name:		jwinters
	Account Domain:		TARGET
	Logon ID:		0x469259d

Object:
	Object Server:		Security
	Handle ID:		0x960

Process Information:
	Process ID:		0x4
	Process Name:		

Event[624]:
  Log Name: Security
  Source: Microsoft-Windows-Security-Auditing
  Date: 2013-07-11T07:39:53.447
  Event ID: 5145
  Task: Detailed File Share
  Level: Information
  Opcode: Info
  Keyword: Audit Success
  User: N/A
  User Name: N/A
  Computer: META2008R2.target.tgt
  Description: 
A network share object was checked to see whether client can be granted desired access.
	
Subject:
	Security ID:		S-1-5-21-656491628-4158127674-1157389670-1355
	Account Name:		jwinters
	Account Domain:		TARGET
	Logon ID:		0x469259d

Network Information:	
	Object Type:		File
	Source Address:		10.12.1.135
	Source Port:		2677
	
Share Information:
	Share Name:		\\*\SharedFiles
	Share Path:		\??\C:\SharedFiles
	Relative Target Name:	Widgets

Access Request Information:
	Access Mask:		0x80
	Accesses:		ReadAttributes
				
Access Check Results:
	ReadAttributes:	Granted by	D:(A;OICI;FA;;;WD)
				


Event[625]:
  Log Name: Security
  Source: Microsoft-Windows-Security-Auditing
  Date: 2013-07-11T07:39:53.447
  Event ID: 4656
  Task: File System
  Level: Information
  Opcode: Info
  Keyword: Audit Success
  User: N/A
  User Name: N/A
  Computer: META2008R2.target.tgt
  Description: 
A handle to an object was requested.

Subject:
	Security ID:		S-1-5-21-656491628-4158127674-1157389670-1355
	Account Name:		jwinters
	Account Domain:		TARGET
	Logon ID:		0x469259d

Object:
	Object Server:		Security
	Object Type:		File
	Object Name:		C:\SharedFiles\Widgets
	Handle ID:		0x960

Process Information:
	Process ID:		0x4
	Process Name:		

Access Request Information:
	Transaction ID:		{00000000-0000-0000-0000-000000000000}
	Accesses:		ReadAttributes
				
	Access Reasons:		ReadAttributes:	Granted by	D:(A;OICIID;FA;;;WD)
				
	Access Mask:		0x80
	Privileges Used for Access Check:	-
	Restricted SID Count:	0

Event[626]:
  Log Name: Security
  Source: Microsoft-Windows-Security-Auditing
  Date: 2013-07-11T07:39:53.447
  Event ID: 4658
  Task: File System
  Level: Information
  Opcode: Info
  Keyword: Audit Success
  User: N/A
  User Name: N/A
  Computer: META2008R2.target.tgt
  Description: 
The handle to an object was closed.

Subject :
	Security ID:		S-1-5-21-656491628-4158127674-1157389670-1355
	Account Name:		jwinters
	Account Domain:		TARGET
	Logon ID:		0x469259d

Object:
	Object Server:		Security
	Handle ID:		0x960

Process Information:
	Process ID:		0x4
	Process Name:		

Event[627]:
  Log Name: Security
  Source: Microsoft-Windows-Security-Auditing
  Date: 2013-07-11T07:39:53.448
  Event ID: 4658
  Task: File System
  Level: Information
  Opcode: Info
  Keyword: Audit Success
  User: N/A
  User Name: N/A
  Computer: META2008R2.target.tgt
  Description: 
The handle to an object was closed.

Subject :
	Security ID:		S-1-5-21-656491628-4158127674-1157389670-1355
	Account Name:		jwinters
	Account Domain:		TARGET
	Logon ID:		0x469259d

Object:
	Object Server:		Security
	Handle ID:		0x99c

Process Information:
	Process ID:		0x4
	Process Name:		

Event[628]:
  Log Name: Security
  Source: Microsoft-Windows-Security-Auditing
  Date: 2013-07-11T07:39:53.448
  Event ID: 5145
  Task: Detailed File Share
  Level: Information
  Opcode: Info
  Keyword: Audit Success
  User: N/A
  User Name: N/A
  Computer: META2008R2.target.tgt
  Description: 
A network share object was checked to see whether client can be granted desired access.
	
Subject:
	Security ID:		S-1-5-21-656491628-4158127674-1157389670-1355
	Account Name:		jwinters
	Account Domain:		TARGET
	Logon ID:		0x469259d

Network Information:	
	Object Type:		File
	Source Address:		10.12.1.135
	Source Port:		2677
	
Share Information:
	Share Name:		\\*\SharedFiles
	Share Path:		\??\C:\SharedFiles
	Relative Target Name:	Widgets\ButYouHaveToKnowHow.doc

Access Request Information:
	Access Mask:		0x20089
	Accesses:		READ_CONTROL
				ReadData (or ListDirectory)
				ReadEA
				ReadAttributes
				
Access Check Results:
	READ_CONTROL:	Granted by	D:(A;OICI;FA;;;WD)
				ReadData (or ListDirectory):	Granted by	D:(A;OICI;FA;;;WD)
				ReadEA:	Granted by	D:(A;OICI;FA;;;WD)
				ReadAttributes:	Granted by	D:(A;OICI;FA;;;WD)
				


Event[629]:
  Log Name: Security
  Source: Microsoft-Windows-Security-Auditing
  Date: 2013-07-11T07:39:53.448
  Event ID: 4656
  Task: File System
  Level: Information
  Opcode: Info
  Keyword: Audit Success
  User: N/A
  User Name: N/A
  Computer: META2008R2.target.tgt
  Description: 
A handle to an object was requested.

Subject:
	Security ID:		S-1-5-21-656491628-4158127674-1157389670-1355
	Account Name:		jwinters
	Account Domain:		TARGET
	Logon ID:		0x469259d

Object:
	Object Server:		Security
	Object Type:		File
	Object Name:		C:\SharedFiles\Widgets\ButYouHaveToKnowHow.doc
	Handle ID:		0x99c

Process Information:
	Process ID:		0x4
	Process Name:		

Access Request Information:
	Transaction ID:		{00000000-0000-0000-0000-000000000000}
	Accesses:		READ_CONTROL
				ReadData (or ListDirectory)
				ReadEA
				ReadAttributes
				
	Access Reasons:		READ_CONTROL:	Granted by	D:(A;ID;FA;;;WD)
				ReadData (or ListDirectory):	Granted by	D:(A;ID;FA;;;WD)
				ReadEA:	Granted by	D:(A;ID;FA;;;WD)
				ReadAttributes:	Granted by	D:(A;ID;FA;;;WD)
				
	Access Mask:		0x20089
	Privileges Used for Access Check:	-
	Restricted SID Count:	0

Event[630]:
  Log Name: Security
  Source: Microsoft-Windows-Security-Auditing
  Date: 2013-07-11T07:39:53.448
  Event ID: 4663
  Task: File System
  Level: Information
  Opcode: Info
  Keyword: Audit Success
  User: N/A
  User Name: N/A
  Computer: META2008R2.target.tgt
  Description: 
An attempt was made to access an object.

Subject:
	Security ID:		S-1-5-21-656491628-4158127674-1157389670-1355
	Account Name:		jwinters
	Account Domain:		TARGET
	Logon ID:		0x469259d

Object:
	Object Server:	Security
	Object Type:	File
	Object Name:	C:\SharedFiles\Widgets\ButYouHaveToKnowHow.doc
	Handle ID:	0x99c

Process Information:
	Process ID:	0x4
	Process Name:	

Access Request Information:
	Accesses:	ReadAttributes
				
	Access Mask:	0x80

Event[631]:
  Log Name: Security
  Source: Microsoft-Windows-Security-Auditing
  Date: 2013-07-11T07:39:53.450
  Event ID: 5145
  Task: Detailed File Share
  Level: Information
  Opcode: Info
  Keyword: Audit Success
  User: N/A
  User Name: N/A
  Computer: META2008R2.target.tgt
  Description: 
A network share object was checked to see whether client can be granted desired access.
	
Subject:
	Security ID:		S-1-5-21-656491628-4158127674-1157389670-1355
	Account Name:		jwinters
	Account Domain:		TARGET
	Logon ID:		0x469259d

Network Information:	
	Object Type:		File
	Source Address:		10.12.1.135
	Source Port:		2677
	
Share Information:
	Share Name:		\\*\SharedFiles
	Share Path:		\??\C:\SharedFiles
	Relative Target Name:	Widgets\ButYouHaveToKnowHow.doc

Access Request Information:
	Access Mask:		0x20089
	Accesses:		READ_CONTROL
				ReadData (or ListDirectory)
				ReadEA
				ReadAttributes
				
Access Check Results:
	READ_CONTROL:	Granted by	D:(A;OICI;FA;;;WD)
				ReadData (or ListDirectory):	Granted by	D:(A;OICI;FA;;;WD)
				ReadEA:	Granted by	D:(A;OICI;FA;;;WD)
				ReadAttributes:	Granted by	D:(A;OICI;FA;;;WD)
				


Event[632]:
  Log Name: Security
  Source: Microsoft-Windows-Security-Auditing
  Date: 2013-07-11T07:39:53.450
  Event ID: 4656
  Task: File System
  Level: Information
  Opcode: Info
  Keyword: Audit Success
  User: N/A
  User Name: N/A
  Computer: META2008R2.target.tgt
  Description: 
A handle to an object was requested.

Subject:
	Security ID:		S-1-5-21-656491628-4158127674-1157389670-1355
	Account Name:		jwinters
	Account Domain:		TARGET
	Logon ID:		0x469259d

Object:
	Object Server:		Security
	Object Type:		File
	Object Name:		C:\SharedFiles\Widgets\ButYouHaveToKnowHow.doc
	Handle ID:		0x960

Process Information:
	Process ID:		0x4
	Process Name:		

Access Request Information:
	Transaction ID:		{00000000-0000-0000-0000-000000000000}
	Accesses:		READ_CONTROL
				ReadData (or ListDirectory)
				ReadEA
				ReadAttributes
				
	Access Reasons:		READ_CONTROL:	Granted by	D:(A;ID;FA;;;WD)
				ReadData (or ListDirectory):	Granted by	D:(A;ID;FA;;;WD)
				ReadEA:	Granted by	D:(A;ID;FA;;;WD)
				ReadAttributes:	Granted by	D:(A;ID;FA;;;WD)
				
	Access Mask:		0x20089
	Privileges Used for Access Check:	-
	Restricted SID Count:	0

Event[633]:
  Log Name: Security
  Source: Microsoft-Windows-Security-Auditing
  Date: 2013-07-11T07:39:53.450
  Event ID: 4658
  Task: File System
  Level: Information
  Opcode: Info
  Keyword: Audit Success
  User: N/A
  User Name: N/A
  Computer: META2008R2.target.tgt
  Description: 
The handle to an object was closed.

Subject :
	Security ID:		S-1-5-21-656491628-4158127674-1157389670-1355
	Account Name:		jwinters
	Account Domain:		TARGET
	Logon ID:		0x469259d

Object:
	Object Server:		Security
	Handle ID:		0x99c

Process Information:
	Process ID:		0x4
	Process Name:		

Event[634]:
  Log Name: Security
  Source: Microsoft-Windows-Security-Auditing
  Date: 2013-07-11T07:39:53.450
  Event ID: 4663
  Task: File System
  Level: Information
  Opcode: Info
  Keyword: Audit Success
  User: N/A
  User Name: N/A
  Computer: META2008R2.target.tgt
  Description: 
An attempt was made to access an object.

Subject:
	Security ID:		S-1-5-21-656491628-4158127674-1157389670-1355
	Account Name:		jwinters
	Account Domain:		TARGET
	Logon ID:		0x469259d

Object:
	Object Server:	Security
	Object Type:	File
	Object Name:	C:\SharedFiles\Widgets\ButYouHaveToKnowHow.doc
	Handle ID:	0x960

Process Information:
	Process ID:	0x4
	Process Name:	

Access Request Information:
	Accesses:	ReadAttributes
				
	Access Mask:	0x80

Event[635]:
  Log Name: Security
  Source: Microsoft-Windows-Security-Auditing
  Date: 2013-07-11T07:39:53.452
  Event ID: 4658
  Task: File System
  Level: Information
  Opcode: Info
  Keyword: Audit Success
  User: N/A
  User Name: N/A
  Computer: META2008R2.target.tgt
  Description: 
The handle to an object was closed.

Subject :
	Security ID:		S-1-5-21-656491628-4158127674-1157389670-1355
	Account Name:		jwinters
	Account Domain:		TARGET
	Logon ID:		0x469259d

Object:
	Object Server:		Security
	Handle ID:		0xe30

Process Information:
	Process ID:		0x4
	Process Name:		

Event[636]:
  Log Name: Security
  Source: Microsoft-Windows-Security-Auditing
  Date: 2013-07-11T07:39:53.452
  Event ID: 5145
  Task: Detailed File Share
  Level: Information
  Opcode: Info
  Keyword: Audit Success
  User: N/A
  User Name: N/A
  Computer: META2008R2.target.tgt
  Description: 
A network share object was checked to see whether client can be granted desired access.
	
Subject:
	Security ID:		S-1-5-21-656491628-4158127674-1157389670-1355
	Account Name:		jwinters
	Account Domain:		TARGET
	Logon ID:		0x469259d

Network Information:	
	Object Type:		File
	Source Address:		10.12.1.135
	Source Port:		2677
	
Share Information:
	Share Name:		\\*\SharedFiles
	Share Path:		\??\C:\SharedFiles
	Relative Target Name:	Widgets\ItIsFunToHaveFun.xls

Access Request Information:
	Access Mask:		0x20089
	Accesses:		READ_CONTROL
				ReadData (or ListDirectory)
				ReadEA
				ReadAttributes
				
Access Check Results:
	READ_CONTROL:	Granted by	D:(A;OICI;FA;;;WD)
				ReadData (or ListDirectory):	Granted by	D:(A;OICI;FA;;;WD)
				ReadEA:	Granted by	D:(A;OICI;FA;;;WD)
				ReadAttributes:	Granted by	D:(A;OICI;FA;;;WD)
				


Event[637]:
  Log Name: Security
  Source: Microsoft-Windows-Security-Auditing
  Date: 2013-07-11T07:39:53.452
  Event ID: 4656
  Task: File System
  Level: Information
  Opcode: Info
  Keyword: Audit Success
  User: N/A
  User Name: N/A
  Computer: META2008R2.target.tgt
  Description: 
A handle to an object was requested.

Subject:
	Security ID:		S-1-5-21-656491628-4158127674-1157389670-1355
	Account Name:		jwinters
	Account Domain:		TARGET
	Logon ID:		0x469259d

Object:
	Object Server:		Security
	Object Type:		File
	Object Name:		C:\SharedFiles\Widgets\ItIsFunToHaveFun.xls
	Handle ID:		0xe30

Process Information:
	Process ID:		0x4
	Process Name:		

Access Request Information:
	Transaction ID:		{00000000-0000-0000-0000-000000000000}
	Accesses:		READ_CONTROL
				ReadData (or ListDirectory)
				ReadEA
				ReadAttributes
				
	Access Reasons:		READ_CONTROL:	Granted by	D:(A;ID;FA;;;WD)
				ReadData (or ListDirectory):	Granted by	D:(A;ID;FA;;;WD)
				ReadEA:	Granted by	D:(A;ID;FA;;;WD)
				ReadAttributes:	Granted by	D:(A;ID;FA;;;WD)
				
	Access Mask:		0x20089
	Privileges Used for Access Check:	-
	Restricted SID Count:	0

Event[638]:
  Log Name: Security
  Source: Microsoft-Windows-Security-Auditing
  Date: 2013-07-11T07:39:53.452
  Event ID: 4663
  Task: File System
  Level: Information
  Opcode: Info
  Keyword: Audit Success
  User: N/A
  User Name: N/A
  Computer: META2008R2.target.tgt
  Description: 
An attempt was made to access an object.

Subject:
	Security ID:		S-1-5-21-656491628-4158127674-1157389670-1355
	Account Name:		jwinters
	Account Domain:		TARGET
	Logon ID:		0x469259d

Object:
	Object Server:	Security
	Object Type:	File
	Object Name:	C:\SharedFiles\Widgets\ItIsFunToHaveFun.xls
	Handle ID:	0xe30

Process Information:
	Process ID:	0x4
	Process Name:	

Access Request Information:
	Accesses:	ReadAttributes
				
	Access Mask:	0x80

Event[639]:
  Log Name: Security
  Source: Microsoft-Windows-Security-Auditing
  Date: 2013-07-11T07:39:53.453
  Event ID: 5145
  Task: Detailed File Share
  Level: Information
  Opcode: Info
  Keyword: Audit Success
  User: N/A
  User Name: N/A
  Computer: META2008R2.target.tgt
  Description: 
A network share object was checked to see whether client can be granted desired access.
	
Subject:
	Security ID:		S-1-5-21-656491628-4158127674-1157389670-1355
	Account Name:		jwinters
	Account Domain:		TARGET
	Logon ID:		0x469259d

Network Information:	
	Object Type:		File
	Source Address:		10.12.1.135
	Source Port:		2677
	
Share Information:
	Share Name:		\\*\SharedFiles
	Share Path:		\??\C:\SharedFiles
	Relative Target Name:	Widgets\ItIsFunToHaveFun.xls

Access Request Information:
	Access Mask:		0x20089
	Accesses:		READ_CONTROL
				ReadData (or ListDirectory)
				ReadEA
				ReadAttributes
				
Access Check Results:
	READ_CONTROL:	Granted by	D:(A;OICI;FA;;;WD)
				ReadData (or ListDirectory):	Granted by	D:(A;OICI;FA;;;WD)
				ReadEA:	Granted by	D:(A;OICI;FA;;;WD)
				ReadAttributes:	Granted by	D:(A;OICI;FA;;;WD)
				


Event[640]:
  Log Name: Security
  Source: Microsoft-Windows-Security-Auditing
  Date: 2013-07-11T07:39:53.453
  Event ID: 4656
  Task: File System
  Level: Information
  Opcode: Info
  Keyword: Audit Success
  User: N/A
  User Name: N/A
  Computer: META2008R2.target.tgt
  Description: 
A handle to an object was requested.

Subject:
	Security ID:		S-1-5-21-656491628-4158127674-1157389670-1355
	Account Name:		jwinters
	Account Domain:		TARGET
	Logon ID:		0x469259d

Object:
	Object Server:		Security
	Object Type:		File
	Object Name:		C:\SharedFiles\Widgets\ItIsFunToHaveFun.xls
	Handle ID:		0x99c

Process Information:
	Process ID:		0x4
	Process Name:		

Access Request Information:
	Transaction ID:		{00000000-0000-0000-0000-000000000000}
	Accesses:		READ_CONTROL
				ReadData (or ListDirectory)
				ReadEA
				ReadAttributes
				
	Access Reasons:		READ_CONTROL:	Granted by	D:(A;ID;FA;;;WD)
				ReadData (or ListDirectory):	Granted by	D:(A;ID;FA;;;WD)
				ReadEA:	Granted by	D:(A;ID;FA;;;WD)
				ReadAttributes:	Granted by	D:(A;ID;FA;;;WD)
				
	Access Mask:		0x20089
	Privileges Used for Access Check:	-
	Restricted SID Count:	0

Event[641]:
  Log Name: Security
  Source: Microsoft-Windows-Security-Auditing
  Date: 2013-07-11T07:39:53.453
  Event ID: 4658
  Task: File System
  Level: Information
  Opcode: Info
  Keyword: Audit Success
  User: N/A
  User Name: N/A
  Computer: META2008R2.target.tgt
  Description: 
The handle to an object was closed.

Subject :
	Security ID:		S-1-5-21-656491628-4158127674-1157389670-1355
	Account Name:		jwinters
	Account Domain:		TARGET
	Logon ID:		0x469259d

Object:
	Object Server:		Security
	Handle ID:		0xe30

Process Information:
	Process ID:		0x4
	Process Name:		

Event[642]:
  Log Name: Security
  Source: Microsoft-Windows-Security-Auditing
  Date: 2013-07-11T07:39:53.453
  Event ID: 4663
  Task: File System
  Level: Information
  Opcode: Info
  Keyword: Audit Success
  User: N/A
  User Name: N/A
  Computer: META2008R2.target.tgt
  Description: 
An attempt was made to access an object.

Subject:
	Security ID:		S-1-5-21-656491628-4158127674-1157389670-1355
	Account Name:		jwinters
	Account Domain:		TARGET
	Logon ID:		0x469259d

Object:
	Object Server:	Security
	Object Type:	File
	Object Name:	C:\SharedFiles\Widgets\ItIsFunToHaveFun.xls
	Handle ID:	0x99c

Process Information:
	Process ID:	0x4
	Process Name:	

Access Request Information:
	Accesses:	ReadAttributes
				
	Access Mask:	0x80

Event[643]:
  Log Name: Security
  Source: Microsoft-Windows-Security-Auditing
  Date: 2013-07-11T07:39:53.455
  Event ID: 4658
  Task: File System
  Level: Information
  Opcode: Info
  Keyword: Audit Success
  User: N/A
  User Name: N/A
  Computer: META2008R2.target.tgt
  Description: 
The handle to an object was closed.

Subject :
	Security ID:		S-1-5-21-656491628-4158127674-1157389670-1355
	Account Name:		jwinters
	Account Domain:		TARGET
	Logon ID:		0x469259d

Object:
	Object Server:		Security
	Handle ID:		0x1bf4

Process Information:
	Process ID:		0x4
	Process Name:		

Event[644]:
  Log Name: Security
  Source: Microsoft-Windows-Security-Auditing
  Date: 2013-07-11T07:39:53.455
  Event ID: 5145
  Task: Detailed File Share
  Level: Information
  Opcode: Info
  Keyword: Audit Success
  User: N/A
  User Name: N/A
  Computer: META2008R2.target.tgt
  Description: 
A network share object was checked to see whether client can be granted desired access.
	
Subject:
	Security ID:		S-1-5-21-656491628-4158127674-1157389670-1355
	Account Name:		jwinters
	Account Domain:		TARGET
	Logon ID:		0x469259d

Network Information:	
	Object Type:		File
	Source Address:		10.12.1.135
	Source Port:		2677
	
Share Information:
	Share Name:		\\*\SharedFiles
	Share Path:		\??\C:\SharedFiles
	Relative Target Name:	Widgets\Widget1.txt

Access Request Information:
	Access Mask:		0x20089
	Accesses:		READ_CONTROL
				ReadData (or ListDirectory)
				ReadEA
				ReadAttributes
				
Access Check Results:
	READ_CONTROL:	Granted by	D:(A;OICI;FA;;;WD)
				ReadData (or ListDirectory):	Granted by	D:(A;OICI;FA;;;WD)
				ReadEA:	Granted by	D:(A;OICI;FA;;;WD)
				ReadAttributes:	Granted by	D:(A;OICI;FA;;;WD)
				


Event[645]:
  Log Name: Security
  Source: Microsoft-Windows-Security-Auditing
  Date: 2013-07-11T07:39:53.455
  Event ID: 4656
  Task: File System
  Level: Information
  Opcode: Info
  Keyword: Audit Success
  User: N/A
  User Name: N/A
  Computer: META2008R2.target.tgt
  Description: 
A handle to an object was requested.

Subject:
	Security ID:		S-1-5-21-656491628-4158127674-1157389670-1355
	Account Name:		jwinters
	Account Domain:		TARGET
	Logon ID:		0x469259d

Object:
	Object Server:		Security
	Object Type:		File
	Object Name:		C:\SharedFiles\Widgets\Widget1.txt
	Handle ID:		0x1bf4

Process Information:
	Process ID:		0x4
	Process Name:		

Access Request Information:
	Transaction ID:		{00000000-0000-0000-0000-000000000000}
	Accesses:		READ_CONTROL
				ReadData (or ListDirectory)
				ReadEA
				ReadAttributes
				
	Access Reasons:		READ_CONTROL:	Granted by	D:(A;ID;FA;;;WD)
				ReadData (or ListDirectory):	Granted by	D:(A;ID;FA;;;WD)
				ReadEA:	Granted by	D:(A;ID;FA;;;WD)
				ReadAttributes:	Granted by	D:(A;ID;FA;;;WD)
				
	Access Mask:		0x20089
	Privileges Used for Access Check:	-
	Restricted SID Count:	0

Event[646]:
  Log Name: Security
  Source: Microsoft-Windows-Security-Auditing
  Date: 2013-07-11T07:39:53.455
  Event ID: 4663
  Task: File System
  Level: Information
  Opcode: Info
  Keyword: Audit Success
  User: N/A
  User Name: N/A
  Computer: META2008R2.target.tgt
  Description: 
An attempt was made to access an object.

Subject:
	Security ID:		S-1-5-21-656491628-4158127674-1157389670-1355
	Account Name:		jwinters
	Account Domain:		TARGET
	Logon ID:		0x469259d

Object:
	Object Server:	Security
	Object Type:	File
	Object Name:	C:\SharedFiles\Widgets\Widget1.txt
	Handle ID:	0x1bf4

Process Information:
	Process ID:	0x4
	Process Name:	

Access Request Information:
	Accesses:	ReadAttributes
				
	Access Mask:	0x80

Event[647]:
  Log Name: Security
  Source: Microsoft-Windows-Security-Auditing
  Date: 2013-07-11T07:39:53.456
  Event ID: 5145
  Task: Detailed File Share
  Level: Information
  Opcode: Info
  Keyword: Audit Success
  User: N/A
  User Name: N/A
  Computer: META2008R2.target.tgt
  Description: 
A network share object was checked to see whether client can be granted desired access.
	
Subject:
	Security ID:		S-1-5-21-656491628-4158127674-1157389670-1355
	Account Name:		jwinters
	Account Domain:		TARGET
	Logon ID:		0x469259d

Network Information:	
	Object Type:		File
	Source Address:		10.12.1.135
	Source Port:		2677
	
Share Information:
	Share Name:		\\*\SharedFiles
	Share Path:		\??\C:\SharedFiles
	Relative Target Name:	Widgets\Widget1.txt

Access Request Information:
	Access Mask:		0x20089
	Accesses:		READ_CONTROL
				ReadData (or ListDirectory)
				ReadEA
				ReadAttributes
				
Access Check Results:
	READ_CONTROL:	Granted by	D:(A;OICI;FA;;;WD)
				ReadData (or ListDirectory):	Granted by	D:(A;OICI;FA;;;WD)
				ReadEA:	Granted by	D:(A;OICI;FA;;;WD)
				ReadAttributes:	Granted by	D:(A;OICI;FA;;;WD)
				


Event[648]:
  Log Name: Security
  Source: Microsoft-Windows-Security-Auditing
  Date: 2013-07-11T07:39:53.456
  Event ID: 4656
  Task: File System
  Level: Information
  Opcode: Info
  Keyword: Audit Success
  User: N/A
  User Name: N/A
  Computer: META2008R2.target.tgt
  Description: 
A handle to an object was requested.

Subject:
	Security ID:		S-1-5-21-656491628-4158127674-1157389670-1355
	Account Name:		jwinters
	Account Domain:		TARGET
	Logon ID:		0x469259d

Object:
	Object Server:		Security
	Object Type:		File
	Object Name:		C:\SharedFiles\Widgets\Widget1.txt
	Handle ID:		0xe30

Process Information:
	Process ID:		0x4
	Process Name:		

Access Request Information:
	Transaction ID:		{00000000-0000-0000-0000-000000000000}
	Accesses:		READ_CONTROL
				ReadData (or ListDirectory)
				ReadEA
				ReadAttributes
				
	Access Reasons:		READ_CONTROL:	Granted by	D:(A;ID;FA;;;WD)
				ReadData (or ListDirectory):	Granted by	D:(A;ID;FA;;;WD)
				ReadEA:	Granted by	D:(A;ID;FA;;;WD)
				ReadAttributes:	Granted by	D:(A;ID;FA;;;WD)
				
	Access Mask:		0x20089
	Privileges Used for Access Check:	-
	Restricted SID Count:	0

Event[649]:
