  Log Name: Security
  Source: Microsoft-Windows-Security-Auditing
  Date: 2013-07-11T07:39:53.362
  Event ID: 4656
  Task: File System
  Level: Information
  Opcode: Info
  Keyword: Audit Success
  User: N/A
  User Name: N/A
  Computer: META2008R2.target.tgt
  Description: 
A handle to an object was requested.

Subject:
	Security ID:		S-1-5-21-656491628-4158127674-1157389670-1355
	Account Name:		jwinters
	Account Domain:		TARGET
	Logon ID:		0x469259d

Object:
	Object Server:		Security
	Object Type:		File
	Object Name:		C:\SharedFiles\Security
	Handle ID:		0xbd0

Process Information:
	Process ID:		0x4
	Process Name:		

Access Request Information:
	Transaction ID:		{00000000-0000-0000-0000-000000000000}
	Accesses:		ReadAttributes
				
	Access Reasons:		ReadAttributes:	Granted by	D:(A;OICIID;FA;;;WD)
				
	Access Mask:		0x80
	Privileges Used for Access Check:	-
	Restricted SID Count:	0

Event[423]:
  Log Name: Security
  Source: Microsoft-Windows-Security-Auditing
  Date: 2013-07-11T07:39:53.362
  Event ID: 4663
  Task: File System
  Level: Information
  Opcode: Info
  Keyword: Audit Success
  User: N/A
  User Name: N/A
  Computer: META2008R2.target.tgt
  Description: 
An attempt was made to access an object.

Subject:
	Security ID:		S-1-5-21-656491628-4158127674-1157389670-1355
	Account Name:		jwinters
	Account Domain:		TARGET
	Logon ID:		0x469259d

Object:
	Object Server:	Security
	Object Type:	File
	Object Name:	C:\SharedFiles\Security
	Handle ID:	0xbd0

Process Information:
	Process ID:	0x4
	Process Name:	

Access Request Information:
	Accesses:	ReadAttributes
				
	Access Mask:	0x80

Event[424]:
  Log Name: Security
  Source: Microsoft-Windows-Security-Auditing
  Date: 2013-07-11T07:39:53.362
  Event ID: 4658
  Task: File System
  Level: Information
  Opcode: Info
  Keyword: Audit Success
  User: N/A
  User Name: N/A
  Computer: META2008R2.target.tgt
  Description: 
The handle to an object was closed.

Subject :
	Security ID:		S-1-5-21-656491628-4158127674-1157389670-1355
	Account Name:		jwinters
	Account Domain:		TARGET
	Logon ID:		0x469259d

Object:
	Object Server:		Security
	Handle ID:		0xbd0

Process Information:
	Process ID:		0x4
	Process Name:		

Event[425]:
  Log Name: Security
  Source: Microsoft-Windows-Security-Auditing
  Date: 2013-07-11T07:39:53.363
  Event ID: 5145
  Task: Detailed File Share
  Level: Information
  Opcode: Info
  Keyword: Audit Success
  User: N/A
  User Name: N/A
  Computer: META2008R2.target.tgt
  Description: 
A network share object was checked to see whether client can be granted desired access.
	
Subject:
	Security ID:		S-1-5-21-656491628-4158127674-1157389670-1355
	Account Name:		jwinters
	Account Domain:		TARGET
	Logon ID:		0x469259d

Network Information:	
	Object Type:		File
	Source Address:		10.12.1.135
	Source Port:		2677
	
Share Information:
	Share Name:		\\*\SharedFiles
	Share Path:		\??\C:\SharedFiles
	Relative Target Name:	Security

Access Request Information:
	Access Mask:		0x80
	Accesses:		ReadAttributes
				
Access Check Results:
	ReadAttributes:	Granted by	D:(A;OICI;FA;;;WD)
				


Event[426]:
  Log Name: Security
  Source: Microsoft-Windows-Security-Auditing
  Date: 2013-07-11T07:39:53.363
  Event ID: 4656
  Task: File System
  Level: Information
  Opcode: Info
  Keyword: Audit Success
  User: N/A
  User Name: N/A
  Computer: META2008R2.target.tgt
  Description: 
A handle to an object was requested.

Subject:
	Security ID:		S-1-5-21-656491628-4158127674-1157389670-1355
	Account Name:		jwinters
	Account Domain:		TARGET
	Logon ID:		0x469259d

Object:
	Object Server:		Security
	Object Type:		File
	Object Name:		C:\SharedFiles\Security
	Handle ID:		0xbd0

Process Information:
	Process ID:		0x4
	Process Name:		

Access Request Information:
	Transaction ID:		{00000000-0000-0000-0000-000000000000}
	Accesses:		ReadAttributes
				
	Access Reasons:		ReadAttributes:	Granted by	D:(A;OICIID;FA;;;WD)
				
	Access Mask:		0x80
	Privileges Used for Access Check:	-
	Restricted SID Count:	0

Event[427]:
  Log Name: Security
  Source: Microsoft-Windows-Security-Auditing
  Date: 2013-07-11T07:39:53.363
  Event ID: 4663
  Task: File System
  Level: Information
  Opcode: Info
  Keyword: Audit Success
  User: N/A
  User Name: N/A
  Computer: META2008R2.target.tgt
  Description: 
An attempt was made to access an object.

Subject:
	Security ID:		S-1-5-21-656491628-4158127674-1157389670-1355
	Account Name:		jwinters
	Account Domain:		TARGET
	Logon ID:		0x469259d

Object:
	Object Server:	Security
	Object Type:	File
	Object Name:	C:\SharedFiles\Security
	Handle ID:	0xbd0

Process Information:
	Process ID:	0x4
	Process Name:	

Access Request Information:
	Accesses:	ReadAttributes
				
	Access Mask:	0x80

Event[428]:
  Log Name: Security
  Source: Microsoft-Windows-Security-Auditing
  Date: 2013-07-11T07:39:53.363
  Event ID: 4658
  Task: File System
  Level: Information
  Opcode: Info
  Keyword: Audit Success
  User: N/A
  User Name: N/A
  Computer: META2008R2.target.tgt
  Description: 
The handle to an object was closed.

Subject :
	Security ID:		S-1-5-21-656491628-4158127674-1157389670-1355
	Account Name:		jwinters
	Account Domain:		TARGET
	Logon ID:		0x469259d

Object:
	Object Server:		Security
	Handle ID:		0xbd0

Process Information:
	Process ID:		0x4
	Process Name:		

Event[429]:
  Log Name: Security
  Source: Microsoft-Windows-Security-Auditing
  Date: 2013-07-11T07:39:53.363
  Event ID: 5145
  Task: Detailed File Share
  Level: Information
  Opcode: Info
  Keyword: Audit Success
  User: N/A
  User Name: N/A
  Computer: META2008R2.target.tgt
  Description: 
A network share object was checked to see whether client can be granted desired access.
	
Subject:
	Security ID:		S-1-5-21-656491628-4158127674-1157389670-1355
	Account Name:		jwinters
	Account Domain:		TARGET
	Logon ID:		0x469259d

Network Information:	
	Object Type:		File
	Source Address:		10.12.1.135
	Source Port:		2677
	
Share Information:
	Share Name:		\\*\SharedFiles
	Share Path:		\??\C:\SharedFiles
	Relative Target Name:	Security

Access Request Information:
	Access Mask:		0x80
	Accesses:		ReadAttributes
				
Access Check Results:
	ReadAttributes:	Granted by	D:(A;OICI;FA;;;WD)
				


Event[430]:
  Log Name: Security
  Source: Microsoft-Windows-Security-Auditing
  Date: 2013-07-11T07:39:53.363
  Event ID: 4656
  Task: File System
  Level: Information
  Opcode: Info
  Keyword: Audit Success
  User: N/A
  User Name: N/A
  Computer: META2008R2.target.tgt
  Description: 
A handle to an object was requested.

Subject:
	Security ID:		S-1-5-21-656491628-4158127674-1157389670-1355
	Account Name:		jwinters
	Account Domain:		TARGET
	Logon ID:		0x469259d

Object:
	Object Server:		Security
	Object Type:		File
	Object Name:		C:\SharedFiles\Security
	Handle ID:		0xbd0

Process Information:
	Process ID:		0x4
	Process Name:		

Access Request Information:
	Transaction ID:		{00000000-0000-0000-0000-000000000000}
	Accesses:		ReadAttributes
				
	Access Reasons:		ReadAttributes:	Granted by	D:(A;OICIID;FA;;;WD)
				
	Access Mask:		0x80
	Privileges Used for Access Check:	-
	Restricted SID Count:	0

Event[431]:
  Log Name: Security
  Source: Microsoft-Windows-Security-Auditing
  Date: 2013-07-11T07:39:53.363
  Event ID: 4658
  Task: File System
  Level: Information
  Opcode: Info
  Keyword: Audit Success
  User: N/A
  User Name: N/A
  Computer: META2008R2.target.tgt
  Description: 
The handle to an object was closed.

Subject :
	Security ID:		S-1-5-21-656491628-4158127674-1157389670-1355
	Account Name:		jwinters
	Account Domain:		TARGET
	Logon ID:		0x469259d

Object:
	Object Server:		Security
	Handle ID:		0xbd0

Process Information:
	Process ID:		0x4
	Process Name:		

Event[432]:
  Log Name: Security
  Source: Microsoft-Windows-Security-Auditing
  Date: 2013-07-11T07:39:53.363
  Event ID: 5145
  Task: Detailed File Share
  Level: Information
  Opcode: Info
  Keyword: Audit Success
  User: N/A
  User Name: N/A
  Computer: META2008R2.target.tgt
  Description: 
A network share object was checked to see whether client can be granted desired access.
	
Subject:
	Security ID:		S-1-5-21-656491628-4158127674-1157389670-1355
	Account Name:		jwinters
	Account Domain:		TARGET
	Logon ID:		0x469259d

Network Information:	
	Object Type:		File
	Source Address:		10.12.1.135
	Source Port:		2677
	
Share Information:
	Share Name:		\\*\SharedFiles
	Share Path:		\??\C:\SharedFiles
	Relative Target Name:	Security

Access Request Information:
	Access Mask:		0x80
	Accesses:		ReadAttributes
				
Access Check Results:
	ReadAttributes:	Granted by	D:(A;OICI;FA;;;WD)
				


Event[433]:
  Log Name: Security
  Source: Microsoft-Windows-Security-Auditing
  Date: 2013-07-11T07:39:53.363
  Event ID: 4656
  Task: File System
  Level: Information
  Opcode: Info
  Keyword: Audit Success
  User: N/A
  User Name: N/A
  Computer: META2008R2.target.tgt
  Description: 
A handle to an object was requested.

Subject:
	Security ID:		S-1-5-21-656491628-4158127674-1157389670-1355
	Account Name:		jwinters
	Account Domain:		TARGET
	Logon ID:		0x469259d

Object:
	Object Server:		Security
	Object Type:		File
	Object Name:		C:\SharedFiles\Security
	Handle ID:		0xbd0

Process Information:
	Process ID:		0x4
	Process Name:		

Access Request Information:
	Transaction ID:		{00000000-0000-0000-0000-000000000000}
	Accesses:		ReadAttributes
				
	Access Reasons:		ReadAttributes:	Granted by	D:(A;OICIID;FA;;;WD)
				
	Access Mask:		0x80
	Privileges Used for Access Check:	-
	Restricted SID Count:	0

Event[434]:
  Log Name: Security
  Source: Microsoft-Windows-Security-Auditing
  Date: 2013-07-11T07:39:53.363
  Event ID: 4658
  Task: File System
  Level: Information
  Opcode: Info
  Keyword: Audit Success
  User: N/A
  User Name: N/A
  Computer: META2008R2.target.tgt
  Description: 
The handle to an object was closed.

Subject :
	Security ID:		S-1-5-21-656491628-4158127674-1157389670-1355
	Account Name:		jwinters
	Account Domain:		TARGET
	Logon ID:		0x469259d

Object:
	Object Server:		Security
	Handle ID:		0xbd0

Process Information:
	Process ID:		0x4
	Process Name:		

Event[435]:
  Log Name: Security
  Source: Microsoft-Windows-Security-Auditing
  Date: 2013-07-11T07:39:53.365
  Event ID: 5145
  Task: Detailed File Share
  Level: Information
  Opcode: Info
  Keyword: Audit Success
  User: N/A
  User Name: N/A
  Computer: META2008R2.target.tgt
  Description: 
A network share object was checked to see whether client can be granted desired access.
	
Subject:
	Security ID:		S-1-5-21-656491628-4158127674-1157389670-1355
	Account Name:		jwinters
	Account Domain:		TARGET
	Logon ID:		0x469259d

Network Information:	
	Object Type:		File
	Source Address:		10.12.1.135
	Source Port:		2677
	
Share Information:
	Share Name:		\\*\SharedFiles
	Share Path:		\??\C:\SharedFiles
	Relative Target Name:	Security\CrackedPasswords.txt

Access Request Information:
	Access Mask:		0x20089
	Accesses:		READ_CONTROL
				ReadData (or ListDirectory)
				ReadEA
				ReadAttributes
				
Access Check Results:
	READ_CONTROL:	Granted by	D:(A;OICI;FA;;;WD)
				ReadData (or ListDirectory):	Granted by	D:(A;OICI;FA;;;WD)
				ReadEA:	Granted by	D:(A;OICI;FA;;;WD)
				ReadAttributes:	Granted by	D:(A;OICI;FA;;;WD)
				


Event[436]:
  Log Name: Security
  Source: Microsoft-Windows-Security-Auditing
  Date: 2013-07-11T07:39:53.365
  Event ID: 4656
  Task: File System
  Level: Information
  Opcode: Info
  Keyword: Audit Success
  User: N/A
  User Name: N/A
  Computer: META2008R2.target.tgt
  Description: 
A handle to an object was requested.

Subject:
	Security ID:		S-1-5-21-656491628-4158127674-1157389670-1355
	Account Name:		jwinters
	Account Domain:		TARGET
	Logon ID:		0x469259d

Object:
	Object Server:		Security
	Object Type:		File
	Object Name:		C:\SharedFiles\Security\CrackedPasswords.txt
	Handle ID:		0xbd0

Process Information:
	Process ID:		0x4
	Process Name:		

Access Request Information:
	Transaction ID:		{00000000-0000-0000-0000-000000000000}
	Accesses:		READ_CONTROL
				ReadData (or ListDirectory)
				ReadEA
				ReadAttributes
				
	Access Reasons:		READ_CONTROL:	Granted by	D:(A;ID;FA;;;WD)
				ReadData (or ListDirectory):	Granted by	D:(A;ID;FA;;;WD)
				ReadEA:	Granted by	D:(A;ID;FA;;;WD)
				ReadAttributes:	Granted by	D:(A;ID;FA;;;WD)
				
	Access Mask:		0x20089
	Privileges Used for Access Check:	-
	Restricted SID Count:	0

Event[437]:
  Log Name: Security
  Source: Microsoft-Windows-Security-Auditing
  Date: 2013-07-11T07:39:53.365
  Event ID: 4663
  Task: File System
  Level: Information
  Opcode: Info
  Keyword: Audit Success
  User: N/A
  User Name: N/A
  Computer: META2008R2.target.tgt
  Description: 
An attempt was made to access an object.

Subject:
	Security ID:		S-1-5-21-656491628-4158127674-1157389670-1355
	Account Name:		jwinters
	Account Domain:		TARGET
	Logon ID:		0x469259d

Object:
	Object Server:	Security
	Object Type:	File
	Object Name:	C:\SharedFiles\Security\CrackedPasswords.txt
	Handle ID:	0xbd0

Process Information:
	Process ID:	0x4
	Process Name:	

Access Request Information:
	Accesses:	ReadAttributes
				
	Access Mask:	0x80

Event[438]:
  Log Name: Security
  Source: Microsoft-Windows-Security-Auditing
  Date: 2013-07-11T07:39:53.366
  Event ID: 5145
  Task: Detailed File Share
  Level: Information
  Opcode: Info
  Keyword: Audit Success
  User: N/A
  User Name: N/A
  Computer: META2008R2.target.tgt
  Description: 
A network share object was checked to see whether client can be granted desired access.
	
Subject:
	Security ID:		S-1-5-21-656491628-4158127674-1157389670-1355
	Account Name:		jwinters
	Account Domain:		TARGET
	Logon ID:		0x469259d

Network Information:	
	Object Type:		File
	Source Address:		10.12.1.135
	Source Port:		2677
	
Share Information:
	Share Name:		\\*\SharedFiles
	Share Path:		\??\C:\SharedFiles
	Relative Target Name:	Security\CrackedPasswords.txt

Access Request Information:
	Access Mask:		0x20089
	Accesses:		READ_CONTROL
				ReadData (or ListDirectory)
				ReadEA
				ReadAttributes
				
Access Check Results:
	READ_CONTROL:	Granted by	D:(A;OICI;FA;;;WD)
				ReadData (or ListDirectory):	Granted by	D:(A;OICI;FA;;;WD)
				ReadEA:	Granted by	D:(A;OICI;FA;;;WD)
				ReadAttributes:	Granted by	D:(A;OICI;FA;;;WD)
				


Event[439]:
  Log Name: Security
  Source: Microsoft-Windows-Security-Auditing
  Date: 2013-07-11T07:39:53.366
  Event ID: 4656
  Task: File System
  Level: Information
  Opcode: Info
  Keyword: Audit Success
  User: N/A
  User Name: N/A
  Computer: META2008R2.target.tgt
  Description: 
A handle to an object was requested.

Subject:
	Security ID:		S-1-5-21-656491628-4158127674-1157389670-1355
	Account Name:		jwinters
	Account Domain:		TARGET
	Logon ID:		0x469259d

Object:
	Object Server:		Security
	Object Type:		File
	Object Name:		C:\SharedFiles\Security\CrackedPasswords.txt
	Handle ID:		0x31e4

Process Information:
	Process ID:		0x4
	Process Name:		

Access Request Information:
	Transaction ID:		{00000000-0000-0000-0000-000000000000}
	Accesses:		READ_CONTROL
				ReadData (or ListDirectory)
				ReadEA
				ReadAttributes
				
	Access Reasons:		READ_CONTROL:	Granted by	D:(A;ID;FA;;;WD)
				ReadData (or ListDirectory):	Granted by	D:(A;ID;FA;;;WD)
				ReadEA:	Granted by	D:(A;ID;FA;;;WD)
				ReadAttributes:	Granted by	D:(A;ID;FA;;;WD)
				
	Access Mask:		0x20089
	Privileges Used for Access Check:	-
	Restricted SID Count:	0

Event[440]:
  Log Name: Security
  Source: Microsoft-Windows-Security-Auditing
  Date: 2013-07-11T07:39:53.366
  Event ID: 4658
  Task: File System
  Level: Information
  Opcode: Info
  Keyword: Audit Success
  User: N/A
  User Name: N/A
  Computer: META2008R2.target.tgt
  Description: 
The handle to an object was closed.

Subject :
	Security ID:		S-1-5-21-656491628-4158127674-1157389670-1355
	Account Name:		jwinters
	Account Domain:		TARGET
	Logon ID:		0x469259d

Object:
	Object Server:		Security
	Handle ID:		0xbd0

Process Information:
	Process ID:		0x4
	Process Name:		

Event[441]:
  Log Name: Security
  Source: Microsoft-Windows-Security-Auditing
  Date: 2013-07-11T07:39:53.366
  Event ID: 4663
  Task: File System
  Level: Information
  Opcode: Info
  Keyword: Audit Success
  User: N/A
  User Name: N/A
  Computer: META2008R2.target.tgt
  Description: 
An attempt was made to access an object.

Subject:
	Security ID:		S-1-5-21-656491628-4158127674-1157389670-1355
	Account Name:		jwinters
	Account Domain:		TARGET
	Logon ID:		0x469259d

Object:
	Object Server:	Security
	Object Type:	File
	Object Name:	C:\SharedFiles\Security\CrackedPasswords.txt
	Handle ID:	0x31e4

Process Information:
	Process ID:	0x4
	Process Name:	

Access Request Information:
	Accesses:	ReadAttributes
				
	Access Mask:	0x80

Event[442]:
  Log Name: Security
  Source: Microsoft-Windows-Security-Auditing
  Date: 2013-07-11T07:39:53.369
  Event ID: 5145
  Task: Detailed File Share
  Level: Information
  Opcode: Info
  Keyword: Audit Success
  User: N/A
  User Name: N/A
  Computer: META2008R2.target.tgt
  Description: 
A network share object was checked to see whether client can be granted desired access.
	
Subject:
	Security ID:		S-1-5-21-656491628-4158127674-1157389670-1355
	Account Name:		jwinters
	Account Domain:		TARGET
	Logon ID:		0x469259d

Network Information:	
	Object Type:		File
	Source Address:		10.12.1.135
	Source Port:		2677
	
Share Information:
	Share Name:		\\*\SharedFiles
	Share Path:		\??\C:\SharedFiles
	Relative Target Name:	Security\MorePasswords.txt

Access Request Information:
	Access Mask:		0x20089
	Accesses:		READ_CONTROL
				ReadData (or ListDirectory)
				ReadEA
				ReadAttributes
				
Access Check Results:
	READ_CONTROL:	Granted by	D:(A;OICI;FA;;;WD)
				ReadData (or ListDirectory):	Granted by	D:(A;OICI;FA;;;WD)
				ReadEA:	Granted by	D:(A;OICI;FA;;;WD)
				ReadAttributes:	Granted by	D:(A;OICI;FA;;;WD)
				


Event[443]:
  Log Name: Security
  Source: Microsoft-Windows-Security-Auditing
  Date: 2013-07-11T07:39:53.369
  Event ID: 4656
  Task: File System
  Level: Information
  Opcode: Info
  Keyword: Audit Success
  User: N/A
  User Name: N/A
  Computer: META2008R2.target.tgt
  Description: 
A handle to an object was requested.

Subject:
	Security ID:		S-1-5-21-656491628-4158127674-1157389670-1355
	Account Name:		jwinters
	Account Domain:		TARGET
	Logon ID:		0x469259d

Object:
	Object Server:		Security
	Object Type:		File
	Object Name:		C:\SharedFiles\Security\MorePasswords.txt
	Handle ID:		0xbd0

Process Information:
	Process ID:		0x4
	Process Name:		

Access Request Information:
	Transaction ID:		{00000000-0000-0000-0000-000000000000}
	Accesses:		READ_CONTROL
				ReadData (or ListDirectory)
				ReadEA
				ReadAttributes
				
	Access Reasons:		READ_CONTROL:	Granted by	D:(A;ID;FA;;;WD)
				ReadData (or ListDirectory):	Granted by	D:(A;ID;FA;;;WD)
				ReadEA:	Granted by	D:(A;ID;FA;;;WD)
				ReadAttributes:	Granted by	D:(A;ID;FA;;;WD)
				
	Access Mask:		0x20089
	Privileges Used for Access Check:	-
	Restricted SID Count:	0

Event[444]:
  Log Name: Security
  Source: Microsoft-Windows-Security-Auditing
  Date: 2013-07-11T07:39:53.369
  Event ID: 4663
  Task: File System
  Level: Information
  Opcode: Info
  Keyword: Audit Success
  User: N/A
  User Name: N/A
  Computer: META2008R2.target.tgt
  Description: 
An attempt was made to access an object.

Subject:
	Security ID:		S-1-5-21-656491628-4158127674-1157389670-1355
	Account Name:		jwinters
	Account Domain:		TARGET
	Logon ID:		0x469259d

Object:
	Object Server:	Security
	Object Type:	File
	Object Name:	C:\SharedFiles\Security\MorePasswords.txt
	Handle ID:	0xbd0

Process Information:
	Process ID:	0x4
	Process Name:	

Access Request Information:
	Accesses:	ReadAttributes
				
	Access Mask:	0x80

Event[445]:
  Log Name: Security
  Source: Microsoft-Windows-Security-Auditing
  Date: 2013-07-11T07:39:53.370
  Event ID: 5145
  Task: Detailed File Share
  Level: Information
  Opcode: Info
  Keyword: Audit Success
  User: N/A
  User Name: N/A
  Computer: META2008R2.target.tgt
  Description: 
A network share object was checked to see whether client can be granted desired access.
	
Subject:
	Security ID:		S-1-5-21-656491628-4158127674-1157389670-1355
	Account Name:		jwinters
	Account Domain:		TARGET
	Logon ID:		0x469259d

Network Information:	
	Object Type:		File
	Source Address:		10.12.1.135
	Source Port:		2677
	
Share Information:
	Share Name:		\\*\SharedFiles
	Share Path:		\??\C:\SharedFiles
	Relative Target Name:	Security\MorePasswords.txt

Access Request Information:
	Access Mask:		0x20089
	Accesses:		READ_CONTROL
				ReadData (or ListDirectory)
				ReadEA
				ReadAttributes
				
Access Check Results:
	READ_CONTROL:	Granted by	D:(A;OICI;FA;;;WD)
				ReadData (or ListDirectory):	Granted by	D:(A;OICI;FA;;;WD)
				ReadEA:	Granted by	D:(A;OICI;FA;;;WD)
				ReadAttributes:	Granted by	D:(A;OICI;FA;;;WD)
				


Event[446]:
  Log Name: Security
  Source: Microsoft-Windows-Security-Auditing
  Date: 2013-07-11T07:39:53.370
  Event ID: 4656
  Task: File System
  Level: Information
  Opcode: Info
  Keyword: Audit Success
  User: N/A
  User Name: N/A
  Computer: META2008R2.target.tgt
  Description: 
A handle to an object was requested.

Subject:
	Security ID:		S-1-5-21-656491628-4158127674-1157389670-1355
	Account Name:		jwinters
	Account Domain:		TARGET
	Logon ID:		0x469259d

Object:
	Object Server:		Security
	Object Type:		File
	Object Name:		C:\SharedFiles\Security\MorePasswords.txt
	Handle ID:		0xe4c

Process Information:
	Process ID:		0x4
	Process Name:		

Access Request Information:
	Transaction ID:		{00000000-0000-0000-0000-000000000000}
	Accesses:		READ_CONTROL
				ReadData (or ListDirectory)
				ReadEA
				ReadAttributes
				
	Access Reasons:		READ_CONTROL:	Granted by	D:(A;ID;FA;;;WD)
				ReadData (or ListDirectory):	Granted by	D:(A;ID;FA;;;WD)
				ReadEA:	Granted by	D:(A;ID;FA;;;WD)
				ReadAttributes:	Granted by	D:(A;ID;FA;;;WD)
				
	Access Mask:		0x20089
	Privileges Used for Access Check:	-
	Restricted SID Count:	0

Event[447]:
  Log Name: Security
  Source: Microsoft-Windows-Security-Auditing
  Date: 2013-07-11T07:39:53.370
  Event ID: 4658
  Task: File System
  Level: Information
  Opcode: Info
  Keyword: Audit Success
  User: N/A
  User Name: N/A
  Computer: META2008R2.target.tgt
  Description: 
The handle to an object was closed.

Subject :
	Security ID:		S-1-5-21-656491628-4158127674-1157389670-1355
	Account Name:		jwinters
	Account Domain:		TARGET
	Logon ID:		0x469259d

Object:
	Object Server:		Security
	Handle ID:		0xbd0

Process Information:
	Process ID:		0x4
	Process Name:		

Event[448]:
  Log Name: Security
  Source: Microsoft-Windows-Security-Auditing
  Date: 2013-07-11T07:39:53.370
  Event ID: 4663
  Task: File System
  Level: Information
  Opcode: Info
  Keyword: Audit Success
  User: N/A
  User Name: N/A
  Computer: META2008R2.target.tgt
  Description: 
An attempt was made to access an object.

Subject:
	Security ID:		S-1-5-21-656491628-4158127674-1157389670-1355
	Account Name:		jwinters
	Account Domain:		TARGET
	Logon ID:		0x469259d

Object:
	Object Server:	Security
	Object Type:	File
	Object Name:	C:\SharedFiles\Security\MorePasswords.txt
	Handle ID:	0xe4c

Process Information:
	Process ID:	0x4
	Process Name:	

Access Request Information:
	Accesses:	ReadAttributes
				
	Access Mask:	0x80

Event[449]:
  Log Name: Security
  Source: Microsoft-Windows-Security-Auditing
  Date: 2013-07-11T07:39:53.373
  Event ID: 5145
  Task: Detailed File Share
  Level: Information
  Opcode: Info
  Keyword: Audit Success
  User: N/A
  User Name: N/A
  Computer: META2008R2.target.tgt
  Description: 
A network share object was checked to see whether client can be granted desired access.
	
Subject:
	Security ID:		S-1-5-21-656491628-4158127674-1157389670-1355
	Account Name:		jwinters
	Account Domain:		TARGET
	Logon ID:		0x469259d

Network Information:	
	Object Type:		File
	Source Address:		10.12.1.135
	Source Port:		2677
	
Share Information:
	Share Name:		\\*\SharedFiles
	Share Path:		\??\C:\SharedFiles
	Relative Target Name:	Security\Passwords.lst

Access Request Information:
	Access Mask:		0x20089
	Accesses:		READ_CONTROL
				ReadData (or ListDirectory)
				ReadEA
				ReadAttributes
				
Access Check Results:
	READ_CONTROL:	Granted by	D:(A;OICI;FA;;;WD)
				ReadData (or ListDirectory):	Granted by	D:(A;OICI;FA;;;WD)
				ReadEA:	Granted by	D:(A;OICI;FA;;;WD)
				ReadAttributes:	Granted by	D:(A;OICI;FA;;;WD)
				


Event[450]:
  Log Name: Security
  Source: Microsoft-Windows-Security-Auditing
  Date: 2013-07-11T07:39:53.373
  Event ID: 4656
  Task: File System
  Level: Information
  Opcode: Info
  Keyword: Audit Success
  User: N/A
  User Name: N/A
  Computer: META2008R2.target.tgt
  Description: 
A handle to an object was requested.

Subject:
	Security ID:		S-1-5-21-656491628-4158127674-1157389670-1355
	Account Name:		jwinters
	Account Domain:		TARGET
	Logon ID:		0x469259d

Object:
	Object Server:		Security
	Object Type:		File
	Object Name:		C:\SharedFiles\Security\Passwords.lst
	Handle ID:		0xbd0

Process Information:
	Process ID:		0x4
	Process Name:		

Access Request Information:
	Transaction ID:		{00000000-0000-0000-0000-000000000000}
	Accesses:		READ_CONTROL
				ReadData (or ListDirectory)
				ReadEA
				ReadAttributes
				
	Access Reasons:		READ_CONTROL:	Granted by	D:(A;ID;FA;;;WD)
				ReadData (or ListDirectory):	Granted by	D:(A;ID;FA;;;WD)
				ReadEA:	Granted by	D:(A;ID;FA;;;WD)
				ReadAttributes:	Granted by	D:(A;ID;FA;;;WD)
				
	Access Mask:		0x20089
	Privileges Used for Access Check:	-
	Restricted SID Count:	0

Event[451]:
  Log Name: Security
  Source: Microsoft-Windows-Security-Auditing
  Date: 2013-07-11T07:39:53.373
  Event ID: 4663
  Task: File System
  Level: Information
  Opcode: Info
  Keyword: Audit Success
  User: N/A
  User Name: N/A
  Computer: META2008R2.target.tgt
  Description: 
An attempt was made to access an object.

Subject:
	Security ID:		S-1-5-21-656491628-4158127674-1157389670-1355
	Account Name:		jwinters
	Account Domain:		TARGET
	Logon ID:		0x469259d

Object:
	Object Server:	Security
	Object Type:	File
	Object Name:	C:\SharedFiles\Security\Passwords.lst
	Handle ID:	0xbd0

Process Information:
	Process ID:	0x4
	Process Name:	

Access Request Information:
	Accesses:	ReadAttributes
				
	Access Mask:	0x80

Event[452]:
  Log Name: Security
  Source: Microsoft-Windows-Security-Auditing
  Date: 2013-07-11T07:39:53.374
  Event ID: 5145
  Task: Detailed File Share
  Level: Information
  Opcode: Info
  Keyword: Audit Success
  User: N/A
  User Name: N/A
  Computer: META2008R2.target.tgt
  Description: 
A network share object was checked to see whether client can be granted desired access.
	
Subject:
	Security ID:		S-1-5-21-656491628-4158127674-1157389670-1355
	Account Name:		jwinters
	Account Domain:		TARGET
	Logon ID:		0x469259d

Network Information:	
	Object Type:		File
	Source Address:		10.12.1.135
	Source Port:		2677
	
Share Information:
	Share Name:		\\*\SharedFiles
	Share Path:		\??\C:\SharedFiles
	Relative Target Name:	Security\Passwords.lst

Access Request Information:
	Access Mask:		0x20089
	Accesses:		READ_CONTROL
				ReadData (or ListDirectory)
				ReadEA
				ReadAttributes
				
Access Check Results:
	READ_CONTROL:	Granted by	D:(A;OICI;FA;;;WD)
				ReadData (or ListDirectory):	Granted by	D:(A;OICI;FA;;;WD)
				ReadEA:	Granted by	D:(A;OICI;FA;;;WD)
				ReadAttributes:	Granted by	D:(A;OICI;FA;;;WD)
				


Event[453]:
  Log Name: Security
  Source: Microsoft-Windows-Security-Auditing
  Date: 2013-07-11T07:39:53.374
  Event ID: 4656
  Task: File System
  Level: Information
  Opcode: Info
  Keyword: Audit Success
  User: N/A
  User Name: N/A
  Computer: META2008R2.target.tgt
  Description: 
A handle to an object was requested.

Subject:
	Security ID:		S-1-5-21-656491628-4158127674-1157389670-1355
	Account Name:		jwinters
	Account Domain:		TARGET
	Logon ID:		0x469259d

Object:
	Object Server:		Security
	Object Type:		File
	Object Name:		C:\SharedFiles\Security\Passwords.lst
	Handle ID:		0x3164

Process Information:
	Process ID:		0x4
	Process Name:		

Access Request Information:
	Transaction ID:		{00000000-0000-0000-0000-000000000000}
	Accesses:		READ_CONTROL
				ReadData (or ListDirectory)
				ReadEA
				ReadAttributes
				
	Access Reasons:		READ_CONTROL:	Granted by	D:(A;ID;FA;;;WD)
				ReadData (or ListDirectory):	Granted by	D:(A;ID;FA;;;WD)
				ReadEA:	Granted by	D:(A;ID;FA;;;WD)
				ReadAttributes:	Granted by	D:(A;ID;FA;;;WD)
				
	Access Mask:		0x20089
	Privileges Used for Access Check:	-
	Restricted SID Count:	0

Event[454]:
  Log Name: Security
  Source: Microsoft-Windows-Security-Auditing
  Date: 2013-07-11T07:39:53.374
  Event ID: 4658
  Task: File System
  Level: Information
  Opcode: Info
  Keyword: Audit Success
  User: N/A
  User Name: N/A
  Computer: META2008R2.target.tgt
  Description: 
The handle to an object was closed.

Subject :
	Security ID:		S-1-5-21-656491628-4158127674-1157389670-1355
	Account Name:		jwinters
	Account Domain:		TARGET
	Logon ID:		0x469259d

Object:
	Object Server:		Security
	Handle ID:		0xbd0

Process Information:
	Process ID:		0x4
	Process Name:		

Event[455]:
  Log Name: Security
  Source: Microsoft-Windows-Security-Auditing
  Date: 2013-07-11T07:39:53.374
  Event ID: 4663
  Task: File System
  Level: Information
  Opcode: Info
  Keyword: Audit Success
  User: N/A
  User Name: N/A
  Computer: META2008R2.target.tgt
  Description: 
An attempt was made to access an object.

Subject:
	Security ID:		S-1-5-21-656491628-4158127674-1157389670-1355
	Account Name:		jwinters
	Account Domain:		TARGET
	Logon ID:		0x469259d

Object:
	Object Server:	Security
	Object Type:	File
	Object Name:	C:\SharedFiles\Security\Passwords.lst
	Handle ID:	0x3164

Process Information:
	Process ID:	0x4
	Process Name:	

Access Request Information:
	Accesses:	ReadAttributes
				
	Access Mask:	0x80

Event[456]:
  Log Name: Security
  Source: Microsoft-Windows-Security-Auditing
  Date: 2013-07-11T07:39:53.376
  Event ID: 5145
  Task: Detailed File Share
  Level: Information
  Opcode: Info
  Keyword: Audit Success
  User: N/A
  User Name: N/A
  Computer: META2008R2.target.tgt
  Description: 
A network share object was checked to see whether client can be granted desired access.
	
Subject:
	Security ID:		S-1-5-21-656491628-4158127674-1157389670-1355
	Account Name:		jwinters
	Account Domain:		TARGET
	Logon ID:		0x469259d

Network Information:	
	Object Type:		File
	Source Address:		10.12.1.135
	Source Port:		2677
	
Share Information:
	Share Name:		\\*\SharedFiles
	Share Path:		\??\C:\SharedFiles
	Relative Target Name:	Soup

Access Request Information:
	Access Mask:		0x80
	Accesses:		ReadAttributes
				
Access Check Results:
	ReadAttributes:	Granted by	D:(A;OICI;FA;;;WD)
				


Event[457]:
  Log Name: Security
  Source: Microsoft-Windows-Security-Auditing
  Date: 2013-07-11T07:39:53.376
  Event ID: 4656
  Task: File System
  Level: Information
  Opcode: Info
  Keyword: Audit Success
  User: N/A
  User Name: N/A
  Computer: META2008R2.target.tgt
  Description: 
A handle to an object was requested.

Subject:
	Security ID:		S-1-5-21-656491628-4158127674-1157389670-1355
	Account Name:		jwinters
	Account Domain:		TARGET
	Logon ID:		0x469259d

Object:
	Object Server:		Security
	Object Type:		File
	Object Name:		C:\SharedFiles\Soup
	Handle ID:		0xbd0

Process Information:
	Process ID:		0x4
	Process Name:		

Access Request Information:
	Transaction ID:		{00000000-0000-0000-0000-000000000000}
	Accesses:		ReadAttributes
				
	Access Reasons:		ReadAttributes:	Granted by	D:(A;OICIID;FA;;;WD)
				
	Access Mask:		0x80
	Privileges Used for Access Check:	-
	Restricted SID Count:	0

Event[458]:
  Log Name: Security
  Source: Microsoft-Windows-Security-Auditing
  Date: 2013-07-11T07:39:53.376
  Event ID: 4663
  Task: File System
  Level: Information
  Opcode: Info
  Keyword: Audit Success
  User: N/A
  User Name: N/A
  Computer: META2008R2.target.tgt
  Description: 
An attempt was made to access an object.

Subject:
	Security ID:		S-1-5-21-656491628-4158127674-1157389670-1355
	Account Name:		jwinters
	Account Domain:		TARGET
	Logon ID:		0x469259d

Object:
	Object Server:	Security
	Object Type:	File
	Object Name:	C:\SharedFiles\Soup
	Handle ID:	0xbd0

Process Information:
	Process ID:	0x4
	Process Name:	

Access Request Information:
	Accesses:	ReadAttributes
				
	Access Mask:	0x80

Event[459]:
  Log Name: Security
  Source: Microsoft-Windows-Security-Auditing
  Date: 2013-07-11T07:39:53.376
  Event ID: 4658
  Task: File System
  Level: Information
  Opcode: Info
  Keyword: Audit Success
  User: N/A
  User Name: N/A
  Computer: META2008R2.target.tgt
  Description: 
The handle to an object was closed.

Subject :
	Security ID:		S-1-5-21-656491628-4158127674-1157389670-1355
	Account Name:		jwinters
	Account Domain:		TARGET
	Logon ID:		0x469259d

Object:
	Object Server:		Security
	Handle ID:		0xbd0

Process Information:
	Process ID:		0x4
	Process Name:		

Event[460]:
  Log Name: Security
  Source: Microsoft-Windows-Security-Auditing
  Date: 2013-07-11T07:39:53.377
  Event ID: 5145
  Task: Detailed File Share
  Level: Information
  Opcode: Info
  Keyword: Audit Success
  User: N/A
  User Name: N/A
  Computer: META2008R2.target.tgt
  Description: 
A network share object was checked to see whether client can be granted desired access.
	
Subject:
	Security ID:		S-1-5-21-656491628-4158127674-1157389670-1355
	Account Name:		jwinters
	Account Domain:		TARGET
	Logon ID:		0x469259d

Network Information:	
	Object Type:		File
	Source Address:		10.12.1.135
	Source Port:		2677
	
Share Information:
	Share Name:		\\*\SharedFiles
	Share Path:		\??\C:\SharedFiles
	Relative Target Name:	Soup

Access Request Information:
	Access Mask:		0x80
	Accesses:		ReadAttributes
				
Access Check Results:
	ReadAttributes:	Granted by	D:(A;OICI;FA;;;WD)
				


Event[461]:
  Log Name: Security
  Source: Microsoft-Windows-Security-Auditing
  Date: 2013-07-11T07:39:53.377
  Event ID: 4656
  Task: File System
  Level: Information
  Opcode: Info
  Keyword: Audit Success
  User: N/A
  User Name: N/A
  Computer: META2008R2.target.tgt
  Description: 
A handle to an object was requested.

Subject:
	Security ID:		S-1-5-21-656491628-4158127674-1157389670-1355
	Account Name:		jwinters
	Account Domain:		TARGET
	Logon ID:		0x469259d

Object:
	Object Server:		Security
	Object Type:		File
	Object Name:		C:\SharedFiles\Soup
	Handle ID:		0xbd0

Process Information:
	Process ID:		0x4
	Process Name:		

Access Request Information:
	Transaction ID:		{00000000-0000-0000-0000-000000000000}
	Accesses:		ReadAttributes
				
	Access Reasons:		ReadAttributes:	Granted by	D:(A;OICIID;FA;;;WD)
				
	Access Mask:		0x80
	Privileges Used for Access Check:	-
	Restricted SID Count:	0

Event[462]:
  Log Name: Security
  Source: Microsoft-Windows-Security-Auditing
  Date: 2013-07-11T07:39:53.377
  Event ID: 4663
  Task: File System
  Level: Information
  Opcode: Info
  Keyword: Audit Success
  User: N/A
  User Name: N/A
  Computer: META2008R2.target.tgt
  Description: 
An attempt was made to access an object.

Subject:
	Security ID:		S-1-5-21-656491628-4158127674-1157389670-1355
	Account Name:		jwinters
	Account Domain:		TARGET
	Logon ID:		0x469259d

Object:
	Object Server:	Security
	Object Type:	File
	Object Name:	C:\SharedFiles\Soup
	Handle ID:	0xbd0

Process Information:
	Process ID:	0x4
	Process Name:	

Access Request Information:
	Accesses:	ReadAttributes
				
	Access Mask:	0x80

Event[463]:
  Log Name: Security
  Source: Microsoft-Windows-Security-Auditing
  Date: 2013-07-11T07:39:53.377
  Event ID: 4658
  Task: File System
  Level: Information
  Opcode: Info
  Keyword: Audit Success
  User: N/A
  User Name: N/A
  Computer: META2008R2.target.tgt
  Description: 
The handle to an object was closed.

Subject :
	Security ID:		S-1-5-21-656491628-4158127674-1157389670-1355
	Account Name:		jwinters
	Account Domain:		TARGET
	Logon ID:		0x469259d

Object:
	Object Server:		Security
	Handle ID:		0xbd0

Process Information:
	Process ID:		0x4
	Process Name:		

Event[464]:
  Log Name: Security
  Source: Microsoft-Windows-Security-Auditing
  Date: 2013-07-11T07:39:53.377
  Event ID: 5145
  Task: Detailed File Share
  Level: Information
  Opcode: Info
  Keyword: Audit Success
  User: N/A
  User Name: N/A
  Computer: META2008R2.target.tgt
  Description: 
A network share object was checked to see whether client can be granted desired access.
	
Subject:
	Security ID:		S-1-5-21-656491628-4158127674-1157389670-1355
	Account Name:		jwinters
	Account Domain:		TARGET
	Logon ID:		0x469259d

Network Information:	
	Object Type:		File
	Source Address:		10.12.1.135
	Source Port:		2677
	
Share Information:
	Share Name:		\\*\SharedFiles
	Share Path:		\??\C:\SharedFiles
	Relative Target Name:	Soup

Access Request Information:
	Access Mask:		0x80
	Accesses:		ReadAttributes
				
Access Check Results:
	ReadAttributes:	Granted by	D:(A;OICI;FA;;;WD)
				


Event[465]:
  Log Name: Security
  Source: Microsoft-Windows-Security-Auditing
  Date: 2013-07-11T07:39:53.377
  Event ID: 4656
  Task: File System
  Level: Information
  Opcode: Info
  Keyword: Audit Success
  User: N/A
  User Name: N/A
  Computer: META2008R2.target.tgt
  Description: 
A handle to an object was requested.

Subject:
	Security ID:		S-1-5-21-656491628-4158127674-1157389670-1355
	Account Name:		jwinters
	Account Domain:		TARGET
	Logon ID:		0x469259d

Object:
	Object Server:		Security
	Object Type:		File
	Object Name:		C:\SharedFiles\Soup
	Handle ID:		0xbd0

Process Information:
	Process ID:		0x4
	Process Name:		

Access Request Information:
	Transaction ID:		{00000000-0000-0000-0000-000000000000}
	Accesses:		ReadAttributes
				
	Access Reasons:		ReadAttributes:	Granted by	D:(A;OICIID;FA;;;WD)
				
	Access Mask:		0x80
	Privileges Used for Access Check:	-
	Restricted SID Count:	0

Event[466]:
  Log Name: Security
  Source: Microsoft-Windows-Security-Auditing
  Date: 2013-07-11T07:39:53.377
  Event ID: 4658
  Task: File System
  Level: Information
  Opcode: Info
  Keyword: Audit Success
  User: N/A
  User Name: N/A
  Computer: META2008R2.target.tgt
  Description: 
The handle to an object was closed.

Subject :
	Security ID:		S-1-5-21-656491628-4158127674-1157389670-1355
	Account Name:		jwinters
	Account Domain:		TARGET
	Logon ID:		0x469259d

Object:
	Object Server:		Security
	Handle ID:		0xbd0

Process Information:
	Process ID:		0x4
	Process Name:		

Event[467]:
  Log Name: Security
  Source: Microsoft-Windows-Security-Auditing
  Date: 2013-07-11T07:39:53.378
  Event ID: 5145
  Task: Detailed File Share
  Level: Information
  Opcode: Info
  Keyword: Audit Success
  User: N/A
  User Name: N/A
  Computer: META2008R2.target.tgt
  Description: 
A network share object was checked to see whether client can be granted desired access.
	
Subject:
	Security ID:		S-1-5-21-656491628-4158127674-1157389670-1355
	Account Name:		jwinters
	Account Domain:		TARGET
	Logon ID:		0x469259d

Network Information:	
	Object Type:		File
	Source Address:		10.12.1.135
	Source Port:		2677
	
Share Information:
	Share Name:		\\*\SharedFiles
	Share Path:		\??\C:\SharedFiles
	Relative Target Name:	Soup

Access Request Information:
	Access Mask:		0x80
	Accesses:		ReadAttributes
				
Access Check Results:
	ReadAttributes:	Granted by	D:(A;OICI;FA;;;WD)
				


Event[468]:
  Log Name: Security
  Source: Microsoft-Windows-Security-Auditing
  Date: 2013-07-11T07:39:53.378
  Event ID: 4656
  Task: File System
  Level: Information
  Opcode: Info
  Keyword: Audit Success
  User: N/A
  User Name: N/A
  Computer: META2008R2.target.tgt
  Description: 
A handle to an object was requested.

Subject:
	Security ID:		S-1-5-21-656491628-4158127674-1157389670-1355
	Account Name:		jwinters
	Account Domain:		TARGET
	Logon ID:		0x469259d

Object:
	Object Server:		Security
	Object Type:		File
	Object Name:		C:\SharedFiles\Soup
	Handle ID:		0xbd0

Process Information:
	Process ID:		0x4
	Process Name:		

Access Request Information:
	Transaction ID:		{00000000-0000-0000-0000-000000000000}
	Accesses:		ReadAttributes
				
	Access Reasons:		ReadAttributes:	Granted by	D:(A;OICIID;FA;;;WD)
				
	Access Mask:		0x80
	Privileges Used for Access Check:	-
	Restricted SID Count:	0

Event[469]:
  Log Name: Security
  Source: Microsoft-Windows-Security-Auditing
  Date: 2013-07-11T07:39:53.378
  Event ID: 4658
  Task: File System
  Level: Information
  Opcode: Info
  Keyword: Audit Success
  User: N/A
  User Name: N/A
  Computer: META2008R2.target.tgt
  Description: 
The handle to an object was closed.

Subject :
	Security ID:		S-1-5-21-656491628-4158127674-1157389670-1355
	Account Name:		jwinters
	Account Domain:		TARGET
	Logon ID:		0x469259d

Object:
	Object Server:		Security
	Handle ID:		0xbd0

Process Information:
	Process ID:		0x4
	Process Name:		

Event[470]:
  Log Name: Security
  Source: Microsoft-Windows-Security-Auditing
  Date: 2013-07-11T07:39:53.379
  Event ID: 5145
  Task: Detailed File Share
  Level: Information
  Opcode: Info
  Keyword: Audit Success
  User: N/A
  User Name: N/A
  Computer: META2008R2.target.tgt
  Description: 
A network share object was checked to see whether client can be granted desired access.
	
Subject:
	Security ID:		S-1-5-21-656491628-4158127674-1157389670-1355
	Account Name:		jwinters
	Account Domain:		TARGET
	Logon ID:		0x469259d

Network Information:	
	Object Type:		File
	Source Address:		10.12.1.135
	Source Port:		2677
	
Share Information:
	Share Name:		\\*\SharedFiles
	Share Path:		\??\C:\SharedFiles
	Relative Target Name:	Soup\Clam.txt

Access Request Information:
	Access Mask:		0x20089
	Accesses:		READ_CONTROL
				ReadData (or ListDirectory)
				ReadEA
				ReadAttributes
				
Access Check Results:
	READ_CONTROL:	Granted by	D:(A;OICI;FA;;;WD)
				ReadData (or ListDirectory):	Granted by	D:(A;OICI;FA;;;WD)
				ReadEA:	Granted by	D:(A;OICI;FA;;;WD)
				ReadAttributes:	Granted by	D:(A;OICI;FA;;;WD)
				


Event[471]:
  Log Name: Security
  Source: Microsoft-Windows-Security-Auditing
  Date: 2013-07-11T07:39:53.379
  Event ID: 4656
  Task: File System
  Level: Information
  Opcode: Info
  Keyword: Audit Success
  User: N/A
  User Name: N/A
  Computer: META2008R2.target.tgt
  Description: 
A handle to an object was requested.

Subject:
	Security ID:		S-1-5-21-656491628-4158127674-1157389670-1355
	Account Name:		jwinters
	Account Domain:		TARGET
	Logon ID:		0x469259d

Object:
	Object Server:		Security
	Object Type:		File
	Object Name:		C:\SharedFiles\Soup\Clam.txt
	Handle ID:		0xbd0

Process Information:
	Process ID:		0x4
	Process Name:		

Access Request Information:
	Transaction ID:		{00000000-0000-0000-0000-000000000000}
	Accesses:		READ_CONTROL
				ReadData (or ListDirectory)
				ReadEA
				ReadAttributes
				
	Access Reasons:		READ_CONTROL:	Granted by	D:(A;ID;FA;;;WD)
				ReadData (or ListDirectory):	Granted by	D:(A;ID;FA;;;WD)
				ReadEA:	Granted by	D:(A;ID;FA;;;WD)
				ReadAttributes:	Granted by	D:(A;ID;FA;;;WD)
				
	Access Mask:		0x20089
	Privileges Used for Access Check:	-
	Restricted SID Count:	0

Event[472]:
  Log Name: Security
  Source: Microsoft-Windows-Security-Auditing
  Date: 2013-07-11T07:39:53.379
  Event ID: 4663
  Task: File System
  Level: Information
  Opcode: Info
  Keyword: Audit Success
  User: N/A
  User Name: N/A
  Computer: META2008R2.target.tgt
  Description: 
An attempt was made to access an object.

Subject:
	Security ID:		S-1-5-21-656491628-4158127674-1157389670-1355
	Account Name:		jwinters
	Account Domain:		TARGET
	Logon ID:		0x469259d

Object:
	Object Server:	Security
	Object Type:	File
	Object Name:	C:\SharedFiles\Soup\Clam.txt
	Handle ID:	0xbd0

Process Information:
	Process ID:	0x4
	Process Name:	

Access Request Information:
	Accesses:	ReadAttributes
				
	Access Mask:	0x80

Event[473]:
  Log Name: Security
  Source: Microsoft-Windows-Security-Auditing
  Date: 2013-07-11T07:39:53.380
  Event ID: 5145
  Task: Detailed File Share
  Level: Information
  Opcode: Info
  Keyword: Audit Success
  User: N/A
  User Name: N/A
  Computer: META2008R2.target.tgt
  Description: 
A network share object was checked to see whether client can be granted desired access.
	
Subject:
	Security ID:		S-1-5-21-656491628-4158127674-1157389670-1355
	Account Name:		jwinters
	Account Domain:		TARGET
	Logon ID:		0x469259d

Network Information:	
	Object Type:		File
	Source Address:		10.12.1.135
	Source Port:		2677
	
Share Information:
	Share Name:		\\*\SharedFiles
	Share Path:		\??\C:\SharedFiles
	Relative Target Name:	Soup\Clam.txt

Access Request Information:
	Access Mask:		0x20089
	Accesses:		READ_CONTROL
				ReadData (or ListDirectory)
				ReadEA
				ReadAttributes
				
Access Check Results:
	READ_CONTROL:	Granted by	D:(A;OICI;FA;;;WD)
				ReadData (or ListDirectory):	Granted by	D:(A;OICI;FA;;;WD)
				ReadEA:	Granted by	D:(A;OICI;FA;;;WD)
				ReadAttributes:	Granted by	D:(A;OICI;FA;;;WD)
				


Event[474]:
  Log Name: Security
  Source: Microsoft-Windows-Security-Auditing
  Date: 2013-07-11T07:39:53.380
  Event ID: 4656
  Task: File System
  Level: Information
  Opcode: Info
  Keyword: Audit Success
  User: N/A
  User Name: N/A
  Computer: META2008R2.target.tgt
  Description: 
A handle to an object was requested.

Subject:
	Security ID:		S-1-5-21-656491628-4158127674-1157389670-1355
	Account Name:		jwinters
	Account Domain:		TARGET
	Logon ID:		0x469259d

Object:
	Object Server:		Security
	Object Type:		File
	Object Name:		C:\SharedFiles\Soup\Clam.txt
	Handle ID:		0x3624

Process Information:
	Process ID:		0x4
	Process Name:		

Access Request Information:
	Transaction ID:		{00000000-0000-0000-0000-000000000000}
	Accesses:		READ_CONTROL
				ReadData (or ListDirectory)
				ReadEA
				ReadAttributes
				
	Access Reasons:		READ_CONTROL:	Granted by	D:(A;ID;FA;;;WD)
				ReadData (or ListDirectory):	Granted by	D:(A;ID;FA;;;WD)
				ReadEA:	Granted by	D:(A;ID;FA;;;WD)
				ReadAttributes:	Granted by	D:(A;ID;FA;;;WD)
				
	Access Mask:		0x20089
	Privileges Used for Access Check:	-
	Restricted SID Count:	0

Event[475]:
  Log Name: Security
  Source: Microsoft-Windows-Security-Auditing
  Date: 2013-07-11T07:39:53.380
  Event ID: 4658
  Task: File System
  Level: Information
  Opcode: Info
  Keyword: Audit Success
  User: N/A
  User Name: N/A
  Computer: META2008R2.target.tgt
  Description: 
The handle to an object was closed.

Subject :
	Security ID:		S-1-5-21-656491628-4158127674-1157389670-1355
	Account Name:		jwinters
	Account Domain:		TARGET
	Logon ID:		0x469259d

Object:
	Object Server:		Security
	Handle ID:		0xbd0

Process Information:
	Process ID:		0x4
	Process Name:		

Event[476]:
  Log Name: Security
  Source: Microsoft-Windows-Security-Auditing
  Date: 2013-07-11T07:39:53.380
  Event ID: 4663
  Task: File System
  Level: Information
  Opcode: Info
  Keyword: Audit Success
  User: N/A
  User Name: N/A
  Computer: META2008R2.target.tgt
  Description: 
An attempt was made to access an object.

Subject:
	Security ID:		S-1-5-21-656491628-4158127674-1157389670-1355
	Account Name:		jwinters
	Account Domain:		TARGET
	Logon ID:		0x469259d

Object:
	Object Server:	Security
	Object Type:	File
	Object Name:	C:\SharedFiles\Soup\Clam.txt
	Handle ID:	0x3624

Process Information:
	Process ID:	0x4
	Process Name:	

Access Request Information:
	Accesses:	ReadAttributes
				
	Access Mask:	0x80

Event[477]:
  Log Name: Security
  Source: Microsoft-Windows-Security-Auditing
  Date: 2013-07-11T07:39:53.383
  Event ID: 5145
  Task: Detailed File Share
  Level: Information
  Opcode: Info
  Keyword: Audit Success
  User: N/A
  User Name: N/A
  Computer: META2008R2.target.tgt
  Description: 
A network share object was checked to see whether client can be granted desired access.
	
Subject:
	Security ID:		S-1-5-21-656491628-4158127674-1157389670-1355
	Account Name:		jwinters
	Account Domain:		TARGET
	Logon ID:		0x469259d

Network Information:	
	Object Type:		File
	Source Address:		10.12.1.135
	Source Port:		2677
	
Share Information:
	Share Name:		\\*\SharedFiles
	Share Path:		\??\C:\SharedFiles
	Relative Target Name:	Soup\Potato.doc

Access Request Information:
	Access Mask:		0x20089
	Accesses:		READ_CONTROL
				ReadData (or ListDirectory)
				ReadEA
				ReadAttributes
				
Access Check Results:
	READ_CONTROL:	Granted by	D:(A;OICI;FA;;;WD)
				ReadData (or ListDirectory):	Granted by	D:(A;OICI;FA;;;WD)
				ReadEA:	Granted by	D:(A;OICI;FA;;;WD)
				ReadAttributes:	Granted by	D:(A;OICI;FA;;;WD)
				


Event[478]:
  Log Name: Security
  Source: Microsoft-Windows-Security-Auditing
  Date: 2013-07-11T07:39:53.383
  Event ID: 4656
  Task: File System
  Level: Information
  Opcode: Info
  Keyword: Audit Success
  User: N/A
  User Name: N/A
  Computer: META2008R2.target.tgt
  Description: 
A handle to an object was requested.

Subject:
	Security ID:		S-1-5-21-656491628-4158127674-1157389670-1355
	Account Name:		jwinters
	Account Domain:		TARGET
	Logon ID:		0x469259d

Object:
	Object Server:		Security
	Object Type:		File
	Object Name:		C:\SharedFiles\Soup\Potato.doc
	Handle ID:		0xbd0

Process Information:
	Process ID:		0x4
	Process Name:		

Access Request Information:
	Transaction ID:		{00000000-0000-0000-0000-000000000000}
	Accesses:		READ_CONTROL
				ReadData (or ListDirectory)
				ReadEA
				ReadAttributes
				
	Access Reasons:		READ_CONTROL:	Granted by	D:(A;ID;FA;;;WD)
				ReadData (or ListDirectory):	Granted by	D:(A;ID;FA;;;WD)
				ReadEA:	Granted by	D:(A;ID;FA;;;WD)
				ReadAttributes:	Granted by	D:(A;ID;FA;;;WD)
				
	Access Mask:		0x20089
	Privileges Used for Access Check:	-
	Restricted SID Count:	0

Event[479]:
